#
# There is insufficient memory for the Java Runtime Environment to continue.
# Native memory allocation (malloc) failed to allocate 1536496 bytes for Chunk::new
# Possible reasons:
#   The system is out of physical RAM or swap space
#   The process is running with CompressedOops enabled, and the Java Heap may be blocking the growth of the native heap
# Possible solutions:
#   Reduce memory load on the system
#   Increase physical memory or swap space
#   Check if swap backing store is full
#   Decrease Java heap size (-Xmx/-Xms)
#   Decrease number of Java threads
#   Decrease Java thread stack sizes (-Xss)
#   Set larger code cache with -XX:ReservedCodeCacheSize=
#   JVM is running with Unscaled Compressed Oops mode in which the Java heap is
#     placed in the first 4GB address space. The Java Heap base address is the
#     maximum limit for the native heap growth. Please use -XX:HeapBaseMinAddress
#     to set the Java Heap base and to place the Java Heap above 4GB virtual address.
# This output file may be truncated or incomplete.
#
#  Out of Memory Error (./src/hotspot/share/memory/arena.cpp:197), pid=22328, tid=27340
#
# JRE version: OpenJDK Runtime Environment (11.0.13) (build 11.0.13+0-b1751.21-8125866)
# Java VM: OpenJDK 64-Bit Server VM (11.0.13+0-b1751.21-8125866, mixed mode, tiered, compressed oops, g1 gc, windows-amd64)
# No core dump will be written. Minidumps are not enabled by default on client versions of Windows
#

---------------  S U M M A R Y ------------

Command Line: --add-opens=java.base/java.util=ALL-UNNAMED --add-opens=java.base/java.lang=ALL-UNNAMED --add-opens=java.base/java.lang.invoke=ALL-UNNAMED --add-opens=java.base/java.util=ALL-UNNAMED --add-opens=java.prefs/java.util.prefs=ALL-UNNAMED --add-opens=java.prefs/java.util.prefs=ALL-UNNAMED --add-opens=java.base/java.nio.charset=ALL-UNNAMED --add-opens=java.base/java.net=ALL-UNNAMED --add-opens=java.base/java.util.concurrent.atomic=ALL-UNNAMED -Xmx2048m -Dfile.encoding=UTF-8 -Duser.country=GB -Duser.language=en -Duser.variant org.gradle.launcher.daemon.bootstrap.GradleDaemon 7.4

Host: AMD Ryzen 7 3700U with Radeon Vega Mobile Gfx  , 8 cores, 5G,  Windows 11 , 64 bit Build 22621 (10.0.22621.1194)
Time: Thu Feb 23 16:54:53 2023 W. Europe Standard Time elapsed time: 25.106751 seconds (0d 0h 0m 25s)

---------------  T H R E A D  ---------------

Current thread (0x00000269b8588000):  JavaThread "C2 CompilerThread0" daemon [_thread_in_native, id=27340, stack(0x000000fa87000000,0x000000fa87100000)]


Current CompileTask:
C2:  25106 6889 %     4       org.gradle.internal.instantiation.generator.AbstractClassGenerator::inspectType @ 163 (560 bytes)

Stack: [0x000000fa87000000,0x000000fa87100000]
Native frames: (J=compiled Java code, j=interpreted, Vv=VM code, C=native code)
V  [jvm.dll+0x6100fa]
V  [jvm.dll+0x747090]
V  [jvm.dll+0x7486ad]
V  [jvm.dll+0x748d83]
V  [jvm.dll+0x24ab48]
V  [jvm.dll+0xc04dc]
V  [jvm.dll+0xc0a0c]
V  [jvm.dll+0x35eb5b]
V  [jvm.dll+0x32b833]
V  [jvm.dll+0x32ad2a]
V  [jvm.dll+0x2032b2]
V  [jvm.dll+0x202437]
V  [jvm.dll+0x188e01]
V  [jvm.dll+0x21106b]
V  [jvm.dll+0x20f8c1]
V  [jvm.dll+0x70de0f]
V  [jvm.dll+0x706a75]
V  [jvm.dll+0x60ed66]
C  [ucrtbase.dll+0x29363]
C  [KERNEL32.DLL+0x126bd]
C  [ntdll.dll+0x5dfb8]


---------------  P R O C E S S  ---------------

Threads class SMR info:
_java_thread_list=0x00000269c0303da0, length=122, elements={
0x000002699d857800, 0x00000269b7d21000, 0x00000269b7d1b800, 0x00000269b857e800,
0x00000269b857f800, 0x00000269b8582800, 0x00000269b8588000, 0x00000269b858e800,
0x00000269b8597800, 0x00000269b8700800, 0x00000269b9ce4000, 0x00000269b9ad3000,
0x00000269ba68b000, 0x00000269b8734000, 0x00000269b9552800, 0x00000269ba782800,
0x00000269ba12f800, 0x00000269b9c60000, 0x00000269ba7a9800, 0x00000269b9a82000,
0x00000269ba816800, 0x00000269ba813800, 0x00000269ba816000, 0x00000269ba818800,
0x00000269ba815000, 0x00000269ba814000, 0x00000269ba812800, 0x00000269ba817800,
0x00000269ba819000, 0x00000269bca67000, 0x00000269bca6b000, 0x00000269bca66000,
0x00000269bca6a000, 0x00000269bca67800, 0x00000269bca65800, 0x00000269bca6e000,
0x00000269bca68800, 0x00000269bca6f000, 0x00000269bca6c000, 0x00000269bca70000,
0x00000269bca70800, 0x00000269bca71800, 0x00000269bca72800, 0x00000269bca6c800,
0x00000269bca73000, 0x00000269bca74000, 0x00000269b9556800, 0x00000269b9559000,
0x00000269b955c000, 0x00000269b9558000, 0x00000269b955a000, 0x00000269b955a800,
0x00000269b955b800, 0x00000269b955d000, 0x00000269b9557800, 0x00000269b9562800,
0x00000269b9563800, 0x00000269b955e000, 0x00000269b9560800, 0x00000269b9564800,
0x00000269b955e800, 0x00000269b9565000, 0x00000269b955f800, 0x00000269b9561000,
0x00000269b9562000, 0x00000269b88c3000, 0x00000269b88c3800, 0x00000269b88bf800,
0x00000269b88c2000, 0x00000269b88be000, 0x00000269b88c1800, 0x00000269b88c4800,
0x00000269b88bf000, 0x00000269b88c5800, 0x00000269b88c6000, 0x00000269b88c0800,
0x00000269b88c8800, 0x00000269b88c7000, 0x00000269b88c8000, 0x00000269b88c9800,
0x00000269b88ca800, 0x00000269b88cb000, 0x00000269b88cc000, 0x00000269b88cc800,
0x00000269bac0b800, 0x00000269bac0c000, 0x00000269bac0d800, 0x00000269bac09800,
0x00000269bac08000, 0x00000269bac0e800, 0x00000269bac0d000, 0x00000269bac09000,
0x00000269bac10000, 0x00000269bac0f800, 0x00000269bac0a800, 0x00000269bac12800,
0x00000269bac16000, 0x00000269bac13800, 0x00000269bac11000, 0x00000269bac14800,
0x00000269bac15000, 0x00000269bac16800, 0x00000269bac12000, 0x00000269bc907800,
0x00000269bc908800, 0x00000269bc909000, 0x00000269bc90a000, 0x00000269bc904800,
0x00000269bc90b000, 0x00000269bc905000, 0x00000269bc906800, 0x00000269bc90b800,
0x00000269bc906000, 0x00000269bc911800, 0x00000269bc912000, 0x00000269bc90d800,
0x00000269bc90c800, 0x00000269bc90e000, 0x00000269bc90f000, 0x00000269bc90f800,
0x00000269bc910800, 0x00000269bc913000
}

Java Threads: ( => current thread )
  0x000002699d857800 JavaThread "main" [_thread_blocked, id=27260, stack(0x000000fa86400000,0x000000fa86500000)]
  0x00000269b7d21000 JavaThread "Reference Handler" daemon [_thread_blocked, id=27860, stack(0x000000fa86b00000,0x000000fa86c00000)]
  0x00000269b7d1b800 JavaThread "Finalizer" daemon [_thread_blocked, id=27316, stack(0x000000fa86c00000,0x000000fa86d00000)]
  0x00000269b857e800 JavaThread "Signal Dispatcher" daemon [_thread_blocked, id=27308, stack(0x000000fa86d00000,0x000000fa86e00000)]
  0x00000269b857f800 JavaThread "Attach Listener" daemon [_thread_blocked, id=27412, stack(0x000000fa86e00000,0x000000fa86f00000)]
  0x00000269b8582800 JavaThread "Service Thread" daemon [_thread_blocked, id=27324, stack(0x000000fa86f00000,0x000000fa87000000)]
=>0x00000269b8588000 JavaThread "C2 CompilerThread0" daemon [_thread_in_native, id=27340, stack(0x000000fa87000000,0x000000fa87100000)]
  0x00000269b858e800 JavaThread "C1 CompilerThread0" daemon [_thread_in_native, id=27360, stack(0x000000fa87100000,0x000000fa87200000)]
  0x00000269b8597800 JavaThread "Sweeper thread" daemon [_thread_blocked, id=27464, stack(0x000000fa87200000,0x000000fa87300000)]
  0x00000269b8700800 JavaThread "Common-Cleaner" daemon [_thread_blocked, id=27524, stack(0x000000fa87300000,0x000000fa87400000)]
  0x00000269b9ce4000 JavaThread "Daemon health stats" [_thread_blocked, id=27488, stack(0x000000fa87600000,0x000000fa87700000)]
  0x00000269b9ad3000 JavaThread "Incoming local TCP Connector on port 53603" [_thread_in_native, id=27548, stack(0x000000fa87900000,0x000000fa87a00000)]
  0x00000269ba68b000 JavaThread "Daemon periodic checks" [_thread_blocked, id=27552, stack(0x000000fa87a00000,0x000000fa87b00000)]
  0x00000269b8734000 JavaThread "Daemon" [_thread_blocked, id=27560, stack(0x000000fa87b00000,0x000000fa87c00000)]
  0x00000269b9552800 JavaThread "Handler for socket connection from /127.0.0.1:53603 to /127.0.0.1:53604" [_thread_in_native, id=27564, stack(0x000000fa87c00000,0x000000fa87d00000)]
  0x00000269ba782800 JavaThread "Cancel handler" [_thread_blocked, id=27568, stack(0x000000fa87d00000,0x000000fa87e00000)]
  0x00000269ba12f800 JavaThread "Daemon worker" [_thread_in_vm, id=27572, stack(0x000000fa87e00000,0x000000fa87f00000)]
  0x00000269b9c60000 JavaThread "Asynchronous log dispatcher for DefaultDaemonConnection: socket connection from /127.0.0.1:53603 to /127.0.0.1:53604" [_thread_blocked, id=27588, stack(0x000000fa87f00000,0x000000fa88000000)]
  0x00000269ba7a9800 JavaThread "Stdin handler" [_thread_blocked, id=28068, stack(0x000000fa88000000,0x000000fa88100000)]
  0x00000269b9a82000 JavaThread "Daemon client event forwarder" [_thread_blocked, id=27596, stack(0x000000fa88100000,0x000000fa88200000)]
  0x00000269ba816800 JavaThread "Cache worker for journal cache (C:\Users\90501\.gradle\caches\journal-1)" [_thread_blocked, id=27600, stack(0x000000fa88200000,0x000000fa88300000)]
  0x00000269ba813800 JavaThread "File lock request listener" [_thread_in_native, id=27612, stack(0x000000fa88300000,0x000000fa88400000)]
  0x00000269ba816000 JavaThread "Cache worker for file hash cache (C:\Users\90501\.gradle\caches\7.4\fileHashes)" [_thread_blocked, id=26988, stack(0x000000fa88900000,0x000000fa88a00000)]
  0x00000269ba818800 JavaThread "File watcher server" daemon [_thread_in_native, id=27656, stack(0x000000fa88a00000,0x000000fa88b00000)]
  0x00000269ba815000 JavaThread "File watcher consumer" daemon [_thread_blocked, id=27660, stack(0x000000fa88b00000,0x000000fa88c00000)]
  0x00000269ba814000 JavaThread "jar transforms" [_thread_blocked, id=27668, stack(0x000000fa88c00000,0x000000fa88d00000)]
  0x00000269ba812800 JavaThread "jar transforms Thread 2" [_thread_blocked, id=27672, stack(0x000000fa88d00000,0x000000fa88e00000)]
  0x00000269ba817800 JavaThread "jar transforms Thread 3" [_thread_blocked, id=27680, stack(0x000000fa88e00000,0x000000fa88f00000)]
  0x00000269ba819000 JavaThread "jar transforms Thread 4" [_thread_blocked, id=27684, stack(0x000000fa88f00000,0x000000fa89000000)]
  0x00000269bca67000 JavaThread "jar transforms Thread 5" [_thread_blocked, id=27688, stack(0x000000fa89000000,0x000000fa89100000)]
  0x00000269bca6b000 JavaThread "jar transforms Thread 6" [_thread_blocked, id=27704, stack(0x000000fa89100000,0x000000fa89200000)]
  0x00000269bca66000 JavaThread "jar transforms Thread 7" [_thread_blocked, id=27708, stack(0x000000fa89200000,0x000000fa89300000)]
  0x00000269bca6a000 JavaThread "jar transforms Thread 8" [_thread_blocked, id=27716, stack(0x000000fa89300000,0x000000fa89400000)]
  0x00000269bca67800 JavaThread "Cache worker for checksums cache (C:\Users\90501\AndroidStudioProjects\Maptask\.gradle\7.4\checksums)" [_thread_blocked, id=27720, stack(0x000000fa89400000,0x000000fa89500000)]
  0x00000269bca65800 JavaThread "Cache worker for cache directory md-rule (C:\Users\90501\.gradle\caches\7.4\md-rule)" [_thread_blocked, id=27724, stack(0x000000fa89500000,0x000000fa89600000)]
  0x00000269bca6e000 JavaThread "Cache worker for file hash cache (C:\Users\90501\AndroidStudioProjects\Maptask\.gradle\7.4\fileHashes)" [_thread_blocked, id=27728, stack(0x000000fa89600000,0x000000fa89700000)]
  0x00000269bca68800 JavaThread "Cache worker for cache directory md-supplier (C:\Users\90501\.gradle\caches\7.4\md-supplier)" [_thread_blocked, id=27736, stack(0x000000fa89700000,0x000000fa89800000)]
  0x00000269bca6f000 JavaThread "Cache worker for execution history cache (C:\Users\90501\.gradle\caches\7.4\executionHistory)" [_thread_blocked, id=27752, stack(0x000000fa89800000,0x000000fa89900000)]
  0x00000269bca6c000 JavaThread "Cache worker for file content cache (C:\Users\90501\.gradle\caches\7.4\fileContent)" [_thread_blocked, id=27760, stack(0x000000fa89900000,0x000000fa89a00000)]
  0x00000269bca70000 JavaThread "Cache worker for dependencies-accessors (C:\Users\90501\AndroidStudioProjects\Maptask\.gradle\7.4\dependencies-accessors)" [_thread_blocked, id=15952, stack(0x000000fa89a00000,0x000000fa89b00000)]
  0x00000269bca70800 JavaThread "Cache worker for Build Output Cleanup Cache (C:\Users\90501\AndroidStudioProjects\Maptask\.gradle\buildOutputCleanup)" [_thread_blocked, id=8044, stack(0x000000fa89b00000,0x000000fa89c00000)]
  0x00000269bca71800 JavaThread "Unconstrained build operations" [_thread_blocked, id=27192, stack(0x000000fa89c00000,0x000000fa89d00000)]
  0x00000269bca72800 JavaThread "Unconstrained build operations Thread 2" [_thread_blocked, id=27196, stack(0x000000fa89d00000,0x000000fa89e00000)]
  0x00000269bca6c800 JavaThread "Unconstrained build operations Thread 3" [_thread_blocked, id=27212, stack(0x000000fa89e00000,0x000000fa89f00000)]
  0x00000269bca73000 JavaThread "Unconstrained build operations Thread 4" [_thread_blocked, id=27240, stack(0x000000fa89f00000,0x000000fa8a000000)]
  0x00000269bca74000 JavaThread "Unconstrained build operations Thread 5" [_thread_blocked, id=27228, stack(0x000000fa8a000000,0x000000fa8a100000)]
  0x00000269b9556800 JavaThread "Unconstrained build operations Thread 6" [_thread_blocked, id=27248, stack(0x000000fa8a100000,0x000000fa8a200000)]
  0x00000269b9559000 JavaThread "Unconstrained build operations Thread 7" [_thread_blocked, id=27188, stack(0x000000fa8a200000,0x000000fa8a300000)]
  0x00000269b955c000 JavaThread "Unconstrained build operations Thread 8" [_thread_blocked, id=27200, stack(0x000000fa8a300000,0x000000fa8a400000)]
  0x00000269b9558000 JavaThread "Unconstrained build operations Thread 9" [_thread_blocked, id=27264, stack(0x000000fa8a400000,0x000000fa8a500000)]
  0x00000269b955a000 JavaThread "Unconstrained build operations Thread 10" [_thread_blocked, id=27276, stack(0x000000fa8a500000,0x000000fa8a600000)]
  0x00000269b955a800 JavaThread "Unconstrained build operations Thread 11" [_thread_blocked, id=27280, stack(0x000000fa8a600000,0x000000fa8a700000)]
  0x00000269b955b800 JavaThread "Unconstrained build operations Thread 12" [_thread_blocked, id=27296, stack(0x000000fa8a700000,0x000000fa8a800000)]
  0x00000269b955d000 JavaThread "Unconstrained build operations Thread 13" [_thread_blocked, id=27272, stack(0x000000fa8a800000,0x000000fa8a900000)]
  0x00000269b9557800 JavaThread "Unconstrained build operations Thread 14" [_thread_blocked, id=27328, stack(0x000000fa8a900000,0x000000fa8aa00000)]
  0x00000269b9562800 JavaThread "Unconstrained build operations Thread 15" [_thread_blocked, id=27288, stack(0x000000fa8aa00000,0x000000fa8ab00000)]
  0x00000269b9563800 JavaThread "Unconstrained build operations Thread 16" [_thread_blocked, id=27344, stack(0x000000fa8ab00000,0x000000fa8ac00000)]
  0x00000269b955e000 JavaThread "Unconstrained build operations Thread 17" [_thread_blocked, id=27184, stack(0x000000fa8ac00000,0x000000fa8ad00000)]
  0x00000269b9560800 JavaThread "Unconstrained build operations Thread 18" [_thread_blocked, id=27348, stack(0x000000fa8ad00000,0x000000fa8ae00000)]
  0x00000269b9564800 JavaThread "Unconstrained build operations Thread 19" [_thread_blocked, id=27700, stack(0x000000fa8ae00000,0x000000fa8af00000)]
  0x00000269b955e800 JavaThread "Unconstrained build operations Thread 20" [_thread_blocked, id=27364, stack(0x000000fa8af00000,0x000000fa8b000000)]
  0x00000269b9565000 JavaThread "Unconstrained build operations Thread 21" [_thread_blocked, id=27764, stack(0x000000fa8b000000,0x000000fa8b100000)]
  0x00000269b955f800 JavaThread "Unconstrained build operations Thread 22" [_thread_blocked, id=27368, stack(0x000000fa8b100000,0x000000fa8b200000)]
  0x00000269b9561000 JavaThread "Unconstrained build operations Thread 23" [_thread_blocked, id=27304, stack(0x000000fa8b200000,0x000000fa8b300000)]
  0x00000269b9562000 JavaThread "Unconstrained build operations Thread 24" [_thread_blocked, id=27380, stack(0x000000fa8b300000,0x000000fa8b400000)]
  0x00000269b88c3000 JavaThread "Unconstrained build operations Thread 25" [_thread_blocked, id=27384, stack(0x000000fa8b400000,0x000000fa8b500000)]
  0x00000269b88c3800 JavaThread "Unconstrained build operations Thread 26" [_thread_blocked, id=27396, stack(0x000000fa8b500000,0x000000fa8b600000)]
  0x00000269b88bf800 JavaThread "Unconstrained build operations Thread 27" [_thread_blocked, id=27400, stack(0x000000fa8b600000,0x000000fa8b700000)]
  0x00000269b88c2000 JavaThread "Unconstrained build operations Thread 28" [_thread_blocked, id=27416, stack(0x000000fa8b700000,0x000000fa8b800000)]
  0x00000269b88be000 JavaThread "Unconstrained build operations Thread 29" [_thread_blocked, id=27336, stack(0x000000fa8b800000,0x000000fa8b900000)]
  0x00000269b88c1800 JavaThread "Unconstrained build operations Thread 30" [_thread_blocked, id=27428, stack(0x000000fa8b900000,0x000000fa8ba00000)]
  0x00000269b88c4800 JavaThread "Unconstrained build operations Thread 31" [_thread_blocked, id=27444, stack(0x000000fa8ba00000,0x000000fa8bb00000)]
  0x00000269b88bf000 JavaThread "Unconstrained build operations Thread 32" [_thread_blocked, id=27448, stack(0x000000fa8bb00000,0x000000fa8bc00000)]
  0x00000269b88c5800 JavaThread "Unconstrained build operations Thread 33" [_thread_blocked, id=27460, stack(0x000000fa8bc00000,0x000000fa8bd00000)]
  0x00000269b88c6000 JavaThread "Unconstrained build operations Thread 34" [_thread_blocked, id=27432, stack(0x000000fa8bd00000,0x000000fa8be00000)]
  0x00000269b88c0800 JavaThread "Unconstrained build operations Thread 35" [_thread_blocked, id=27372, stack(0x000000fa8be00000,0x000000fa8bf00000)]
  0x00000269b88c8800 JavaThread "Unconstrained build operations Thread 36" [_thread_blocked, id=27476, stack(0x000000fa8bf00000,0x000000fa8c000000)]
  0x00000269b88c7000 JavaThread "Unconstrained build operations Thread 37" [_thread_blocked, id=27480, stack(0x000000fa8c000000,0x000000fa8c100000)]
  0x00000269b88c8000 JavaThread "Unconstrained build operations Thread 38" [_thread_blocked, id=27492, stack(0x000000fa8c100000,0x000000fa8c200000)]
  0x00000269b88c9800 JavaThread "Unconstrained build operations Thread 39" [_thread_blocked, id=27496, stack(0x000000fa8c200000,0x000000fa8c300000)]
  0x00000269b88ca800 JavaThread "Unconstrained build operations Thread 40" [_thread_blocked, id=27508, stack(0x000000fa8c300000,0x000000fa8c400000)]
  0x00000269b88cb000 JavaThread "Unconstrained build operations Thread 41" [_thread_blocked, id=27512, stack(0x000000fa8c400000,0x000000fa8c500000)]
  0x00000269b88cc000 JavaThread "Unconstrained build operations Thread 42" [_thread_blocked, id=27376, stack(0x000000fa8c500000,0x000000fa8c600000)]
  0x00000269b88cc800 JavaThread "Unconstrained build operations Thread 43" [_thread_blocked, id=27528, stack(0x000000fa8c600000,0x000000fa8c700000)]
  0x00000269bac0b800 JavaThread "Unconstrained build operations Thread 44" [_thread_blocked, id=27540, stack(0x000000fa8c700000,0x000000fa8c800000)]
  0x00000269bac0c000 JavaThread "Unconstrained build operations Thread 45" [_thread_blocked, id=27544, stack(0x000000fa8c800000,0x000000fa8c900000)]
  0x00000269bac0d800 JavaThread "Unconstrained build operations Thread 46" [_thread_blocked, id=27556, stack(0x000000fa8c900000,0x000000fa8ca00000)]
  0x00000269bac09800 JavaThread "Unconstrained build operations Thread 47" [_thread_blocked, id=27592, stack(0x000000fa8ca00000,0x000000fa8cb00000)]
  0x00000269bac08000 JavaThread "Unconstrained build operations Thread 48" [_thread_blocked, id=27604, stack(0x000000fa8cb00000,0x000000fa8cc00000)]
  0x00000269bac0e800 JavaThread "Unconstrained build operations Thread 49" [_thread_blocked, id=27608, stack(0x000000fa8cc00000,0x000000fa8cd00000)]
  0x00000269bac0d000 JavaThread "Unconstrained build operations Thread 50" [_thread_blocked, id=27636, stack(0x000000fa8cd00000,0x000000fa8ce00000)]
  0x00000269bac09000 JavaThread "Unconstrained build operations Thread 51" [_thread_blocked, id=27620, stack(0x000000fa8ce00000,0x000000fa8cf00000)]
  0x00000269bac10000 JavaThread "Unconstrained build operations Thread 52" [_thread_blocked, id=27624, stack(0x000000fa8cf00000,0x000000fa8d000000)]
  0x00000269bac0f800 JavaThread "Unconstrained build operations Thread 53" [_thread_blocked, id=8708, stack(0x000000fa8d000000,0x000000fa8d100000)]
  0x00000269bac0a800 JavaThread "Unconstrained build operations Thread 54" [_thread_blocked, id=27640, stack(0x000000fa8d100000,0x000000fa8d200000)]
  0x00000269bac12800 JavaThread "Unconstrained build operations Thread 55" [_thread_blocked, id=20552, stack(0x000000fa8d200000,0x000000fa8d300000)]
  0x00000269bac16000 JavaThread "Unconstrained build operations Thread 56" [_thread_blocked, id=27676, stack(0x000000fa8d300000,0x000000fa8d400000)]
  0x00000269bac13800 JavaThread "Unconstrained build operations Thread 57" [_thread_blocked, id=27404, stack(0x000000fa8d400000,0x000000fa8d500000)]
  0x00000269bac11000 JavaThread "Unconstrained build operations Thread 58" [_thread_blocked, id=22496, stack(0x000000fa8d500000,0x000000fa8d600000)]
  0x00000269bac14800 JavaThread "Unconstrained build operations Thread 59" [_thread_blocked, id=27664, stack(0x000000fa8d600000,0x000000fa8d700000)]
  0x00000269bac15000 JavaThread "Unconstrained build operations Thread 60" [_thread_blocked, id=27936, stack(0x000000fa8d700000,0x000000fa8d800000)]
  0x00000269bac16800 JavaThread "Unconstrained build operations Thread 61" [_thread_blocked, id=21284, stack(0x000000fa8d800000,0x000000fa8d900000)]
  0x00000269bac12000 JavaThread "Unconstrained build operations Thread 62" [_thread_blocked, id=27932, stack(0x000000fa8d900000,0x000000fa8da00000)]
  0x00000269bc907800 JavaThread "Unconstrained build operations Thread 63" [_thread_blocked, id=27692, stack(0x000000fa8da00000,0x000000fa8db00000)]
  0x00000269bc908800 JavaThread "Unconstrained build operations Thread 64" [_thread_blocked, id=27696, stack(0x000000fa8db00000,0x000000fa8dc00000)]
  0x00000269bc909000 JavaThread "Unconstrained build operations Thread 65" [_thread_blocked, id=27712, stack(0x000000fa8dc00000,0x000000fa8dd00000)]
  0x00000269bc90a000 JavaThread "Unconstrained build operations Thread 66" [_thread_blocked, id=27744, stack(0x000000fa8dd00000,0x000000fa8de00000)]
  0x00000269bc904800 JavaThread "Unconstrained build operations Thread 67" [_thread_blocked, id=27756, stack(0x000000fa8de00000,0x000000fa8df00000)]
  0x00000269bc90b000 JavaThread "Unconstrained build operations Thread 68" [_thread_blocked, id=27788, stack(0x000000fa8df00000,0x000000fa8e000000)]
  0x00000269bc905000 JavaThread "Unconstrained build operations Thread 69" [_thread_blocked, id=26948, stack(0x000000fa8e000000,0x000000fa8e100000)]
  0x00000269bc906800 JavaThread "Unconstrained build operations Thread 70" [_thread_blocked, id=27772, stack(0x000000fa8e100000,0x000000fa8e200000)]
  0x00000269bc90b800 JavaThread "Unconstrained build operations Thread 71" [_thread_blocked, id=27820, stack(0x000000fa8e200000,0x000000fa8e300000)]
  0x00000269bc906000 JavaThread "Unconstrained build operations Thread 72" [_thread_blocked, id=27808, stack(0x000000fa8e300000,0x000000fa8e400000)]
  0x00000269bc911800 JavaThread "Unconstrained build operations Thread 73" [_thread_blocked, id=27856, stack(0x000000fa8e400000,0x000000fa8e500000)]
  0x00000269bc912000 JavaThread "Unconstrained build operations Thread 74" [_thread_blocked, id=27852, stack(0x000000fa8e500000,0x000000fa8e600000)]
  0x00000269bc90d800 JavaThread "Unconstrained build operations Thread 75" [_thread_blocked, id=27424, stack(0x000000fa8e600000,0x000000fa8e700000)]
  0x00000269bc90c800 JavaThread "Unconstrained build operations Thread 76" [_thread_blocked, id=27836, stack(0x000000fa8e700000,0x000000fa8e800000)]
  0x00000269bc90e000 JavaThread "Unconstrained build operations Thread 77" [_thread_blocked, id=27868, stack(0x000000fa8e800000,0x000000fa8e900000)]
  0x00000269bc90f000 JavaThread "Unconstrained build operations Thread 78" [_thread_blocked, id=27900, stack(0x000000fa8e900000,0x000000fa8ea00000)]
  0x00000269bc90f800 JavaThread "Unconstrained build operations Thread 79" [_thread_blocked, id=27904, stack(0x000000fa8ea00000,0x000000fa8eb00000)]
  0x00000269bc910800 JavaThread "Unconstrained build operations Thread 80" [_thread_blocked, id=27984, stack(0x000000fa8eb00000,0x000000fa8ec00000)]
  0x00000269bc913000 JavaThread "Memory manager" [_thread_blocked, id=28600, stack(0x000000fa8ec00000,0x000000fa8ed00000)]

Other Threads:
  0x00000269b8537000 VMThread "VM Thread" [stack: 0x000000fa86a00000,0x000000fa86b00000] [id=28060]
  0x00000269b8754800 WatcherThread [stack: 0x000000fa87400000,0x000000fa87500000] [id=27388]
  0x000002699d86f800 GCTaskThread "GC Thread#0" [stack: 0x000000fa86500000,0x000000fa86600000] [id=27236]
  0x00000269b95f8800 GCTaskThread "GC Thread#1" [stack: 0x000000fa87500000,0x000000fa87600000] [id=27920]
  0x00000269b9820800 GCTaskThread "GC Thread#2" [stack: 0x000000fa87700000,0x000000fa87800000] [id=27532]
  0x00000269ba898000 GCTaskThread "GC Thread#3" [stack: 0x000000fa87800000,0x000000fa87900000] [id=27536]
  0x00000269ba6bc800 GCTaskThread "GC Thread#4" [stack: 0x000000fa88400000,0x000000fa88500000] [id=27616]
  0x00000269bacb2000 GCTaskThread "GC Thread#5" [stack: 0x000000fa88500000,0x000000fa88600000] [id=27628]
  0x00000269b9553800 GCTaskThread "GC Thread#6" [stack: 0x000000fa88600000,0x000000fa88700000] [id=27632]
  0x00000269b9fb0800 GCTaskThread "GC Thread#7" [stack: 0x000000fa88700000,0x000000fa88800000] [id=27644]
  0x000002699d8a3000 ConcurrentGCThread "G1 Main Marker" [stack: 0x000000fa86600000,0x000000fa86700000] [id=3640]
  0x000002699d8a4000 ConcurrentGCThread "G1 Conc#0" [stack: 0x000000fa86700000,0x000000fa86800000] [id=27136]
  0x00000269ba77d800 ConcurrentGCThread "G1 Conc#1" [stack: 0x000000fa88800000,0x000000fa88900000] [id=4236]
  0x00000269b7b5f800 ConcurrentGCThread "G1 Refine#0" [stack: 0x000000fa86800000,0x000000fa86900000] [id=27256]
  0x00000269b7b61000 ConcurrentGCThread "G1 Young RemSet Sampling" [stack: 0x000000fa86900000,0x000000fa86a00000] [id=27312]

Threads with active compile tasks:
C2 CompilerThread0  25167 6889 %     4       org.gradle.internal.instantiation.generator.AbstractClassGenerator::inspectType @ 163 (560 bytes)

VM state:not at safepoint (normal execution)

VM Mutex/Monitor currently owned by a thread: None

Heap address: 0x0000000080000000, size: 2048 MB, Compressed Oops mode: 32-bit
Narrow klass base: 0x0000000000000000, Narrow klass shift: 3
Compressed class space size: 1073741824 Address: 0x0000000100000000

Heap:
 garbage-first heap   total 172032K, used 117583K [0x0000000080000000, 0x0000000100000000)
  region size 1024K, 9 young (9216K), 3 survivors (3072K)
 Metaspace       used 67424K, capacity 69180K, committed 69376K, reserved 1110016K
  class space    used 8515K, capacity 9149K, committed 9216K, reserved 1048576K
Heap Regions: E=young(eden), S=young(survivor), O=old, HS=humongous(starts), HC=humongous(continues), CS=collection set, F=free, A=archive, TAMS=top-at-mark-start (previous, next)
|   0|0x0000000080000000, 0x0000000080100000, 0x0000000080100000|100%| O|  |TAMS 0x0000000080100000, 0x0000000080000000| Untracked 
|   1|0x0000000080100000, 0x0000000080200000, 0x0000000080200000|100%| O|  |TAMS 0x0000000080200000, 0x0000000080100000| Untracked 
|   2|0x0000000080200000, 0x0000000080300000, 0x0000000080300000|100%| O|  |TAMS 0x0000000080300000, 0x0000000080200000| Untracked 
|   3|0x0000000080300000, 0x0000000080400000, 0x0000000080400000|100%|HS|  |TAMS 0x0000000080400000, 0x0000000080300000| Complete 
|   4|0x0000000080400000, 0x0000000080500000, 0x0000000080500000|100%|HC|  |TAMS 0x0000000080500000, 0x0000000080400000| Complete 
|   5|0x0000000080500000, 0x0000000080600000, 0x0000000080600000|100%|HC|  |TAMS 0x0000000080600000, 0x0000000080500000| Complete 
|   6|0x0000000080600000, 0x0000000080700000, 0x0000000080700000|100%| O|  |TAMS 0x0000000080700000, 0x0000000080600000| Untracked 
|   7|0x0000000080700000, 0x0000000080800000, 0x0000000080800000|100%| O|  |TAMS 0x0000000080800000, 0x0000000080700000| Untracked 
|   8|0x0000000080800000, 0x0000000080900000, 0x0000000080900000|100%| O|  |TAMS 0x0000000080900000, 0x0000000080800000| Untracked 
|   9|0x0000000080900000, 0x0000000080a00000, 0x0000000080a00000|100%| O|  |TAMS 0x0000000080a00000, 0x0000000080900000| Untracked 
|  10|0x0000000080a00000, 0x0000000080b00000, 0x0000000080b00000|100%| O|  |TAMS 0x0000000080b00000, 0x0000000080a00000| Untracked 
|  11|0x0000000080b00000, 0x0000000080c00000, 0x0000000080c00000|100%| O|  |TAMS 0x0000000080c00000, 0x0000000080b00000| Untracked 
|  12|0x0000000080c00000, 0x0000000080d00000, 0x0000000080d00000|100%| O|  |TAMS 0x0000000080d00000, 0x0000000080c00000| Untracked 
|  13|0x0000000080d00000, 0x0000000080e00000, 0x0000000080e00000|100%| O|  |TAMS 0x0000000080e00000, 0x0000000080d00000| Untracked 
|  14|0x0000000080e00000, 0x0000000080f00000, 0x0000000080f00000|100%| O|  |TAMS 0x0000000080f00000, 0x0000000080e00000| Untracked 
|  15|0x0000000080f00000, 0x0000000081000000, 0x0000000081000000|100%| O|  |TAMS 0x0000000081000000, 0x0000000080f00000| Untracked 
|  16|0x0000000081000000, 0x0000000081100000, 0x0000000081100000|100%|HS|  |TAMS 0x0000000081100000, 0x0000000081000000| Complete 
|  17|0x0000000081100000, 0x0000000081200000, 0x0000000081200000|100%|HC|  |TAMS 0x0000000081200000, 0x0000000081100000| Complete 
|  18|0x0000000081200000, 0x0000000081300000, 0x0000000081300000|100%|HS|  |TAMS 0x0000000081300000, 0x0000000081200000| Complete 
|  19|0x0000000081300000, 0x0000000081400000, 0x0000000081400000|100%|HC|  |TAMS 0x0000000081400000, 0x0000000081300000| Complete 
|  20|0x0000000081400000, 0x0000000081500000, 0x0000000081500000|100%|HC|  |TAMS 0x0000000081500000, 0x0000000081400000| Complete 
|  21|0x0000000081500000, 0x0000000081600000, 0x0000000081600000|100%|HS|  |TAMS 0x0000000081600000, 0x0000000081500000| Complete 
|  22|0x0000000081600000, 0x0000000081700000, 0x0000000081700000|100%|HC|  |TAMS 0x0000000081700000, 0x0000000081600000| Complete 
|  23|0x0000000081700000, 0x0000000081800000, 0x0000000081800000|100%|HC|  |TAMS 0x0000000081800000, 0x0000000081700000| Complete 
|  24|0x0000000081800000, 0x0000000081900000, 0x0000000081900000|100%|HS|  |TAMS 0x0000000081900000, 0x0000000081800000| Complete 
|  25|0x0000000081900000, 0x0000000081a00000, 0x0000000081a00000|100%|HC|  |TAMS 0x0000000081a00000, 0x0000000081900000| Complete 
|  26|0x0000000081a00000, 0x0000000081b00000, 0x0000000081b00000|100%|HC|  |TAMS 0x0000000081b00000, 0x0000000081a00000| Complete 
|  27|0x0000000081b00000, 0x0000000081c00000, 0x0000000081c00000|100%|HC|  |TAMS 0x0000000081c00000, 0x0000000081b00000| Complete 
|  28|0x0000000081c00000, 0x0000000081d00000, 0x0000000081d00000|100%|HS|  |TAMS 0x0000000081d00000, 0x0000000081c00000| Complete 
|  29|0x0000000081d00000, 0x0000000081e00000, 0x0000000081e00000|100%|HC|  |TAMS 0x0000000081e00000, 0x0000000081d00000| Complete 
|  30|0x0000000081e00000, 0x0000000081f00000, 0x0000000081f00000|100%|HC|  |TAMS 0x0000000081f00000, 0x0000000081e00000| Complete 
|  31|0x0000000081f00000, 0x0000000082000000, 0x0000000082000000|100%|HC|  |TAMS 0x0000000082000000, 0x0000000081f00000| Complete 
|  32|0x0000000082000000, 0x0000000082100000, 0x0000000082100000|100%|HC|  |TAMS 0x0000000082100000, 0x0000000082000000| Complete 
|  33|0x0000000082100000, 0x0000000082200000, 0x0000000082200000|100%|HS|  |TAMS 0x0000000082200000, 0x0000000082100000| Complete 
|  34|0x0000000082200000, 0x0000000082300000, 0x0000000082300000|100%| O|  |TAMS 0x0000000082300000, 0x0000000082200000| Untracked 
|  35|0x0000000082300000, 0x0000000082400000, 0x0000000082400000|100%| O|  |TAMS 0x0000000082400000, 0x0000000082300000| Untracked 
|  36|0x0000000082400000, 0x0000000082500000, 0x0000000082500000|100%| O|  |TAMS 0x0000000082500000, 0x0000000082400000| Untracked 
|  37|0x0000000082500000, 0x0000000082600000, 0x0000000082600000|100%| O|  |TAMS 0x0000000082600000, 0x0000000082500000| Untracked 
|  38|0x0000000082600000, 0x0000000082700000, 0x0000000082700000|100%| O|  |TAMS 0x0000000082700000, 0x0000000082600000| Untracked 
|  39|0x0000000082700000, 0x0000000082800000, 0x0000000082800000|100%| O|  |TAMS 0x0000000082800000, 0x0000000082700000| Untracked 
|  40|0x0000000082800000, 0x0000000082900000, 0x0000000082900000|100%| O|  |TAMS 0x0000000082900000, 0x0000000082800000| Untracked 
|  41|0x0000000082900000, 0x0000000082a00000, 0x0000000082a00000|100%| O|  |TAMS 0x0000000082a00000, 0x0000000082900000| Untracked 
|  42|0x0000000082a00000, 0x0000000082b00000, 0x0000000082b00000|100%| O|  |TAMS 0x0000000082b00000, 0x0000000082a00000| Untracked 
|  43|0x0000000082b00000, 0x0000000082c00000, 0x0000000082c00000|100%| O|  |TAMS 0x0000000082c00000, 0x0000000082b00000| Untracked 
|  44|0x0000000082c00000, 0x0000000082d00000, 0x0000000082d00000|100%| O|  |TAMS 0x0000000082d00000, 0x0000000082c00000| Untracked 
|  45|0x0000000082d00000, 0x0000000082e00000, 0x0000000082e00000|100%| O|  |TAMS 0x0000000082e00000, 0x0000000082d00000| Untracked 
|  46|0x0000000082e00000, 0x0000000082f00000, 0x0000000082f00000|100%| O|  |TAMS 0x0000000082f00000, 0x0000000082e00000| Untracked 
|  47|0x0000000082f00000, 0x0000000083000000, 0x0000000083000000|100%| O|  |TAMS 0x0000000083000000, 0x0000000082f00000| Untracked 
|  48|0x0000000083000000, 0x0000000083100000, 0x0000000083100000|100%| O|  |TAMS 0x0000000083100000, 0x0000000083000000| Untracked 
|  49|0x0000000083100000, 0x0000000083200000, 0x0000000083200000|100%| O|  |TAMS 0x0000000083200000, 0x0000000083100000| Untracked 
|  50|0x0000000083200000, 0x0000000083300000, 0x0000000083300000|100%|HS|  |TAMS 0x0000000083300000, 0x0000000083200000| Complete 
|  51|0x0000000083300000, 0x0000000083400000, 0x0000000083400000|100%|HC|  |TAMS 0x0000000083400000, 0x0000000083300000| Complete 
|  52|0x0000000083400000, 0x0000000083500000, 0x0000000083500000|100%|HC|  |TAMS 0x0000000083500000, 0x0000000083400000| Complete 
|  53|0x0000000083500000, 0x0000000083600000, 0x0000000083600000|100%|HS|  |TAMS 0x0000000083600000, 0x0000000083500000| Complete 
|  54|0x0000000083600000, 0x0000000083700000, 0x0000000083700000|100%|HC|  |TAMS 0x0000000083700000, 0x0000000083600000| Complete 
|  55|0x0000000083700000, 0x0000000083800000, 0x0000000083800000|100%|HC|  |TAMS 0x0000000083800000, 0x0000000083700000| Complete 
|  56|0x0000000083800000, 0x0000000083900000, 0x0000000083900000|100%|HC|  |TAMS 0x0000000083900000, 0x0000000083800000| Complete 
|  57|0x0000000083900000, 0x0000000083a00000, 0x0000000083a00000|100%| O|  |TAMS 0x0000000083a00000, 0x0000000083900000| Untracked 
|  58|0x0000000083a00000, 0x0000000083b00000, 0x0000000083b00000|100%| O|  |TAMS 0x0000000083b00000, 0x0000000083a00000| Untracked 
|  59|0x0000000083b00000, 0x0000000083c00000, 0x0000000083c00000|100%|HS|  |TAMS 0x0000000083c00000, 0x0000000083b00000| Complete 
|  60|0x0000000083c00000, 0x0000000083d00000, 0x0000000083d00000|100%|HC|  |TAMS 0x0000000083d00000, 0x0000000083c00000| Complete 
|  61|0x0000000083d00000, 0x0000000083e00000, 0x0000000083e00000|100%|HC|  |TAMS 0x0000000083e00000, 0x0000000083d00000| Complete 
|  62|0x0000000083e00000, 0x0000000083f00000, 0x0000000083f00000|100%|HS|  |TAMS 0x0000000083f00000, 0x0000000083e00000| Complete 
|  63|0x0000000083f00000, 0x0000000084000000, 0x0000000084000000|100%|HC|  |TAMS 0x0000000084000000, 0x0000000083f00000| Complete 
|  64|0x0000000084000000, 0x0000000084100000, 0x0000000084100000|100%| O|  |TAMS 0x0000000084100000, 0x0000000084000000| Untracked 
|  65|0x0000000084100000, 0x0000000084200000, 0x0000000084200000|100%| O|  |TAMS 0x0000000084200000, 0x0000000084100000| Untracked 
|  66|0x0000000084200000, 0x0000000084300000, 0x0000000084300000|100%| O|  |TAMS 0x0000000084300000, 0x0000000084200000| Untracked 
|  67|0x0000000084300000, 0x0000000084400000, 0x0000000084400000|100%| O|  |TAMS 0x0000000084400000, 0x0000000084300000| Untracked 
|  68|0x0000000084400000, 0x0000000084500000, 0x0000000084500000|100%| O|  |TAMS 0x0000000084500000, 0x0000000084400000| Untracked 
|  69|0x0000000084500000, 0x0000000084600000, 0x0000000084600000|100%| O|  |TAMS 0x0000000084600000, 0x0000000084500000| Untracked 
|  70|0x0000000084600000, 0x0000000084700000, 0x0000000084700000|100%| O|  |TAMS 0x0000000084700000, 0x0000000084600000| Untracked 
|  71|0x0000000084700000, 0x0000000084800000, 0x0000000084800000|100%|HS|  |TAMS 0x0000000084800000, 0x0000000084700000| Complete 
|  72|0x0000000084800000, 0x0000000084900000, 0x0000000084900000|100%|HC|  |TAMS 0x0000000084900000, 0x0000000084800000| Complete 
|  73|0x0000000084900000, 0x0000000084a00000, 0x0000000084a00000|100%|HC|  |TAMS 0x0000000084a00000, 0x0000000084900000| Complete 
|  74|0x0000000084a00000, 0x0000000084b00000, 0x0000000084b00000|100%|HC|  |TAMS 0x0000000084b00000, 0x0000000084a00000| Complete 
|  75|0x0000000084b00000, 0x0000000084c00000, 0x0000000084c00000|100%|HC|  |TAMS 0x0000000084c00000, 0x0000000084b00000| Complete 
|  76|0x0000000084c00000, 0x0000000084d00000, 0x0000000084d00000|100%| O|  |TAMS 0x0000000084d00000, 0x0000000084c00000| Untracked 
|  77|0x0000000084d00000, 0x0000000084e00000, 0x0000000084e00000|100%| O|  |TAMS 0x0000000084e00000, 0x0000000084d00000| Untracked 
|  78|0x0000000084e00000, 0x0000000084f00000, 0x0000000084f00000|100%| O|  |TAMS 0x0000000084f00000, 0x0000000084e00000| Untracked 
|  79|0x0000000084f00000, 0x0000000085000000, 0x0000000085000000|100%| O|  |TAMS 0x0000000085000000, 0x0000000084f00000| Untracked 
|  80|0x0000000085000000, 0x0000000085100000, 0x0000000085100000|100%| O|  |TAMS 0x0000000085100000, 0x0000000085000000| Untracked 
|  81|0x0000000085100000, 0x0000000085200000, 0x0000000085200000|100%| O|  |TAMS 0x0000000085200000, 0x0000000085100000| Untracked 
|  82|0x0000000085200000, 0x0000000085300000, 0x0000000085300000|100%|HS|  |TAMS 0x0000000085300000, 0x0000000085200000| Complete 
|  83|0x0000000085300000, 0x0000000085400000, 0x0000000085400000|100%|HS|  |TAMS 0x0000000085400000, 0x0000000085300000| Complete 
|  84|0x0000000085400000, 0x0000000085500000, 0x0000000085500000|100%|HC|  |TAMS 0x0000000085500000, 0x0000000085400000| Complete 
|  85|0x0000000085500000, 0x0000000085600000, 0x0000000085600000|100%| O|  |TAMS 0x0000000085600000, 0x0000000085500000| Untracked 
|  86|0x0000000085600000, 0x0000000085700000, 0x0000000085700000|100%| O|  |TAMS 0x0000000085700000, 0x0000000085600000| Untracked 
|  87|0x0000000085700000, 0x0000000085800000, 0x0000000085800000|100%| O|  |TAMS 0x0000000085800000, 0x0000000085700000| Untracked 
|  88|0x0000000085800000, 0x0000000085900000, 0x0000000085900000|100%|HS|  |TAMS 0x0000000085900000, 0x0000000085800000| Complete 
|  89|0x0000000085900000, 0x0000000085a00000, 0x0000000085a00000|100%|HS|  |TAMS 0x0000000085a00000, 0x0000000085900000| Complete 
|  90|0x0000000085a00000, 0x0000000085b00000, 0x0000000085b00000|100%|HC|  |TAMS 0x0000000085b00000, 0x0000000085a00000| Complete 
|  91|0x0000000085b00000, 0x0000000085c00000, 0x0000000085c00000|100%|HC|  |TAMS 0x0000000085c00000, 0x0000000085b00000| Complete 
|  92|0x0000000085c00000, 0x0000000085d00000, 0x0000000085d00000|100%|HC|  |TAMS 0x0000000085d00000, 0x0000000085c00000| Complete 
|  93|0x0000000085d00000, 0x0000000085e00000, 0x0000000085e00000|100%| O|  |TAMS 0x0000000085e00000, 0x0000000085d00000| Untracked 
|  94|0x0000000085e00000, 0x0000000085f00000, 0x0000000085f00000|100%| O|  |TAMS 0x0000000085f00000, 0x0000000085e00000| Untracked 
|  95|0x0000000085f00000, 0x0000000086000000, 0x0000000086000000|100%| O|  |TAMS 0x0000000086000000, 0x0000000085f00000| Untracked 
|  96|0x0000000086000000, 0x0000000086100000, 0x0000000086100000|100%| O|  |TAMS 0x0000000086100000, 0x0000000086000000| Untracked 
|  97|0x0000000086100000, 0x0000000086200000, 0x0000000086200000|100%| O|  |TAMS 0x0000000086200000, 0x0000000086100000| Untracked 
|  98|0x0000000086200000, 0x0000000086300000, 0x0000000086300000|100%|HS|  |TAMS 0x0000000086300000, 0x0000000086200000| Complete 
|  99|0x0000000086300000, 0x0000000086400000, 0x0000000086400000|100%|HC|  |TAMS 0x0000000086400000, 0x0000000086300000| Complete 
| 100|0x0000000086400000, 0x0000000086500000, 0x0000000086500000|100%| O|  |TAMS 0x0000000086500000, 0x0000000086400000| Untracked 
| 101|0x0000000086500000, 0x0000000086600000, 0x0000000086600000|100%| O|  |TAMS 0x0000000086600000, 0x0000000086500000| Untracked 
| 102|0x0000000086600000, 0x0000000086700000, 0x0000000086700000|100%|HS|  |TAMS 0x0000000086600000, 0x0000000086600000| Complete 
| 103|0x0000000086700000, 0x0000000086700000, 0x0000000086800000|  0%| F|  |TAMS 0x0000000086700000, 0x0000000086700000| Untracked 
| 104|0x0000000086800000, 0x0000000086800000, 0x0000000086900000|  0%| F|  |TAMS 0x0000000086800000, 0x0000000086800000| Untracked 
| 105|0x0000000086900000, 0x0000000086900000, 0x0000000086a00000|  0%| F|  |TAMS 0x0000000086900000, 0x0000000086900000| Untracked 
| 106|0x0000000086a00000, 0x0000000086a00000, 0x0000000086b00000|  0%| F|  |TAMS 0x0000000086a00000, 0x0000000086a00000| Untracked 
| 107|0x0000000086b00000, 0x0000000086c00000, 0x0000000086c00000|100%| O|  |TAMS 0x0000000086c00000, 0x0000000086b00000| Untracked 
| 108|0x0000000086c00000, 0x0000000086d00000, 0x0000000086d00000|100%| O|  |TAMS 0x0000000086d00000, 0x0000000086c00000| Untracked 
| 109|0x0000000086d00000, 0x0000000086e00000, 0x0000000086e00000|100%| O|  |TAMS 0x0000000086e00000, 0x0000000086d00000| Untracked 
| 110|0x0000000086e00000, 0x0000000086f00000, 0x0000000086f00000|100%| O|  |TAMS 0x0000000086f00000, 0x0000000086e00000| Untracked 
| 111|0x0000000086f00000, 0x0000000086f14c00, 0x0000000087000000|  8%| O|  |TAMS 0x0000000086f14c00, 0x0000000086f00000| Untracked 
| 112|0x0000000087000000, 0x0000000087000000, 0x0000000087100000|  0%| F|  |TAMS 0x0000000087000000, 0x0000000087000000| Untracked 
| 113|0x0000000087100000, 0x0000000087100000, 0x0000000087200000|  0%| F|  |TAMS 0x0000000087100000, 0x0000000087100000| Untracked 
| 114|0x0000000087200000, 0x0000000087200000, 0x0000000087300000|  0%| F|  |TAMS 0x0000000087200000, 0x0000000087200000| Untracked 
| 115|0x0000000087300000, 0x0000000087300000, 0x0000000087400000|  0%| F|  |TAMS 0x0000000087300000, 0x0000000087300000| Untracked 
| 116|0x0000000087400000, 0x0000000087400000, 0x0000000087500000|  0%| F|  |TAMS 0x0000000087400000, 0x0000000087400000| Untracked 
| 117|0x0000000087500000, 0x0000000087500000, 0x0000000087600000|  0%| F|  |TAMS 0x0000000087500000, 0x0000000087500000| Untracked 
| 118|0x0000000087600000, 0x0000000087600000, 0x0000000087700000|  0%| F|  |TAMS 0x0000000087600000, 0x0000000087600000| Untracked 
| 119|0x0000000087700000, 0x0000000087700000, 0x0000000087800000|  0%| F|  |TAMS 0x0000000087700000, 0x0000000087700000| Untracked 
| 120|0x0000000087800000, 0x0000000087800000, 0x0000000087900000|  0%| F|  |TAMS 0x0000000087800000, 0x0000000087800000| Untracked 
| 121|0x0000000087900000, 0x0000000087900000, 0x0000000087a00000|  0%| F|  |TAMS 0x0000000087900000, 0x0000000087900000| Untracked 
| 122|0x0000000087a00000, 0x0000000087a00000, 0x0000000087b00000|  0%| F|  |TAMS 0x0000000087a00000, 0x0000000087a00000| Untracked 
| 123|0x0000000087b00000, 0x0000000087b00000, 0x0000000087c00000|  0%| F|  |TAMS 0x0000000087b00000, 0x0000000087b00000| Untracked 
| 124|0x0000000087c00000, 0x0000000087c00000, 0x0000000087d00000|  0%| F|  |TAMS 0x0000000087c00000, 0x0000000087c00000| Untracked 
| 125|0x0000000087d00000, 0x0000000087d00000, 0x0000000087e00000|  0%| F|  |TAMS 0x0000000087d00000, 0x0000000087d00000| Untracked 
| 126|0x0000000087e00000, 0x0000000087e00000, 0x0000000087f00000|  0%| F|  |TAMS 0x0000000087e00000, 0x0000000087e00000| Untracked 
| 127|0x0000000087f00000, 0x0000000087f00000, 0x0000000088000000|  0%| F|  |TAMS 0x0000000087f00000, 0x0000000087f00000| Untracked 
| 128|0x0000000088000000, 0x0000000088000000, 0x0000000088100000|  0%| F|  |TAMS 0x0000000088000000, 0x0000000088000000| Untracked 
| 129|0x0000000088100000, 0x0000000088100000, 0x0000000088200000|  0%| F|  |TAMS 0x0000000088100000, 0x0000000088100000| Untracked 
| 130|0x0000000088200000, 0x0000000088200000, 0x0000000088300000|  0%| F|  |TAMS 0x0000000088200000, 0x0000000088200000| Untracked 
| 131|0x0000000088300000, 0x0000000088300000, 0x0000000088400000|  0%| F|  |TAMS 0x0000000088300000, 0x0000000088300000| Untracked 
| 132|0x0000000088400000, 0x0000000088400000, 0x0000000088500000|  0%| F|  |TAMS 0x0000000088400000, 0x0000000088400000| Untracked 
| 133|0x0000000088500000, 0x0000000088500000, 0x0000000088600000|  0%| F|  |TAMS 0x0000000088500000, 0x0000000088500000| Untracked 
| 134|0x0000000088600000, 0x0000000088600000, 0x0000000088700000|  0%| F|  |TAMS 0x0000000088600000, 0x0000000088600000| Untracked 
| 135|0x0000000088700000, 0x0000000088700000, 0x0000000088800000|  0%| F|  |TAMS 0x0000000088700000, 0x0000000088700000| Untracked 
| 136|0x0000000088800000, 0x0000000088800000, 0x0000000088900000|  0%| F|  |TAMS 0x0000000088800000, 0x0000000088800000| Untracked 
| 137|0x0000000088900000, 0x0000000088900000, 0x0000000088a00000|  0%| F|  |TAMS 0x0000000088900000, 0x0000000088900000| Untracked 
| 138|0x0000000088a00000, 0x0000000088a00000, 0x0000000088b00000|  0%| F|  |TAMS 0x0000000088a00000, 0x0000000088a00000| Untracked 
| 139|0x0000000088b00000, 0x0000000088b00000, 0x0000000088c00000|  0%| F|  |TAMS 0x0000000088b00000, 0x0000000088b00000| Untracked 
| 140|0x0000000088c00000, 0x0000000088c00000, 0x0000000088d00000|  0%| F|  |TAMS 0x0000000088c00000, 0x0000000088c00000| Untracked 
| 141|0x0000000088d00000, 0x0000000088d00000, 0x0000000088e00000|  0%| F|  |TAMS 0x0000000088d00000, 0x0000000088d00000| Untracked 
| 142|0x0000000088e00000, 0x0000000088e00000, 0x0000000088f00000|  0%| F|  |TAMS 0x0000000088e00000, 0x0000000088e00000| Untracked 
| 143|0x0000000088f00000, 0x0000000088fbf158, 0x0000000089000000| 74%| S|CS|TAMS 0x0000000088f00000, 0x0000000088f00000| Complete 
| 144|0x0000000089000000, 0x0000000089100000, 0x0000000089100000|100%| S|CS|TAMS 0x0000000089000000, 0x0000000089000000| Complete 
| 145|0x0000000089100000, 0x0000000089200000, 0x0000000089200000|100%| S|CS|TAMS 0x0000000089100000, 0x0000000089100000| Complete 
| 146|0x0000000089200000, 0x0000000089200000, 0x0000000089300000|  0%| F|  |TAMS 0x0000000089200000, 0x0000000089200000| Untracked 
| 147|0x0000000089300000, 0x0000000089300000, 0x0000000089400000|  0%| F|  |TAMS 0x0000000089300000, 0x0000000089300000| Untracked 
| 148|0x0000000089400000, 0x0000000089400000, 0x0000000089500000|  0%| F|  |TAMS 0x0000000089400000, 0x0000000089400000| Untracked 
| 149|0x0000000089500000, 0x0000000089500000, 0x0000000089600000|  0%| F|  |TAMS 0x0000000089500000, 0x0000000089500000| Untracked 
| 150|0x0000000089600000, 0x0000000089600000, 0x0000000089700000|  0%| F|  |TAMS 0x0000000089600000, 0x0000000089600000| Untracked 
| 151|0x0000000089700000, 0x0000000089700000, 0x0000000089800000|  0%| F|  |TAMS 0x0000000089700000, 0x0000000089700000| Untracked 
| 152|0x0000000089800000, 0x0000000089800000, 0x0000000089900000|  0%| F|  |TAMS 0x0000000089800000, 0x0000000089800000| Untracked 
| 153|0x0000000089900000, 0x0000000089900000, 0x0000000089a00000|  0%| F|  |TAMS 0x0000000089900000, 0x0000000089900000| Untracked 
| 154|0x0000000089a00000, 0x0000000089a00000, 0x0000000089b00000|  0%| F|  |TAMS 0x0000000089a00000, 0x0000000089a00000| Untracked 
| 155|0x0000000089b00000, 0x0000000089b00000, 0x0000000089c00000|  0%| F|  |TAMS 0x0000000089b00000, 0x0000000089b00000| Untracked 
| 156|0x0000000089c00000, 0x0000000089c00000, 0x0000000089d00000|  0%| F|  |TAMS 0x0000000089c00000, 0x0000000089c00000| Untracked 
| 157|0x0000000089d00000, 0x0000000089d00000, 0x0000000089e00000|  0%| F|  |TAMS 0x0000000089d00000, 0x0000000089d00000| Untracked 
| 158|0x0000000089e00000, 0x0000000089e00000, 0x0000000089f00000|  0%| F|  |TAMS 0x0000000089e00000, 0x0000000089e00000| Untracked 
| 159|0x0000000089f00000, 0x0000000089f00000, 0x000000008a000000|  0%| F|  |TAMS 0x0000000089f00000, 0x0000000089f00000| Untracked 
| 160|0x000000008a000000, 0x000000008a000000, 0x000000008a100000|  0%| F|  |TAMS 0x000000008a000000, 0x000000008a000000| Untracked 
| 161|0x000000008a100000, 0x000000008a100000, 0x000000008a200000|  0%| F|  |TAMS 0x000000008a100000, 0x000000008a100000| Untracked 
| 162|0x000000008a200000, 0x000000008a280800, 0x000000008a300000| 50%| E|  |TAMS 0x000000008a200000, 0x000000008a200000| Complete 
| 163|0x000000008a300000, 0x000000008a400000, 0x000000008a400000|100%| E|CS|TAMS 0x000000008a300000, 0x000000008a300000| Complete 
| 164|0x000000008a400000, 0x000000008a500000, 0x000000008a500000|100%| E|CS|TAMS 0x000000008a400000, 0x000000008a400000| Complete 
| 165|0x000000008a500000, 0x000000008a600000, 0x000000008a600000|100%| E|CS|TAMS 0x000000008a500000, 0x000000008a500000| Complete 
| 166|0x000000008a600000, 0x000000008a700000, 0x000000008a700000|100%| E|CS|TAMS 0x000000008a600000, 0x000000008a600000| Complete 
| 167|0x000000008a700000, 0x000000008a800000, 0x000000008a800000|100%| E|CS|TAMS 0x000000008a700000, 0x000000008a700000| Complete 

Card table byte_map: [0x00000269b0aa0000,0x00000269b0ea0000] _byte_map_base: 0x00000269b06a0000

Marking Bits (Prev, Next): (CMBitMap*) 0x000002699d89a170, (CMBitMap*) 0x000002699d89a138
 Prev Bits: [0x00000269b32a0000, 0x00000269b52a0000)
 Next Bits: [0x00000269b12a0000, 0x00000269b32a0000)

Polling page: 0x000002699b790000

Metaspace:

Usage:
  Non-class:     58.62 MB capacity,    57.54 MB ( 98%) used,   939.17 KB (  2%) free+waste,   174.06 KB ( <1%) overhead. 
      Class:      8.93 MB capacity,     8.32 MB ( 93%) used,   548.33 KB (  6%) free+waste,    81.88 KB ( <1%) overhead. 
       Both:     67.56 MB capacity,    65.86 MB ( 97%) used,     1.45 MB (  2%) free+waste,   255.94 KB ( <1%) overhead. 

Virtual space:
  Non-class space:       60.00 MB reserved,      58.75 MB ( 98%) committed 
      Class space:        1.00 GB reserved,       9.00 MB ( <1%) committed 
             Both:        1.06 GB reserved,      67.75 MB (  6%) committed 

Chunk freelists:
   Non-Class:  1.00 KB
       Class:  3.00 KB
        Both:  4.00 KB

MaxMetaspaceSize: 17179869184.00 GB
CompressedClassSpaceSize: 1.00 GB
Initial GC threshold: 20.80 MB
Current GC threshold: 112.50 MB
CDS: off

CodeHeap 'non-profiled nmethods': size=120000Kb used=3498Kb max_used=3498Kb free=116501Kb
 bounds [0x00000269a8e40000, 0x00000269a91b0000, 0x00000269b0370000]
CodeHeap 'profiled nmethods': size=120000Kb used=14936Kb max_used=14936Kb free=105063Kb
 bounds [0x00000269a1910000, 0x00000269a27b0000, 0x00000269a8e40000]
CodeHeap 'non-nmethods': size=5760Kb used=2346Kb max_used=2369Kb free=3413Kb
 bounds [0x00000269a1370000, 0x00000269a15e0000, 0x00000269a1910000]
 total_blobs=7775 nmethods=6912 adapters=774
 compilation: enabled
              stopped_count=0, restarted_count=0
 full_count=0

Compilation events (20 events):
Event: 25.085 Thread 0x00000269b858e800 nmethod 7024 0x00000269a91a9c90 code [0x00000269a91a9e40, 0x00000269a91a9ef8]
Event: 25.096 Thread 0x00000269b858e800 7025       2       kotlin.jvm.internal.Intrinsics::checkExpressionValueIsNotNull (38 bytes)
Event: 25.097 Thread 0x00000269b858e800 nmethod 7025 0x00000269a279f890 code [0x00000269a279fac0, 0x00000269a279ff38]
Event: 25.097 Thread 0x00000269b858e800 7026       2       com.android.tools.build.jetifier.core.type.JavaType::<init> (73 bytes)
Event: 25.098 Thread 0x00000269b858e800 nmethod 7026 0x00000269a27a0210 code [0x00000269a27a04c0, 0x00000269a27a0cb8]
Event: 25.098 Thread 0x00000269b858e800 7030       2       kotlin.text.StringsKt__StringsKt::indexOf (58 bytes)
Event: 25.099 Thread 0x00000269b858e800 nmethod 7030 0x00000269a27a1190 code [0x00000269a27a13c0, 0x00000269a27a1888]
Event: 25.099 Thread 0x00000269b858e800 7027       2       kotlin.text.StringsKt__StringsKt::contains$default (15 bytes)
Event: 25.100 Thread 0x00000269b858e800 nmethod 7027 0x00000269a27a1b10 code [0x00000269a27a1d00, 0x00000269a27a1fc8]
Event: 25.101 Thread 0x00000269b858e800 7028       2       kotlin.text.StringsKt__StringsKt::contains (25 bytes)
Event: 25.101 Thread 0x00000269b858e800 nmethod 7028 0x00000269a27a2210 code [0x00000269a27a2400, 0x00000269a27a26c8]
Event: 25.101 Thread 0x00000269b858e800 7029       2       kotlin.text.StringsKt__StringsKt::indexOf$default (26 bytes)
Event: 25.101 Thread 0x00000269b858e800 nmethod 7029 0x00000269a27a2910 code [0x00000269a27a2ac0, 0x00000269a27a2bc8]
Event: 25.101 Thread 0x00000269b858e800 7031       2       kotlin.TuplesKt::to (10 bytes)
Event: 25.102 Thread 0x00000269b858e800 nmethod 7031 0x00000269a27a2c90 code [0x00000269a27a2e40, 0x00000269a27a3038]
Event: 25.102 Thread 0x00000269b858e800 7034       1       kotlin.Pair::component2 (5 bytes)
Event: 25.102 Thread 0x00000269b858e800 nmethod 7034 0x00000269a91a9f90 code [0x00000269a91aa140, 0x00000269a91aa1f8]
Event: 25.102 Thread 0x00000269b858e800 7033       1       kotlin.Pair::component1 (5 bytes)
Event: 25.102 Thread 0x00000269b858e800 nmethod 7033 0x00000269a91aa290 code [0x00000269a91aa440, 0x00000269a91aa4f8]
Event: 25.102 Thread 0x00000269b858e800 7035       2       com.android.tools.build.jetifier.core.type.JavaType::hashCode (17 bytes)

GC Heap History (20 events):
Event: 19.656 GC heap before
{Heap before GC invocations=40 (full 0):
 garbage-first heap   total 143360K, used 93763K [0x0000000080000000, 0x0000000100000000)
  region size 1024K, 6 young (6144K), 2 survivors (2048K)
 Metaspace       used 51838K, capacity 53416K, committed 53504K, reserved 1095680K
  class space    used 6576K, capacity 7128K, committed 7168K, reserved 1048576K
}
Event: 19.659 GC heap after
{Heap after GC invocations=41 (full 0):
 garbage-first heap   total 143360K, used 93148K [0x0000000080000000, 0x0000000100000000)
  region size 1024K, 3 young (3072K), 3 survivors (3072K)
 Metaspace       used 51838K, capacity 53416K, committed 53504K, reserved 1095680K
  class space    used 6576K, capacity 7128K, committed 7168K, reserved 1048576K
}
Event: 20.212 GC heap before
{Heap before GC invocations=42 (full 0):
 garbage-first heap   total 143360K, used 115676K [0x0000000080000000, 0x0000000100000000)
  region size 1024K, 22 young (22528K), 3 survivors (3072K)
 Metaspace       used 54054K, capacity 55646K, committed 55936K, reserved 1097728K
  class space    used 6860K, capacity 7425K, committed 7552K, reserved 1048576K
}
Event: 20.215 GC heap after
{Heap after GC invocations=43 (full 0):
 garbage-first heap   total 143360K, used 98389K [0x0000000080000000, 0x0000000100000000)
  region size 1024K, 2 young (2048K), 2 survivors (2048K)
 Metaspace       used 54054K, capacity 55646K, committed 55936K, reserved 1097728K
  class space    used 6860K, capacity 7425K, committed 7552K, reserved 1048576K
}
Event: 20.536 GC heap before
{Heap before GC invocations=43 (full 0):
 garbage-first heap   total 143360K, used 107605K [0x0000000080000000, 0x0000000100000000)
  region size 1024K, 13 young (13312K), 2 survivors (2048K)
 Metaspace       used 55282K, capacity 56891K, committed 57088K, reserved 1099776K
  class space    used 7016K, capacity 7626K, committed 7680K, reserved 1048576K
}
Event: 20.541 GC heap after
{Heap after GC invocations=44 (full 0):
 garbage-first heap   total 143360K, used 100110K [0x0000000080000000, 0x0000000100000000)
  region size 1024K, 3 young (3072K), 3 survivors (3072K)
 Metaspace       used 55282K, capacity 56891K, committed 57088K, reserved 1099776K
  class space    used 7016K, capacity 7626K, committed 7680K, reserved 1048576K
}
Event: 20.687 GC heap before
{Heap before GC invocations=45 (full 0):
 garbage-first heap   total 143360K, used 107278K [0x0000000080000000, 0x0000000100000000)
  region size 1024K, 11 young (11264K), 3 survivors (3072K)
 Metaspace       used 55479K, capacity 57051K, committed 57088K, reserved 1099776K
  class space    used 7045K, capacity 7658K, committed 7680K, reserved 1048576K
}
Event: 20.693 GC heap after
{Heap after GC invocations=46 (full 0):
 garbage-first heap   total 143360K, used 100571K [0x0000000080000000, 0x0000000100000000)
  region size 1024K, 2 young (2048K), 2 survivors (2048K)
 Metaspace       used 55479K, capacity 57051K, committed 57088K, reserved 1099776K
  class space    used 7045K, capacity 7658K, committed 7680K, reserved 1048576K
}
Event: 21.375 GC heap before
{Heap before GC invocations=47 (full 0):
 garbage-first heap   total 143360K, used 120027K [0x0000000080000000, 0x0000000100000000)
  region size 1024K, 19 young (19456K), 2 survivors (2048K)
 Metaspace       used 57718K, capacity 59341K, committed 59392K, reserved 1101824K
  class space    used 7319K, capacity 7931K, committed 7936K, reserved 1048576K
}
Event: 21.379 GC heap after
{Heap after GC invocations=48 (full 0):
 garbage-first heap   total 172032K, used 104068K [0x0000000080000000, 0x0000000100000000)
  region size 1024K, 3 young (3072K), 3 survivors (3072K)
 Metaspace       used 57718K, capacity 59341K, committed 59392K, reserved 1101824K
  class space    used 7319K, capacity 7931K, committed 7936K, reserved 1048576K
}
Event: 22.582 GC heap before
{Heap before GC invocations=48 (full 0):
 garbage-first heap   total 172032K, used 134788K [0x0000000080000000, 0x0000000100000000)
  region size 1024K, 33 young (33792K), 3 survivors (3072K)
 Metaspace       used 61956K, capacity 63655K, committed 63872K, reserved 1103872K
  class space    used 7861K, capacity 8493K, committed 8576K, reserved 1048576K
}
Event: 22.589 GC heap after
{Heap after GC invocations=49 (full 0):
 garbage-first heap   total 172032K, used 106142K [0x0000000080000000, 0x0000000100000000)
  region size 1024K, 4 young (4096K), 4 survivors (4096K)
 Metaspace       used 61956K, capacity 63655K, committed 63872K, reserved 1103872K
  class space    used 7861K, capacity 8493K, committed 8576K, reserved 1048576K
}
Event: 22.916 GC heap before
{Heap before GC invocations=50 (full 0):
 garbage-first heap   total 172032K, used 109214K [0x0000000080000000, 0x0000000100000000)
  region size 1024K, 8 young (8192K), 4 survivors (4096K)
 Metaspace       used 63257K, capacity 64935K, committed 65024K, reserved 1105920K
  class space    used 7994K, capacity 8621K, committed 8704K, reserved 1048576K
}
Event: 22.925 GC heap after
{Heap after GC invocations=51 (full 0):
 garbage-first heap   total 172032K, used 107058K [0x0000000080000000, 0x0000000100000000)
  region size 1024K, 3 young (3072K), 3 survivors (3072K)
 Metaspace       used 63257K, capacity 64935K, committed 65024K, reserved 1105920K
  class space    used 7994K, capacity 8621K, committed 8704K, reserved 1048576K
}
Event: 23.112 GC heap before
{Heap before GC invocations=52 (full 0):
 garbage-first heap   total 172032K, used 125490K [0x0000000080000000, 0x0000000100000000)
  region size 1024K, 17 young (17408K), 3 survivors (3072K)
 Metaspace       used 63266K, capacity 64941K, committed 65024K, reserved 1105920K
  class space    used 7995K, capacity 8622K, committed 8704K, reserved 1048576K
}
Event: 23.119 GC heap after
{Heap after GC invocations=53 (full 0):
 garbage-first heap   total 172032K, used 113760K [0x0000000080000000, 0x0000000100000000)
  region size 1024K, 5 young (5120K), 5 survivors (5120K)
 Metaspace       used 63266K, capacity 64941K, committed 65024K, reserved 1105920K
  class space    used 7995K, capacity 8622K, committed 8704K, reserved 1048576K
}
Event: 24.377 GC heap before
{Heap before GC invocations=54 (full 0):
 garbage-first heap   total 172032K, used 141408K [0x0000000080000000, 0x0000000100000000)
  region size 1024K, 30 young (30720K), 5 survivors (5120K)
 Metaspace       used 65470K, capacity 67249K, committed 67328K, reserved 1107968K
  class space    used 8274K, capacity 8916K, committed 8960K, reserved 1048576K
}
Event: 24.382 GC heap after
{Heap after GC invocations=55 (full 0):
 garbage-first heap   total 172032K, used 110283K [0x0000000080000000, 0x0000000100000000)
  region size 1024K, 2 young (2048K), 2 survivors (2048K)
 Metaspace       used 65470K, capacity 67249K, committed 67328K, reserved 1107968K
  class space    used 8274K, capacity 8916K, committed 8960K, reserved 1048576K
}
Event: 24.960 GC heap before
{Heap before GC invocations=55 (full 0):
 garbage-first heap   total 172032K, used 131787K [0x0000000080000000, 0x0000000100000000)
  region size 1024K, 24 young (24576K), 2 survivors (2048K)
 Metaspace       used 66989K, capacity 68710K, committed 68736K, reserved 1110016K
  class space    used 8470K, capacity 9081K, committed 9088K, reserved 1048576K
}
Event: 24.964 GC heap after
{Heap after GC invocations=56 (full 0):
 garbage-first heap   total 172032K, used 111439K [0x0000000080000000, 0x0000000100000000)
  region size 1024K, 3 young (3072K), 3 survivors (3072K)
 Metaspace       used 66989K, capacity 68710K, committed 68736K, reserved 1110016K
  class space    used 8470K, capacity 9081K, committed 9088K, reserved 1048576K
}

Deoptimization events (20 events):
Event: 24.681 Thread 0x00000269ba12f800 Uncommon trap: trap_request=0xffffffc6 fr.pc=0x00000269a8eb14f0 relative=0x0000000000002fd0
Event: 24.681 Thread 0x00000269ba12f800 Uncommon trap: reason=bimorphic_or_optimized_type_check action=maybe_recompile pc=0x00000269a8eb14f0 method=java.util.HashMap.putVal(ILjava/lang/Object;Ljava/lang/Object;ZZ)Ljava/lang/Object; @ 203 c2
Event: 24.681 Thread 0x00000269ba12f800 DEOPT PACKING pc=0x00000269a8eb14f0 sp=0x000000fa87ef72c0
Event: 24.681 Thread 0x00000269ba12f800 DEOPT UNPACKING pc=0x00000269a13ba1af sp=0x000000fa87ef7188 mode 2
Event: 24.682 Thread 0x00000269ba12f800 DEOPT PACKING pc=0x00000269a26a4f29 sp=0x000000fa87ef6fd0
Event: 24.682 Thread 0x00000269ba12f800 DEOPT UNPACKING pc=0x00000269a13ba95e sp=0x000000fa87ef64e0 mode 0
Event: 24.684 Thread 0x00000269ba12f800 Uncommon trap: trap_request=0xffffff4d fr.pc=0x00000269a9197194 relative=0x0000000000000334
Event: 24.684 Thread 0x00000269ba12f800 Uncommon trap: reason=unstable_if action=reinterpret pc=0x00000269a9197194 method=org.gradle.internal.reflect.PropertyAccessorType.of(Ljava/lang/reflect/Method;)Lorg/gradle/internal/reflect/PropertyAccessorType; @ 56 c2
Event: 24.684 Thread 0x00000269ba12f800 DEOPT PACKING pc=0x00000269a9197194 sp=0x000000fa87ef6fe0
Event: 24.684 Thread 0x00000269ba12f800 DEOPT UNPACKING pc=0x00000269a13ba1af sp=0x000000fa87ef6fa0 mode 2
Event: 24.835 Thread 0x00000269ba12f800 Uncommon trap: trap_request=0xffffff4d fr.pc=0x00000269a9182914 relative=0x0000000000000bb4
Event: 24.835 Thread 0x00000269ba12f800 Uncommon trap: reason=unstable_if action=reinterpret pc=0x00000269a9182914 method=org.objectweb.asm.Label.resolve([BI)Z @ 80 c2
Event: 24.835 Thread 0x00000269ba12f800 DEOPT PACKING pc=0x00000269a9182914 sp=0x000000fa87ef5b90
Event: 24.835 Thread 0x00000269ba12f800 DEOPT UNPACKING pc=0x00000269a13ba1af sp=0x000000fa87ef5ab0 mode 2
Event: 24.835 Thread 0x00000269ba12f800 Uncommon trap: trap_request=0xffffff4d fr.pc=0x00000269a914b824 relative=0x0000000000000204
Event: 24.835 Thread 0x00000269ba12f800 Uncommon trap: reason=unstable_if action=reinterpret pc=0x00000269a914b824 method=org.objectweb.asm.Label.resolve([BI)Z @ 80 c2
Event: 24.835 Thread 0x00000269ba12f800 DEOPT PACKING pc=0x00000269a914b824 sp=0x000000fa87ef5b20
Event: 24.835 Thread 0x00000269ba12f800 DEOPT UNPACKING pc=0x00000269a13ba1af sp=0x000000fa87ef5aa0 mode 2
Event: 24.857 Thread 0x00000269ba12f800 DEOPT PACKING pc=0x00000269a1e52f11 sp=0x000000fa87ef61e0
Event: 24.857 Thread 0x00000269ba12f800 DEOPT UNPACKING pc=0x00000269a13ba95e sp=0x000000fa87ef56b8 mode 0

Classes redefined (0 events):
No events

Internal exceptions (20 events):
Event: 19.564 Thread 0x00000269ba12f800 Exception <a 'java/security/PrivilegedActionException'{0x0000000088af12c0}> (0x0000000088af12c0) thrown at [./src/hotspot/share/prims/jvm.cpp, line 1306]
Event: 19.564 Thread 0x00000269ba12f800 Exception <a 'java/security/PrivilegedActionException'{0x0000000088af44c0}> (0x0000000088af44c0) thrown at [./src/hotspot/share/prims/jvm.cpp, line 1306]
Event: 19.564 Thread 0x00000269ba12f800 Exception <a 'java/security/PrivilegedActionException'{0x0000000088af5cf0}> (0x0000000088af5cf0) thrown at [./src/hotspot/share/prims/jvm.cpp, line 1306]
Event: 20.000 Thread 0x00000269ba12f800 Exception <a 'java/lang/NoSuchMethodError'{0x0000000087da1ca0}: 'java.lang.Object java.lang.invoke.DirectMethodHandle$Holder.invokeStatic(java.lang.Object, java.lang.Object, java.lang.Object, java.lang.Object, int)'> (0x0000000087da1ca0) thrown at [./src/hotspot/share/interpreter/linkResolver.cpp, line 773]
Event: 20.000 Thread 0x00000269ba12f800 Exception <a 'java/lang/NoSuchMethodError'{0x0000000087da6ba0}: 'java.lang.Object java.lang.invoke.DirectMethodHandle$Holder.invokeSpecial(java.lang.Object, java.lang.Object, java.lang.Object, java.lang.Object, java.lang.Object, int)'> (0x0000000087da6ba0) thrown at [./src/hotspot/share/interpreter/linkResolver.cpp, line 773]
Event: 20.001 Thread 0x00000269ba12f800 Exception <a 'java/lang/NoSuchMethodError'{0x0000000087dab488}: 'java.lang.Object java.lang.invoke.Invokers$Holder.linkToTargetMethod(java.lang.Object, java.lang.Object, java.lang.Object, int, java.lang.Object)'> (0x0000000087dab488) thrown at [./src/hotspot/share/interpreter/linkResolver.cpp, line 773]
Event: 20.508 Thread 0x00000269ba12f800 Exception <a 'java/lang/NoSuchMethodError'{0x00000000883f8c60}: 'java.lang.Object java.lang.invoke.DirectMethodHandle$Holder.invokeSpecial(java.lang.Object, java.lang.Object, int, int, java.lang.Object, java.lang.Object, java.lang.Object)'> (0x00000000883f8c60) thrown at [./src/hotspot/share/interpreter/linkResolver.cpp, line 773]
Event: 20.509 Thread 0x00000269ba12f800 Exception <a 'java/lang/NoSuchMethodError'{0x00000000883fd488}: 'java.lang.Object java.lang.invoke.DelegatingMethodHandle$Holder.reinvoke_L(java.lang.Object, int, int, java.lang.Object, java.lang.Object, java.lang.Object)'> (0x00000000883fd488) thrown at [./src/hotspot/share/interpreter/linkResolver.cpp, line 773]
Event: 21.178 Thread 0x00000269ba12f800 Exception <a 'java/lang/NoSuchMethodError'{0x0000000087d19238}: 'int java.lang.invoke.DirectMethodHandle$Holder.invokeInterface(java.lang.Object, java.lang.Object, java.lang.Object, java.lang.Object)'> (0x0000000087d19238) thrown at [./src/hotspot/share/interpreter/linkResolver.cpp, line 773]
Event: 22.261 Thread 0x00000269ba12f800 Exception <a 'java/lang/IncompatibleClassChangeError'{0x0000000089331dc0}: Found class java.lang.Object, but interface was expected> (0x0000000089331dc0) thrown at [./src/hotspot/share/interpreter/linkResolver.cpp, line 839]
Event: 22.590 Thread 0x00000269ba12f800 Implicit null exception at 0x00000269a8f8508b to 0x00000269a8f85164
Event: 23.351 Thread 0x00000269ba12f800 Exception <a 'sun/nio/fs/WindowsException'{0x000000008a335b98}> (0x000000008a335b98) thrown at [./src/hotspot/share/prims/jni.cpp, line 616]
Event: 24.500 Thread 0x00000269ba12f800 Exception <a 'java/lang/ClassNotFoundException'{0x000000008a103ec8}: org/gradle/api/plugins/internal/DefaultBasePluginConventionBeanInfo> (0x000000008a103ec8) thrown at [./src/hotspot/share/classfile/systemDictionary.cpp, line 231]
Event: 24.503 Thread 0x00000269ba12f800 Exception <a 'java/lang/ClassNotFoundException'{0x000000008a1459a0}: org/gradle/api/plugins/BasePluginConventionBeanInfo> (0x000000008a1459a0) thrown at [./src/hotspot/share/classfile/systemDictionary.cpp, line 231]
Event: 24.507 Thread 0x00000269ba12f800 Exception <a 'java/lang/ClassNotFoundException'{0x000000008a1878d8}: org/gradle/api/plugins/BasePluginConventionCustomizer> (0x000000008a1878d8) thrown at [./src/hotspot/share/classfile/systemDictionary.cpp, line 231]
Event: 24.510 Thread 0x00000269ba12f800 Exception <a 'java/lang/ClassNotFoundException'{0x000000008a1db4d0}: org/gradle/api/plugins/internal/DefaultBasePluginConventionCustomizer> (0x000000008a1db4d0) thrown at [./src/hotspot/share/classfile/systemDictionary.cpp, line 231]
Event: 24.525 Thread 0x00000269ba12f800 Exception <a 'java/lang/ClassNotFoundException'{0x000000008a063728}: org/gradle/api/plugins/internal/DefaultJavaPluginConventionBeanInfo> (0x000000008a063728) thrown at [./src/hotspot/share/classfile/systemDictionary.cpp, line 231]
Event: 24.527 Thread 0x00000269ba12f800 Exception <a 'java/lang/ClassNotFoundException'{0x000000008a0a54d8}: org/gradle/api/plugins/JavaPluginConventionBeanInfo> (0x000000008a0a54d8) thrown at [./src/hotspot/share/classfile/systemDictionary.cpp, line 231]
Event: 24.530 Thread 0x00000269ba12f800 Exception <a 'java/lang/ClassNotFoundException'{0x000000008a0e71c8}: org/gradle/api/plugins/JavaPluginConventionCustomizer> (0x000000008a0e71c8) thrown at [./src/hotspot/share/classfile/systemDictionary.cpp, line 231]
Event: 24.534 Thread 0x00000269ba12f800 Exception <a 'java/lang/ClassNotFoundException'{0x0000000089f44fd8}: org/gradle/api/plugins/internal/DefaultJavaPluginConventionCustomizer> (0x0000000089f44fd8) thrown at [./src/hotspot/share/classfile/systemDictionary.cpp, line 231]

Events (20 events):
Event: 25.079 loading class com/android/tools/build/jetifier/core/PackageMap
Event: 25.079 loading class com/android/tools/build/jetifier/core/PackageMap done
Event: 25.080 loading class com/android/tools/build/jetifier/core/PackageMap$Companion
Event: 25.080 loading class com/android/tools/build/jetifier/core/PackageMap$Companion done
Event: 25.081 loading class com/android/tools/build/jetifier/core/pom/PomRewriteRule
Event: 25.081 loading class com/android/tools/build/jetifier/core/pom/PomRewriteRule done
Event: 25.082 loading class com/android/tools/build/jetifier/core/pom/PomRewriteRule$Companion
Event: 25.082 loading class com/android/tools/build/jetifier/core/pom/PomRewriteRule$Companion done
Event: 25.085 loading class com/android/tools/build/jetifier/core/pom/DependencyVersionsMap
Event: 25.085 loading class com/android/tools/build/jetifier/core/pom/DependencyVersionsMap done
Event: 25.086 loading class com/android/tools/build/jetifier/core/pom/DependencyVersionsMap$Companion
Event: 25.086 loading class com/android/tools/build/jetifier/core/pom/DependencyVersionsMap$Companion done
Event: 25.087 loading class kotlin/collections/EmptyMap
Event: 25.087 loading class kotlin/collections/EmptyMap done
Event: 25.093 loading class com/android/tools/build/jetifier/core/type/JavaType
Event: 25.093 loading class com/android/tools/build/jetifier/core/type/JavaType done
Event: 25.094 loading class com/android/tools/build/jetifier/core/type/JavaType$Companion
Event: 25.094 loading class com/android/tools/build/jetifier/core/type/JavaType$Companion done
Event: 25.099 Executing VM operation: CGC_Operation
Event: 25.099 Executing VM operation: CGC_Operation done


Dynamic libraries:
0x00007ff645980000 - 0x00007ff64598a000 	C:\Program Files\Android\Android Studio\jre\bin\java.exe
0x00007ff9e7250000 - 0x00007ff9e7464000 	C:\WINDOWS\SYSTEM32\ntdll.dll
0x00007ff9e5fd0000 - 0x00007ff9e6093000 	C:\WINDOWS\System32\KERNEL32.DLL
0x00007ff9e4740000 - 0x00007ff9e4adc000 	C:\WINDOWS\System32\KERNELBASE.dll
0x00007ff9e4f40000 - 0x00007ff9e5051000 	C:\WINDOWS\System32\ucrtbase.dll
0x00007ff9d8980000 - 0x00007ff9d8997000 	C:\Program Files\Android\Android Studio\jre\bin\VCRUNTIME140.dll
0x00007ff9d2200000 - 0x00007ff9d2219000 	C:\Program Files\Android\Android Studio\jre\bin\jli.dll
0x00007ff9e5d00000 - 0x00007ff9e5ead000 	C:\WINDOWS\System32\USER32.dll
0x00007ff9e4710000 - 0x00007ff9e4736000 	C:\WINDOWS\System32\win32u.dll
0x00007ff9cd780000 - 0x00007ff9cda0e000 	C:\WINDOWS\WinSxS\amd64_microsoft.windows.common-controls_6595b64144ccf1df_6.0.22621.608_none_a9444ca7c10bb01d\COMCTL32.dll
0x00007ff9e5b60000 - 0x00007ff9e5b89000 	C:\WINDOWS\System32\GDI32.dll
0x00007ff9e5eb0000 - 0x00007ff9e5f57000 	C:\WINDOWS\System32\msvcrt.dll
0x00007ff9e4e20000 - 0x00007ff9e4f32000 	C:\WINDOWS\System32\gdi32full.dll
0x00007ff9e4ba0000 - 0x00007ff9e4c3a000 	C:\WINDOWS\System32\msvcp_win.dll
0x00007ff9e5cc0000 - 0x00007ff9e5cf2000 	C:\WINDOWS\System32\IMM32.DLL
0x00007ff9ba590000 - 0x00007ff9ba62d000 	C:\Program Files\Android\Android Studio\jre\bin\msvcp140.dll
0x00007ff980340000 - 0x00007ff980e42000 	C:\Program Files\Android\Android Studio\jre\bin\server\jvm.dll
0x00007ff9e5b90000 - 0x00007ff9e5c3e000 	C:\WINDOWS\System32\ADVAPI32.dll
0x00007ff9e5260000 - 0x00007ff9e5304000 	C:\WINDOWS\System32\sechost.dll
0x00007ff9e5140000 - 0x00007ff9e5255000 	C:\WINDOWS\System32\RPCRT4.dll
0x00007ff9e6250000 - 0x00007ff9e6258000 	C:\WINDOWS\System32\PSAPI.DLL
0x00007ff9ddec0000 - 0x00007ff9ddef4000 	C:\WINDOWS\SYSTEM32\WINMM.dll
0x00007ff9e1940000 - 0x00007ff9e1949000 	C:\WINDOWS\SYSTEM32\WSOCK32.dll
0x00007ff9dfd70000 - 0x00007ff9dfd7a000 	C:\WINDOWS\SYSTEM32\VERSION.dll
0x00007ff9e6260000 - 0x00007ff9e62d1000 	C:\WINDOWS\System32\WS2_32.dll
0x00007ff9e36b0000 - 0x00007ff9e36c8000 	C:\WINDOWS\SYSTEM32\kernel.appcore.dll
0x00007ff9d6650000 - 0x00007ff9d6661000 	C:\Program Files\Android\Android Studio\jre\bin\verify.dll
0x00007ff9e2130000 - 0x00007ff9e235e000 	C:\WINDOWS\SYSTEM32\DBGHELP.DLL
0x00007ff9e63e0000 - 0x00007ff9e676a000 	C:\WINDOWS\System32\combase.dll
0x00007ff9e5060000 - 0x00007ff9e5137000 	C:\WINDOWS\System32\OLEAUT32.dll
0x00007ff9dbab0000 - 0x00007ff9dbae2000 	C:\WINDOWS\SYSTEM32\dbgcore.DLL
0x00007ff9e4690000 - 0x00007ff9e470b000 	C:\WINDOWS\System32\bcryptPrimitives.dll
0x00007ff9d5580000 - 0x00007ff9d55a9000 	C:\Program Files\Android\Android Studio\jre\bin\java.dll
0x00007ff9dbb00000 - 0x00007ff9dbb0b000 	C:\Program Files\Android\Android Studio\jre\bin\jimage.dll
0x00007ff9d6230000 - 0x00007ff9d6248000 	C:\Program Files\Android\Android Studio\jre\bin\zip.dll
0x00007ff9e5360000 - 0x00007ff9e5b4f000 	C:\WINDOWS\System32\SHELL32.dll
0x00007ff9e2630000 - 0x00007ff9e2ef8000 	C:\WINDOWS\SYSTEM32\windows.storage.dll
0x00007ff9e24f0000 - 0x00007ff9e262e000 	C:\WINDOWS\SYSTEM32\wintypes.dll
0x00007ff9e6770000 - 0x00007ff9e6861000 	C:\WINDOWS\System32\SHCORE.dll
0x00007ff9e6d30000 - 0x00007ff9e6d8e000 	C:\WINDOWS\System32\shlwapi.dll
0x00007ff9e45c0000 - 0x00007ff9e45e1000 	C:\WINDOWS\SYSTEM32\profapi.dll
0x00007ff9d5560000 - 0x00007ff9d557a000 	C:\Program Files\Android\Android Studio\jre\bin\net.dll
0x00007ff9d9c30000 - 0x00007ff9d9d5f000 	C:\WINDOWS\SYSTEM32\WINHTTP.dll
0x00007ff9e3b30000 - 0x00007ff9e3b99000 	C:\WINDOWS\system32\mswsock.dll
0x00007ff9d2220000 - 0x00007ff9d2234000 	C:\Program Files\Android\Android Studio\jre\bin\nio.dll
0x00007ff9d19b0000 - 0x00007ff9d19d7000 	C:\Users\90501\.gradle\native\e1d6ef7f7dcc3fd88c89a11ec53ec762bb8ba0a96d01ffa2cd45eb1d1d8dd5c5\windows-amd64\native-platform.dll
0x00007ff9abde0000 - 0x00007ff9abf24000 	C:\Users\90501\.gradle\native\0d407fdbe67a94daf76414ababcb853783967236a71b16ec16e742cd7a986fd3\windows-amd64\native-platform-file-events.dll
0x00007ff9db5e0000 - 0x00007ff9db5ea000 	C:\Program Files\Android\Android Studio\jre\bin\management.dll
0x00007ff9d97a0000 - 0x00007ff9d97ad000 	C:\Program Files\Android\Android Studio\jre\bin\management_ext.dll
0x00007ff9e3db0000 - 0x00007ff9e3dcb000 	C:\WINDOWS\SYSTEM32\CRYPTSP.dll
0x00007ff9e3620000 - 0x00007ff9e3655000 	C:\WINDOWS\system32\rsaenh.dll
0x00007ff9e3c40000 - 0x00007ff9e3c68000 	C:\WINDOWS\SYSTEM32\USERENV.dll
0x00007ff9e3f60000 - 0x00007ff9e3f88000 	C:\WINDOWS\SYSTEM32\bcrypt.dll
0x00007ff9e3da0000 - 0x00007ff9e3dac000 	C:\WINDOWS\SYSTEM32\CRYPTBASE.dll
0x00007ff9e3150000 - 0x00007ff9e317d000 	C:\WINDOWS\SYSTEM32\IPHLPAPI.DLL
0x00007ff9e6ac0000 - 0x00007ff9e6ac9000 	C:\WINDOWS\System32\NSI.dll
0x00007ff9d93c0000 - 0x00007ff9d93d9000 	C:\WINDOWS\SYSTEM32\dhcpcsvc6.DLL
0x00007ff9d93a0000 - 0x00007ff9d93bf000 	C:\WINDOWS\SYSTEM32\dhcpcsvc.DLL
0x00007ff9e3210000 - 0x00007ff9e3303000 	C:\WINDOWS\SYSTEM32\DNSAPI.dll

dbghelp: loaded successfully - version: 4.0.5 - missing functions: none
symbol engine: initialized successfully - sym options: 0x614 - pdb path: .;C:\Program Files\Android\Android Studio\jre\bin;C:\WINDOWS\SYSTEM32;C:\WINDOWS\WinSxS\amd64_microsoft.windows.common-controls_6595b64144ccf1df_6.0.22621.608_none_a9444ca7c10bb01d;C:\Program Files\Android\Android Studio\jre\bin\server;C:\Users\90501\.gradle\native\e1d6ef7f7dcc3fd88c89a11ec53ec762bb8ba0a96d01ffa2cd45eb1d1d8dd5c5\windows-amd64;C:\Users\90501\.gradle\native\0d407fdbe67a94daf76414ababcb853783967236a71b16ec16e742cd7a986fd3\windows-amd64

VM Arguments:
jvm_args: --add-opens=java.base/java.util=ALL-UNNAMED --add-opens=java.base/java.lang=ALL-UNNAMED --add-opens=java.base/java.lang.invoke=ALL-UNNAMED --add-opens=java.base/java.util=ALL-UNNAMED --add-opens=java.prefs/java.util.prefs=ALL-UNNAMED --add-opens=java.prefs/java.util.prefs=ALL-UNNAMED --add-opens=java.base/java.nio.charset=ALL-UNNAMED --add-opens=java.base/java.net=ALL-UNNAMED --add-opens=java.base/java.util.concurrent.atomic=ALL-UNNAMED -Xmx2048m -Dfile.encoding=UTF-8 -Duser.country=GB -Duser.language=en -Duser.variant 
java_command: org.gradle.launcher.daemon.bootstrap.GradleDaemon 7.4
java_class_path (initial): C:\Users\90501\.gradle\wrapper\dists\gradle-7.4-bin\c0gwcg53nkjbqw7r0h0umtfvt\gradle-7.4\lib\gradle-launcher-7.4.jar
Launcher Type: SUN_STANDARD

[Global flags]
     intx CICompilerCount                          = 4                                         {product} {ergonomic}
     uint ConcGCThreads                            = 2                                         {product} {ergonomic}
     uint G1ConcRefinementThreads                  = 8                                         {product} {ergonomic}
   size_t G1HeapRegionSize                         = 1048576                                   {product} {ergonomic}
    uintx GCDrainStackTargetSize                   = 64                                        {product} {ergonomic}
   size_t InitialHeapSize                          = 100663296                                 {product} {ergonomic}
   size_t MarkStackSize                            = 4194304                                   {product} {ergonomic}
   size_t MaxHeapSize                              = 2147483648                                {product} {command line}
   size_t MaxNewSize                               = 1287651328                                {product} {ergonomic}
   size_t MinHeapDeltaBytes                        = 1048576                                   {product} {ergonomic}
    uintx NonNMethodCodeHeapSize                   = 5836300                                {pd product} {ergonomic}
    uintx NonProfiledCodeHeapSize                  = 122910970                              {pd product} {ergonomic}
    uintx ProfiledCodeHeapSize                     = 122910970                              {pd product} {ergonomic}
    uintx ReservedCodeCacheSize                    = 251658240                              {pd product} {ergonomic}
     bool SegmentedCodeCache                       = true                                      {product} {ergonomic}
     bool UseCompressedClassPointers               = true                                 {lp64_product} {ergonomic}
     bool UseCompressedOops                        = true                                 {lp64_product} {ergonomic}
     bool UseG1GC                                  = true                                      {product} {ergonomic}
     bool UseLargePagesIndividualAllocation        = false                                  {pd product} {ergonomic}

Logging:
Log output configuration:
 #0: stdout all=warning uptime,level,tags
 #1: stderr all=off uptime,level,tags

Environment Variables:
PATH=C:\WINDOWS\system32;C:\WINDOWS;C:\WINDOWS\System32\Wbem;C:\WINDOWS\System32\WindowsPowerShell\v1.0\;C:\WINDOWS\System32\OpenSSH\;C:\Program Files\Git\cmd;C:\xampp\php;C:\composer;C:\Program Files\java\jdk-17.0.1;C:\Program Files\PuTTY\;C:\Users\90501\AppData\Local\Microsoft\WindowsApps;C:\Users\90501\AppData\Roaming\Composer\vendor\bin;C:\Users\90501\AppData\Local\Programs\Microsoft VS Code\bin;C:\Program Files\java\jdk-17.0.1\bin;
USERNAME=90501
OS=Windows_NT
PROCESSOR_IDENTIFIER=AMD64 Family 23 Model 24 Stepping 1, AuthenticAMD



---------------  S Y S T E M  ---------------

OS: Windows 11 , 64 bit Build 22621 (10.0.22621.1194)
OS uptime: 0 days 4:23 hours
Hyper-V role detected

CPU:total 8 (initial active 8) (8 cores per cpu, 2 threads per core) family 23 model 24 stepping 1 microcode 0x0, cmov, cx8, fxsr, mmx, sse, sse2, sse3, ssse3, sse4.1, sse4.2, popcnt, avx, avx2, aes, clmul, mmxext, 3dnowpref, lzcnt, sse4a, ht, tsc, tscinvbit, tscinv, bmi1, bmi2, adx, sha, fma

Memory: 4k page, system-wide physical 6058M (100M free)
TotalPageFile size 24490M (AvailPageFile size 3M)
current process WorkingSet (physical memory assigned to process): 358M, peak: 358M
current process commit charge ("private bytes"): 409M, peak: 410M

vm_info: OpenJDK 64-Bit Server VM (11.0.13+0-b1751.21-8125866) for windows-amd64 JRE (11.0.13+0-b1751.21-8125866), built on Feb  2 2022 03:00:22 by "builder" with MS VC++ 14.0 (VS2015)

END.
