#
# There is insufficient memory for the Java Runtime Environment to continue.
# Native memory allocation (mmap) failed to map 44040192 bytes for Failed to commit area from 0x000000008cf00000 to 0x000000008f900000 of length 44040192.
# Possible reasons:
#   The system is out of physical RAM or swap space
#   The process is running with CompressedOops enabled, and the Java Heap may be blocking the growth of the native heap
# Possible solutions:
#   Reduce memory load on the system
#   Increase physical memory or swap space
#   Check if swap backing store is full
#   Decrease Java heap size (-Xmx/-Xms)
#   Decrease number of Java threads
#   Decrease Java thread stack sizes (-Xss)
#   Set larger code cache with -XX:ReservedCodeCacheSize=
#   JVM is running with Unscaled Compressed Oops mode in which the Java heap is
#     placed in the first 4GB address space. The Java Heap base address is the
#     maximum limit for the native heap growth. Please use -XX:HeapBaseMinAddress
#     to set the Java Heap base and to place the Java Heap above 4GB virtual address.
# This output file may be truncated or incomplete.
#
#  Out of Memory Error (./src/hotspot/os/windows/os_windows.cpp:3619), pid=19536, tid=21300
#
# JRE version: OpenJDK Runtime Environment (11.0.13) (build 11.0.13+0-b1751.21-8125866)
# Java VM: OpenJDK 64-Bit Server VM (11.0.13+0-b1751.21-8125866, mixed mode, tiered, compressed oops, g1 gc, windows-amd64)
# No core dump will be written. Minidumps are not enabled by default on client versions of Windows
#

---------------  S U M M A R Y ------------

Command Line: --add-opens=java.base/java.util=ALL-UNNAMED --add-opens=java.base/java.lang=ALL-UNNAMED --add-opens=java.base/java.lang.invoke=ALL-UNNAMED --add-opens=java.base/java.util=ALL-UNNAMED --add-opens=java.prefs/java.util.prefs=ALL-UNNAMED --add-opens=java.prefs/java.util.prefs=ALL-UNNAMED --add-opens=java.base/java.nio.charset=ALL-UNNAMED --add-opens=java.base/java.net=ALL-UNNAMED --add-opens=java.base/java.util.concurrent.atomic=ALL-UNNAMED -Xmx2048m -Dfile.encoding=UTF-8 -Duser.country=GB -Duser.language=en -Duser.variant org.gradle.launcher.daemon.bootstrap.GradleDaemon 7.4

Host: AMD Ryzen 7 3700U with Radeon Vega Mobile Gfx  , 8 cores, 5G,  Windows 11 , 64 bit Build 22621 (10.0.22621.1194)
Time: Thu Feb 23 16:53:28 2023 W. Europe Standard Time elapsed time: 8109.585486 seconds (0d 2h 15m 9s)

---------------  T H R E A D  ---------------

Current thread (0x0000020ccf690000):  VMThread "VM Thread" [stack: 0x0000007719700000,0x0000007719800000] [id=21300]

Stack: [0x0000007719700000,0x0000007719800000]
[error occurred during error reporting (printing stack bounds), id 0xc0000005, EXCEPTION_ACCESS_VIOLATION (0xc0000005) at pc=0x0000020cb8d3112d]

Native frames: (J=compiled Java code, j=interpreted, Vv=VM code, C=native code)
V  [jvm.dll+0x6100fa]
V  [jvm.dll+0x747090]
V  [jvm.dll+0x7486ad]
V  [jvm.dll+0x748ce5]
V  [jvm.dll+0x748c9b]
V  [jvm.dll+0x60f224]
V  [jvm.dll+0x60f9b8]
C  [ntdll.dll+0xa3eaf]
C  [ntdll.dll+0x1eae6]
C  [ntdll.dll+0xa2e9e]
C  0x0000020cb8d3112d

VM_Operation (0x000000771a8f75d0): G1CollectForAllocation, mode: safepoint, requested by thread 0x0000020cd441d000


---------------  P R O C E S S  ---------------

Threads class SMR info:
_java_thread_list=0x0000020cd9beb0c0, length=124, elements={
0x0000020cb5217000, 0x0000020ccf692800, 0x0000020ccf697000, 0x0000020cd0022800,
0x0000020ccf6b0800, 0x0000020ccf6b1000, 0x0000020ccf6b2000, 0x0000020ccf6b5800,
0x0000020ccf6ce800, 0x0000020cd0170000, 0x0000020cd1145000, 0x0000020cd1b3e000,
0x0000020cd1713000, 0x0000020cd05af800, 0x0000020cd05b2000, 0x0000020cd05b3000,
0x0000020cd05b1800, 0x0000020cd05ad800, 0x0000020cd2692000, 0x0000020cd2693800,
0x0000020cd2696000, 0x0000020cd2697000, 0x0000020cd2697800, 0x0000020cd4429800,
0x0000020cd442b000, 0x0000020cd56bb000, 0x0000020cd56b8800, 0x0000020cd56bc000,
0x0000020cd56ba000, 0x0000020cd441c800, 0x0000020cd4423000, 0x0000020cd441f800,
0x0000020cd441d000, 0x0000020cd4423800, 0x0000020cd441e000, 0x0000020cd4424800,
0x0000020cd441f000, 0x0000020cd4425800, 0x0000020cd4426000, 0x0000020cd4422000,
0x0000020cd4420800, 0x0000020cd4427000, 0x0000020cd4421800, 0x0000020cd4428000,
0x0000020cd4428800, 0x0000020cd442a800, 0x0000020cd56b6000, 0x0000020cd56bc800,
0x0000020cd56b7000, 0x0000020cd56bd800, 0x0000020cd56b7800, 0x0000020cd56be800,
0x0000020cd56bf000, 0x0000020cd56b9800, 0x0000020cd56c0000, 0x0000020cd56c1800,
0x0000020cd56c4000, 0x0000020cd56c0800, 0x0000020cd56c3000, 0x0000020cd56c2800,
0x0000020cd56c5000, 0x0000020cd2691000, 0x0000020cd269a000, 0x0000020cd269b800,
0x0000020cd269d800, 0x0000020cd269e000, 0x0000020cd2698800, 0x0000020cd2699000,
0x0000020cd269b000, 0x0000020cd2876000, 0x0000020cd2877800, 0x0000020cd287a000,
0x0000020cd2878800, 0x0000020cd287a800, 0x0000020cd287c800, 0x0000020cd287b800,
0x0000020cd2876800, 0x0000020cd05b4000, 0x0000020cd05ae000, 0x0000020cd05af000,
0x0000020cd05b0800, 0x0000020cd76c5000, 0x0000020cd76c9000, 0x0000020cd76c6800,
0x0000020cd76c9800, 0x0000020cd76cb800, 0x0000020cd76c5800, 0x0000020cd76cc000,
0x0000020cd76c7800, 0x0000020cd76c8000, 0x0000020cd76cd000, 0x0000020cd76d0800,
0x0000020cd76ce000, 0x0000020cd76ce800, 0x0000020cd76cf800, 0x0000020cd76ca800,
0x0000020cd76d1000, 0x0000020cd76d2000, 0x0000020cd76d2800, 0x0000020cd76d3800,
0x0000020cd2cbd000, 0x0000020cd2cc0000, 0x0000020cd2cc1000, 0x0000020cd2cbc000,
0x0000020cd2cbe000, 0x0000020cd2cc3800, 0x0000020cd2cc2000, 0x0000020cd2cbe800,
0x0000020cd2cc4800, 0x0000020cd2cbf800, 0x0000020cd2cc5000, 0x0000020cd2cc6000,
0x0000020cd2cc7000, 0x0000020cd2cc8800, 0x0000020cd2cc7800, 0x0000020cd2cc2800,
0x0000020cd2cc9000, 0x0000020cd2cca000, 0x0000020cd2ccb000, 0x0000020cd2413000,
0x0000020cd2412000, 0x0000020cd2415000, 0x0000020cd2418800, 0x0000020cd241b000
}

Java Threads: ( => current thread )
  0x0000020cb5217000 JavaThread "main" [_thread_blocked, id=9040, stack(0x0000007719100000,0x0000007719200000)]
  0x0000020ccf692800 JavaThread "Reference Handler" daemon [_thread_blocked, id=16396, stack(0x0000007719800000,0x0000007719900000)]
  0x0000020ccf697000 JavaThread "Finalizer" daemon [_thread_blocked, id=10404, stack(0x0000007719900000,0x0000007719a00000)]
  0x0000020cd0022800 JavaThread "Signal Dispatcher" daemon [_thread_blocked, id=2640, stack(0x0000007719a00000,0x0000007719b00000)]
  0x0000020ccf6b0800 JavaThread "Attach Listener" daemon [_thread_blocked, id=22152, stack(0x0000007719b00000,0x0000007719c00000)]
  0x0000020ccf6b1000 JavaThread "Service Thread" daemon [_thread_blocked, id=20828, stack(0x0000007719c00000,0x0000007719d00000)]
  0x0000020ccf6b2000 JavaThread "C2 CompilerThread0" daemon [_thread_blocked, id=11468, stack(0x0000007719d00000,0x0000007719e00000)]
  0x0000020ccf6b5800 JavaThread "C1 CompilerThread0" daemon [_thread_blocked, id=15444, stack(0x0000007719e00000,0x0000007719f00000)]
  0x0000020ccf6ce800 JavaThread "Sweeper thread" daemon [_thread_blocked, id=22196, stack(0x0000007719f00000,0x000000771a000000)]
  0x0000020cd0170000 JavaThread "Common-Cleaner" daemon [_thread_blocked, id=7924, stack(0x000000771a000000,0x000000771a100000)]
  0x0000020cd1145000 JavaThread "Daemon health stats" [_thread_blocked, id=21384, stack(0x000000771a300000,0x000000771a400000)]
  0x0000020cd1b3e000 JavaThread "Incoming local TCP Connector on port 58356" [_thread_in_native, id=17436, stack(0x000000771a600000,0x000000771a700000)]
  0x0000020cd1713000 JavaThread "Daemon periodic checks" [_thread_blocked, id=7620, stack(0x000000771a700000,0x000000771a800000)]
  0x0000020cd05af800 JavaThread "Cache worker for journal cache (C:\Users\90501\.gradle\caches\journal-1)" [_thread_blocked, id=5364, stack(0x000000771b000000,0x000000771b100000)]
  0x0000020cd05b2000 JavaThread "File lock request listener" [_thread_in_native, id=13476, stack(0x000000771b100000,0x000000771b200000)]
  0x0000020cd05b3000 JavaThread "Cache worker for file hash cache (C:\Users\90501\.gradle\caches\7.4\fileHashes)" [_thread_blocked, id=19344, stack(0x000000771b200000,0x000000771b300000)]
  0x0000020cd05b1800 JavaThread "File watcher server" daemon [_thread_blocked, id=11060, stack(0x000000771b800000,0x000000771b900000)]
  0x0000020cd05ad800 JavaThread "File watcher consumer" daemon [_thread_blocked, id=19964, stack(0x000000771b900000,0x000000771ba00000)]
  0x0000020cd2692000 JavaThread "Cache worker for execution history cache (C:\Users\90501\.gradle\caches\7.4\executionHistory)" [_thread_blocked, id=9416, stack(0x000000771be00000,0x000000771bf00000)]
  0x0000020cd2693800 JavaThread "jar transforms" [_thread_blocked, id=15440, stack(0x000000771bf00000,0x000000771c000000)]
  0x0000020cd2696000 JavaThread "Cache worker for file content cache (C:\Users\90501\.gradle\caches\7.4\fileContent)" [_thread_blocked, id=11088, stack(0x000000771c000000,0x000000771c100000)]
  0x0000020cd2697000 JavaThread "jar transforms Thread 2" [_thread_blocked, id=2336, stack(0x000000771c100000,0x000000771c200000)]
  0x0000020cd2697800 JavaThread "jar transforms Thread 3" [_thread_blocked, id=16484, stack(0x000000771c300000,0x000000771c400000)]
  0x0000020cd4429800 JavaThread "jar transforms Thread 4" [_thread_blocked, id=11776, stack(0x0000007721500000,0x0000007721600000)]
  0x0000020cd442b000 JavaThread "jar transforms Thread 5" [_thread_blocked, id=21028, stack(0x0000007721600000,0x0000007721700000)]
  0x0000020cd56bb000 JavaThread "jar transforms Thread 6" [_thread_blocked, id=10332, stack(0x0000007721700000,0x0000007721800000)]
  0x0000020cd56b8800 JavaThread "jar transforms Thread 7" [_thread_blocked, id=6596, stack(0x0000007721800000,0x0000007721900000)]
  0x0000020cd56bc000 JavaThread "jar transforms Thread 8" [_thread_blocked, id=11280, stack(0x0000007721900000,0x0000007721a00000)]
  0x0000020cd56ba000 JavaThread "Memory manager" [_thread_blocked, id=7524, stack(0x000000771ae00000,0x000000771af00000)]
  0x0000020cd441c800 JavaThread "Daemon Thread 2" [_thread_blocked, id=26484, stack(0x0000007718e00000,0x0000007718f00000)]
  0x0000020cd4423000 JavaThread "Handler for socket connection from /127.0.0.1:58356 to /127.0.0.1:53377" [_thread_in_native, id=25820, stack(0x0000007718f00000,0x0000007719000000)]
  0x0000020cd441f800 JavaThread "Cancel handler" [_thread_blocked, id=8504, stack(0x0000007719000000,0x0000007719100000)]
  0x0000020cd441d000 JavaThread "Daemon worker Thread 2" [_thread_blocked, id=20008, stack(0x000000771a800000,0x000000771a900000)]
  0x0000020cd4423800 JavaThread "Asynchronous log dispatcher for DefaultDaemonConnection: socket connection from /127.0.0.1:58356 to /127.0.0.1:53377" [_thread_blocked, id=25300, stack(0x000000771a900000,0x000000771aa00000)]
  0x0000020cd441e000 JavaThread "Stdin handler" [_thread_blocked, id=18928, stack(0x000000771aa00000,0x000000771ab00000)]
  0x0000020cd4424800 JavaThread "Daemon client event forwarder" [_thread_blocked, id=10936, stack(0x000000771ab00000,0x000000771ac00000)]
  0x0000020cd441f000 JavaThread "Cache worker for checksums cache (C:\Users\90501\AndroidStudioProjects\Maptask\.gradle\7.4\checksums)" [_thread_blocked, id=2076, stack(0x000000771ac00000,0x000000771ad00000)]
  0x0000020cd4425800 JavaThread "Cache worker for cache directory md-rule (C:\Users\90501\.gradle\caches\7.4\md-rule)" [_thread_blocked, id=19628, stack(0x000000771ad00000,0x000000771ae00000)]
  0x0000020cd4426000 JavaThread "Cache worker for file hash cache (C:\Users\90501\AndroidStudioProjects\Maptask\.gradle\7.4\fileHashes)" [_thread_blocked, id=24556, stack(0x000000771af00000,0x000000771b000000)]
  0x0000020cd4422000 JavaThread "Cache worker for cache directory md-supplier (C:\Users\90501\.gradle\caches\7.4\md-supplier)" [_thread_blocked, id=17572, stack(0x000000771ba00000,0x000000771bb00000)]
  0x0000020cd4420800 JavaThread "Cache worker for dependencies-accessors (C:\Users\90501\AndroidStudioProjects\Maptask\.gradle\7.4\dependencies-accessors)" [_thread_blocked, id=10252, stack(0x000000771bb00000,0x000000771bc00000)]
  0x0000020cd4427000 JavaThread "Cache worker for Build Output Cleanup Cache (C:\Users\90501\AndroidStudioProjects\Maptask\.gradle\buildOutputCleanup)" [_thread_blocked, id=25440, stack(0x000000771bc00000,0x000000771bd00000)]
  0x0000020cd4421800 JavaThread "Unconstrained build operations" [_thread_blocked, id=26392, stack(0x000000771bd00000,0x000000771be00000)]
  0x0000020cd4428000 JavaThread "Unconstrained build operations Thread 2" [_thread_blocked, id=22016, stack(0x000000771c200000,0x000000771c300000)]
  0x0000020cd4428800 JavaThread "Unconstrained build operations Thread 3" [_thread_blocked, id=21912, stack(0x000000771c400000,0x000000771c500000)]
  0x0000020cd442a800 JavaThread "Unconstrained build operations Thread 4" [_thread_blocked, id=5856, stack(0x000000771c500000,0x000000771c600000)]
  0x0000020cd56b6000 JavaThread "Unconstrained build operations Thread 5" [_thread_blocked, id=6196, stack(0x000000771c600000,0x000000771c700000)]
  0x0000020cd56bc800 JavaThread "Unconstrained build operations Thread 6" [_thread_blocked, id=20940, stack(0x000000771c700000,0x000000771c800000)]
  0x0000020cd56b7000 JavaThread "Unconstrained build operations Thread 7" [_thread_blocked, id=2360, stack(0x000000771c800000,0x000000771c900000)]
  0x0000020cd56bd800 JavaThread "Unconstrained build operations Thread 8" [_thread_blocked, id=26400, stack(0x000000771c900000,0x000000771ca00000)]
  0x0000020cd56b7800 JavaThread "Unconstrained build operations Thread 9" [_thread_blocked, id=23936, stack(0x000000771ca00000,0x000000771cb00000)]
  0x0000020cd56be800 JavaThread "Unconstrained build operations Thread 10" [_thread_blocked, id=8260, stack(0x000000771cb00000,0x000000771cc00000)]
  0x0000020cd56bf000 JavaThread "Unconstrained build operations Thread 11" [_thread_blocked, id=26052, stack(0x000000771cc00000,0x000000771cd00000)]
  0x0000020cd56b9800 JavaThread "Unconstrained build operations Thread 12" [_thread_blocked, id=5064, stack(0x000000771cd00000,0x000000771ce00000)]
  0x0000020cd56c0000 JavaThread "Unconstrained build operations Thread 13" [_thread_blocked, id=24456, stack(0x000000771ce00000,0x000000771cf00000)]
  0x0000020cd56c1800 JavaThread "Unconstrained build operations Thread 14" [_thread_blocked, id=9068, stack(0x000000771cf00000,0x000000771d000000)]
  0x0000020cd56c4000 JavaThread "Unconstrained build operations Thread 15" [_thread_blocked, id=15040, stack(0x000000771d000000,0x000000771d100000)]
  0x0000020cd56c0800 JavaThread "Unconstrained build operations Thread 16" [_thread_blocked, id=24216, stack(0x000000771d100000,0x000000771d200000)]
  0x0000020cd56c3000 JavaThread "Unconstrained build operations Thread 17" [_thread_blocked, id=2188, stack(0x000000771d200000,0x000000771d300000)]
  0x0000020cd56c2800 JavaThread "Unconstrained build operations Thread 18" [_thread_blocked, id=13480, stack(0x000000771d300000,0x000000771d400000)]
  0x0000020cd56c5000 JavaThread "Unconstrained build operations Thread 19" [_thread_blocked, id=24136, stack(0x000000771d400000,0x000000771d500000)]
  0x0000020cd2691000 JavaThread "Unconstrained build operations Thread 20" [_thread_blocked, id=9400, stack(0x000000771d500000,0x000000771d600000)]
  0x0000020cd269a000 JavaThread "Unconstrained build operations Thread 21" [_thread_blocked, id=22752, stack(0x000000771d600000,0x000000771d700000)]
  0x0000020cd269b800 JavaThread "Unconstrained build operations Thread 22" [_thread_blocked, id=26184, stack(0x000000771d700000,0x000000771d800000)]
  0x0000020cd269d800 JavaThread "Unconstrained build operations Thread 23" [_thread_blocked, id=19972, stack(0x000000771d800000,0x000000771d900000)]
  0x0000020cd269e000 JavaThread "Unconstrained build operations Thread 24" [_thread_blocked, id=12596, stack(0x000000771d900000,0x000000771da00000)]
  0x0000020cd2698800 JavaThread "Unconstrained build operations Thread 25" [_thread_blocked, id=5576, stack(0x000000771da00000,0x000000771db00000)]
  0x0000020cd2699000 JavaThread "Unconstrained build operations Thread 26" [_thread_blocked, id=23332, stack(0x000000771db00000,0x000000771dc00000)]
  0x0000020cd269b000 JavaThread "Unconstrained build operations Thread 27" [_thread_blocked, id=8708, stack(0x000000771dc00000,0x000000771dd00000)]
  0x0000020cd2876000 JavaThread "Unconstrained build operations Thread 28" [_thread_blocked, id=26096, stack(0x000000771dd00000,0x000000771de00000)]
  0x0000020cd2877800 JavaThread "Unconstrained build operations Thread 29" [_thread_blocked, id=22856, stack(0x000000771de00000,0x000000771df00000)]
  0x0000020cd287a000 JavaThread "Unconstrained build operations Thread 30" [_thread_blocked, id=19808, stack(0x000000771df00000,0x000000771e000000)]
  0x0000020cd2878800 JavaThread "Unconstrained build operations Thread 31" [_thread_blocked, id=26512, stack(0x000000771e000000,0x000000771e100000)]
  0x0000020cd287a800 JavaThread "Unconstrained build operations Thread 32" [_thread_blocked, id=2396, stack(0x000000771e100000,0x000000771e200000)]
  0x0000020cd287c800 JavaThread "Unconstrained build operations Thread 33" [_thread_blocked, id=16328, stack(0x000000771e200000,0x000000771e300000)]
  0x0000020cd287b800 JavaThread "Unconstrained build operations Thread 34" [_thread_blocked, id=13064, stack(0x000000771e300000,0x000000771e400000)]
  0x0000020cd2876800 JavaThread "Unconstrained build operations Thread 35" [_thread_blocked, id=26100, stack(0x000000771e400000,0x000000771e500000)]
  0x0000020cd05b4000 JavaThread "Unconstrained build operations Thread 36" [_thread_blocked, id=25764, stack(0x000000771e500000,0x000000771e600000)]
  0x0000020cd05ae000 JavaThread "Unconstrained build operations Thread 37" [_thread_blocked, id=24192, stack(0x000000771e600000,0x000000771e700000)]
  0x0000020cd05af000 JavaThread "Unconstrained build operations Thread 38" [_thread_blocked, id=21768, stack(0x000000771e700000,0x000000771e800000)]
  0x0000020cd05b0800 JavaThread "Unconstrained build operations Thread 39" [_thread_blocked, id=14484, stack(0x000000771e800000,0x000000771e900000)]
  0x0000020cd76c5000 JavaThread "Unconstrained build operations Thread 40" [_thread_blocked, id=26388, stack(0x000000771e900000,0x000000771ea00000)]
  0x0000020cd76c9000 JavaThread "Unconstrained build operations Thread 41" [_thread_blocked, id=932, stack(0x000000771ea00000,0x000000771eb00000)]
  0x0000020cd76c6800 JavaThread "Unconstrained build operations Thread 42" [_thread_blocked, id=24324, stack(0x000000771eb00000,0x000000771ec00000)]
  0x0000020cd76c9800 JavaThread "Unconstrained build operations Thread 43" [_thread_blocked, id=25552, stack(0x000000771ec00000,0x000000771ed00000)]
  0x0000020cd76cb800 JavaThread "Unconstrained build operations Thread 44" [_thread_blocked, id=24760, stack(0x000000771ed00000,0x000000771ee00000)]
  0x0000020cd76c5800 JavaThread "Unconstrained build operations Thread 45" [_thread_blocked, id=3512, stack(0x000000771ee00000,0x000000771ef00000)]
  0x0000020cd76cc000 JavaThread "Unconstrained build operations Thread 46" [_thread_blocked, id=19920, stack(0x000000771ef00000,0x000000771f000000)]
  0x0000020cd76c7800 JavaThread "Unconstrained build operations Thread 47" [_thread_blocked, id=11388, stack(0x000000771f000000,0x000000771f100000)]
  0x0000020cd76c8000 JavaThread "Unconstrained build operations Thread 48" [_thread_blocked, id=25768, stack(0x000000771f100000,0x000000771f200000)]
  0x0000020cd76cd000 JavaThread "Unconstrained build operations Thread 49" [_thread_blocked, id=26208, stack(0x000000771f200000,0x000000771f300000)]
  0x0000020cd76d0800 JavaThread "Unconstrained build operations Thread 50" [_thread_blocked, id=24504, stack(0x000000771f300000,0x000000771f400000)]
  0x0000020cd76ce000 JavaThread "Unconstrained build operations Thread 51" [_thread_blocked, id=23420, stack(0x000000771f400000,0x000000771f500000)]
  0x0000020cd76ce800 JavaThread "Unconstrained build operations Thread 52" [_thread_blocked, id=11488, stack(0x000000771f500000,0x000000771f600000)]
  0x0000020cd76cf800 JavaThread "Unconstrained build operations Thread 53" [_thread_blocked, id=3452, stack(0x000000771f600000,0x000000771f700000)]
  0x0000020cd76ca800 JavaThread "Unconstrained build operations Thread 54" [_thread_blocked, id=5320, stack(0x000000771f700000,0x000000771f800000)]
  0x0000020cd76d1000 JavaThread "Unconstrained build operations Thread 55" [_thread_blocked, id=26176, stack(0x000000771f800000,0x000000771f900000)]
  0x0000020cd76d2000 JavaThread "Unconstrained build operations Thread 56" [_thread_blocked, id=4308, stack(0x000000771f900000,0x000000771fa00000)]
  0x0000020cd76d2800 JavaThread "Unconstrained build operations Thread 57" [_thread_blocked, id=24196, stack(0x000000771fa00000,0x000000771fb00000)]
  0x0000020cd76d3800 JavaThread "Unconstrained build operations Thread 58" [_thread_blocked, id=25948, stack(0x000000771fb00000,0x000000771fc00000)]
  0x0000020cd2cbd000 JavaThread "Unconstrained build operations Thread 59" [_thread_blocked, id=11220, stack(0x000000771fc00000,0x000000771fd00000)]
  0x0000020cd2cc0000 JavaThread "Unconstrained build operations Thread 60" [_thread_blocked, id=19336, stack(0x000000771fd00000,0x000000771fe00000)]
  0x0000020cd2cc1000 JavaThread "Unconstrained build operations Thread 61" [_thread_blocked, id=25508, stack(0x000000771fe00000,0x000000771ff00000)]
  0x0000020cd2cbc000 JavaThread "Unconstrained build operations Thread 62" [_thread_blocked, id=1796, stack(0x000000771ff00000,0x0000007720000000)]
  0x0000020cd2cbe000 JavaThread "Unconstrained build operations Thread 63" [_thread_blocked, id=22760, stack(0x0000007720000000,0x0000007720100000)]
  0x0000020cd2cc3800 JavaThread "Unconstrained build operations Thread 64" [_thread_blocked, id=26064, stack(0x0000007720100000,0x0000007720200000)]
  0x0000020cd2cc2000 JavaThread "Unconstrained build operations Thread 65" [_thread_blocked, id=19752, stack(0x0000007720200000,0x0000007720300000)]
  0x0000020cd2cbe800 JavaThread "Unconstrained build operations Thread 66" [_thread_blocked, id=8280, stack(0x0000007720300000,0x0000007720400000)]
  0x0000020cd2cc4800 JavaThread "Unconstrained build operations Thread 67" [_thread_blocked, id=16420, stack(0x0000007720400000,0x0000007720500000)]
  0x0000020cd2cbf800 JavaThread "Unconstrained build operations Thread 68" [_thread_blocked, id=26076, stack(0x0000007720500000,0x0000007720600000)]
  0x0000020cd2cc5000 JavaThread "Unconstrained build operations Thread 69" [_thread_blocked, id=26352, stack(0x0000007720600000,0x0000007720700000)]
  0x0000020cd2cc6000 JavaThread "Unconstrained build operations Thread 70" [_thread_blocked, id=22560, stack(0x0000007720700000,0x0000007720800000)]
  0x0000020cd2cc7000 JavaThread "Unconstrained build operations Thread 71" [_thread_blocked, id=15612, stack(0x0000007720800000,0x0000007720900000)]
  0x0000020cd2cc8800 JavaThread "Unconstrained build operations Thread 72" [_thread_blocked, id=24424, stack(0x0000007720900000,0x0000007720a00000)]
  0x0000020cd2cc7800 JavaThread "Unconstrained build operations Thread 73" [_thread_blocked, id=22796, stack(0x0000007720a00000,0x0000007720b00000)]
  0x0000020cd2cc2800 JavaThread "Unconstrained build operations Thread 74" [_thread_blocked, id=25560, stack(0x0000007720b00000,0x0000007720c00000)]
  0x0000020cd2cc9000 JavaThread "Unconstrained build operations Thread 75" [_thread_blocked, id=25592, stack(0x0000007720c00000,0x0000007720d00000)]
  0x0000020cd2cca000 JavaThread "Unconstrained build operations Thread 76" [_thread_blocked, id=4772, stack(0x0000007720d00000,0x0000007720e00000)]
  0x0000020cd2ccb000 JavaThread "Unconstrained build operations Thread 77" [_thread_blocked, id=23392, stack(0x0000007720e00000,0x0000007720f00000)]
  0x0000020cd2413000 JavaThread "Unconstrained build operations Thread 78" [_thread_blocked, id=14520, stack(0x0000007720f00000,0x0000007721000000)]
  0x0000020cd2412000 JavaThread "Unconstrained build operations Thread 79" [_thread_blocked, id=24280, stack(0x0000007721000000,0x0000007721100000)]
  0x0000020cd2415000 JavaThread "Unconstrained build operations Thread 80" [_thread_blocked, id=16368, stack(0x0000007721100000,0x0000007721200000)]
  0x0000020cd2418800 JavaThread "included builds" [_thread_blocked, id=20440, stack(0x0000007721200000,0x0000007721300000)]
  0x0000020cd241b000 JavaThread "Cache worker for execution history cache (C:\Users\90501\AndroidStudioProjects\Maptask\.gradle\7.4\executionHistory)" [_thread_blocked, id=11252, stack(0x0000007721f00000,0x0000007722000000)]

Other Threads:
=>0x0000020ccf690000 VMThread "VM Thread" [stack: 0x0000007719700000,0x0000007719800000] [id=21300]
  0x0000020cd0195000 WatcherThread [stack: 0x000000771a100000,0x000000771a200000] [id=6184]
  0x0000020cb5231000 GCTaskThread "GC Thread#0" [stack: 0x0000007719200000,0x0000007719300000] [id=9868]
  0x0000020cd0b83800 GCTaskThread "GC Thread#1" [stack: 0x000000771a200000,0x000000771a300000] [id=8372]
  0x0000020cd1538800 GCTaskThread "GC Thread#2" [stack: 0x000000771a400000,0x000000771a500000] [id=7720]
  0x0000020cd1a22800 GCTaskThread "GC Thread#3" [stack: 0x000000771a500000,0x000000771a600000] [id=2032]
  0x0000020cd1080800 GCTaskThread "GC Thread#4" [stack: 0x000000771b300000,0x000000771b400000] [id=14356]
  0x0000020cd1081000 GCTaskThread "GC Thread#5" [stack: 0x000000771b400000,0x000000771b500000] [id=11364]
  0x0000020cd19b2800 GCTaskThread "GC Thread#6" [stack: 0x000000771b500000,0x000000771b600000] [id=21812]
  0x0000020cd19b3000 GCTaskThread "GC Thread#7" [stack: 0x000000771b600000,0x000000771b700000] [id=20224]
  0x0000020cb5263000 ConcurrentGCThread "G1 Main Marker" [stack: 0x0000007719300000,0x0000007719400000] [id=5208]
  0x0000020cb5265000 ConcurrentGCThread "G1 Conc#0" [stack: 0x0000007719400000,0x0000007719500000] [id=21616]
  0x0000020cd012c800 ConcurrentGCThread "G1 Conc#1" [stack: 0x000000771b700000,0x000000771b800000] [id=15508]
  0x0000020cb52ed000 ConcurrentGCThread "G1 Refine#0" [stack: 0x0000007719500000,0x0000007719600000] [id=19072]
  0x0000020ccf4e2800 ConcurrentGCThread "G1 Young RemSet Sampling" [stack: 0x0000007719600000,0x0000007719700000] [id=15484]

Threads with active compile tasks:
C2 CompilerThread08109622 16654       4       kotlin.reflect.jvm.internal.impl.protobuf.CodedInputStream::readTag (41 bytes)
C1 CompilerThread08109622 16967   !   3       kotlin.reflect.jvm.internal.impl.metadata.ProtoBuf$Class::<init> (2087 bytes)

VM state:at safepoint (normal execution)

VM Mutex/Monitor currently owned by a thread:  ([mutex/lock_event])
[0x0000020cb5212680] Threads_lock - owner thread: 0x0000020ccf690000
[0x0000020cb5212f80] Heap_lock - owner thread: 0x0000020cd441d000

Heap address: 0x0000000080000000, size: 2048 MB, Compressed Oops mode: 32-bit
Narrow klass base: 0x0000000000000000, Narrow klass shift: 3
Compressed class space size: 1073741824 Address: 0x0000000100000000

Heap:
 garbage-first heap   total 254976K, used 183936K [0x0000000080000000, 0x0000000100000000)
  region size 1024K, 2 young (2048K), 2 survivors (2048K)
 Metaspace       used 112697K, capacity 115274K, committed 115408K, reserved 1148928K
  class space    used 14200K, capacity 15142K, committed 15232K, reserved 1048576K
Heap Regions: E=young(eden), S=young(survivor), O=old, HS=humongous(starts), HC=humongous(continues), CS=collection set, F=free, A=archive, TAMS=top-at-mark-start (previous, next)
|   0|0x0000000080000000, 0x0000000080100000, 0x0000000080100000|100%| O|  |TAMS 0x0000000080100000, 0x0000000080000000| Untracked 
|   1|0x0000000080100000, 0x0000000080200000, 0x0000000080200000|100%| O|  |TAMS 0x0000000080200000, 0x0000000080100000| Untracked 
|   2|0x0000000080200000, 0x0000000080300000, 0x0000000080300000|100%| O|  |TAMS 0x0000000080300000, 0x0000000080200000| Untracked 
|   3|0x0000000080300000, 0x0000000080400000, 0x0000000080400000|100%|HS|  |TAMS 0x0000000080400000, 0x0000000080300000| Complete 
|   4|0x0000000080400000, 0x0000000080500000, 0x0000000080500000|100%|HC|  |TAMS 0x0000000080500000, 0x0000000080400000| Complete 
|   5|0x0000000080500000, 0x0000000080600000, 0x0000000080600000|100%|HC|  |TAMS 0x0000000080600000, 0x0000000080500000| Complete 
|   6|0x0000000080600000, 0x0000000080700000, 0x0000000080700000|100%| O|  |TAMS 0x0000000080700000, 0x0000000080600000| Untracked 
|   7|0x0000000080700000, 0x0000000080800000, 0x0000000080800000|100%| O|  |TAMS 0x0000000080800000, 0x0000000080700000| Untracked 
|   8|0x0000000080800000, 0x0000000080900000, 0x0000000080900000|100%| O|  |TAMS 0x0000000080900000, 0x0000000080800000| Untracked 
|   9|0x0000000080900000, 0x0000000080a00000, 0x0000000080a00000|100%| O|  |TAMS 0x0000000080a00000, 0x0000000080900000| Untracked 
|  10|0x0000000080a00000, 0x0000000080b00000, 0x0000000080b00000|100%| O|  |TAMS 0x0000000080b00000, 0x0000000080a00000| Untracked 
|  11|0x0000000080b00000, 0x0000000080c00000, 0x0000000080c00000|100%| O|  |TAMS 0x0000000080c00000, 0x0000000080b00000| Untracked 
|  12|0x0000000080c00000, 0x0000000080d00000, 0x0000000080d00000|100%| O|  |TAMS 0x0000000080d00000, 0x0000000080c00000| Untracked 
|  13|0x0000000080d00000, 0x0000000080e00000, 0x0000000080e00000|100%| O|  |TAMS 0x0000000080e00000, 0x0000000080d00000| Untracked 
|  14|0x0000000080e00000, 0x0000000080f00000, 0x0000000080f00000|100%| O|  |TAMS 0x0000000080f00000, 0x0000000080e00000| Untracked 
|  15|0x0000000080f00000, 0x0000000081000000, 0x0000000081000000|100%| O|  |TAMS 0x0000000081000000, 0x0000000080f00000| Untracked 
|  16|0x0000000081000000, 0x0000000081100000, 0x0000000081100000|100%| O|  |TAMS 0x0000000081100000, 0x0000000081000000| Untracked 
|  17|0x0000000081100000, 0x0000000081200000, 0x0000000081200000|100%| O|  |TAMS 0x0000000081200000, 0x0000000081100000| Untracked 
|  18|0x0000000081200000, 0x0000000081300000, 0x0000000081300000|100%| O|  |TAMS 0x0000000081300000, 0x0000000081200000| Untracked 
|  19|0x0000000081300000, 0x0000000081400000, 0x0000000081400000|100%| O|  |TAMS 0x0000000081400000, 0x0000000081300000| Untracked 
|  20|0x0000000081400000, 0x0000000081500000, 0x0000000081500000|100%| O|  |TAMS 0x0000000081500000, 0x0000000081400000| Untracked 
|  21|0x0000000081500000, 0x0000000081600000, 0x0000000081600000|100%| O|  |TAMS 0x0000000081600000, 0x0000000081500000| Untracked 
|  22|0x0000000081600000, 0x0000000081700000, 0x0000000081700000|100%| O|  |TAMS 0x0000000081700000, 0x0000000081600000| Untracked 
|  23|0x0000000081700000, 0x0000000081800000, 0x0000000081800000|100%| O|  |TAMS 0x0000000081800000, 0x0000000081700000| Untracked 
|  24|0x0000000081800000, 0x0000000081900000, 0x0000000081900000|100%| O|  |TAMS 0x0000000081900000, 0x0000000081800000| Untracked 
|  25|0x0000000081900000, 0x0000000081a00000, 0x0000000081a00000|100%| O|  |TAMS 0x0000000081a00000, 0x0000000081900000| Untracked 
|  26|0x0000000081a00000, 0x0000000081b00000, 0x0000000081b00000|100%| O|  |TAMS 0x0000000081b00000, 0x0000000081a00000| Untracked 
|  27|0x0000000081b00000, 0x0000000081c00000, 0x0000000081c00000|100%| O|  |TAMS 0x0000000081c00000, 0x0000000081b00000| Untracked 
|  28|0x0000000081c00000, 0x0000000081d00000, 0x0000000081d00000|100%|HS|  |TAMS 0x0000000081d00000, 0x0000000081c00000| Complete 
|  29|0x0000000081d00000, 0x0000000081e00000, 0x0000000081e00000|100%|HS|  |TAMS 0x0000000081e00000, 0x0000000081d00000| Complete 
|  30|0x0000000081e00000, 0x0000000081f00000, 0x0000000081f00000|100%|HS|  |TAMS 0x0000000081f00000, 0x0000000081e00000| Complete 
|  31|0x0000000081f00000, 0x0000000082000000, 0x0000000082000000|100%|HC|  |TAMS 0x0000000082000000, 0x0000000081f00000| Complete 
|  32|0x0000000082000000, 0x0000000082100000, 0x0000000082100000|100%|HS|  |TAMS 0x0000000082100000, 0x0000000082000000| Complete 
|  33|0x0000000082100000, 0x0000000082200000, 0x0000000082200000|100%|HS|  |TAMS 0x0000000082200000, 0x0000000082100000| Complete 
|  34|0x0000000082200000, 0x0000000082300000, 0x0000000082300000|100%|HC|  |TAMS 0x0000000082300000, 0x0000000082200000| Complete 
|  35|0x0000000082300000, 0x0000000082400000, 0x0000000082400000|100%|HC|  |TAMS 0x0000000082400000, 0x0000000082300000| Complete 
|  36|0x0000000082400000, 0x0000000082500000, 0x0000000082500000|100%|HC|  |TAMS 0x0000000082500000, 0x0000000082400000| Complete 
|  37|0x0000000082500000, 0x0000000082600000, 0x0000000082600000|100%| O|  |TAMS 0x0000000082600000, 0x0000000082500000| Untracked 
|  38|0x0000000082600000, 0x0000000082700000, 0x0000000082700000|100%|HS|  |TAMS 0x0000000082700000, 0x0000000082600000| Complete 
|  39|0x0000000082700000, 0x0000000082800000, 0x0000000082800000|100%|HC|  |TAMS 0x0000000082800000, 0x0000000082700000| Complete 
|  40|0x0000000082800000, 0x0000000082900000, 0x0000000082900000|100%| O|  |TAMS 0x0000000082900000, 0x0000000082800000| Untracked 
|  41|0x0000000082900000, 0x0000000082a00000, 0x0000000082a00000|100%| O|  |TAMS 0x0000000082a00000, 0x0000000082900000| Untracked 
|  42|0x0000000082a00000, 0x0000000082b00000, 0x0000000082b00000|100%| O|  |TAMS 0x0000000082b00000, 0x0000000082a00000| Untracked 
|  43|0x0000000082b00000, 0x0000000082c00000, 0x0000000082c00000|100%| O|  |TAMS 0x0000000082c00000, 0x0000000082b00000| Untracked 
|  44|0x0000000082c00000, 0x0000000082d00000, 0x0000000082d00000|100%| O|  |TAMS 0x0000000082d00000, 0x0000000082c00000| Untracked 
|  45|0x0000000082d00000, 0x0000000082e00000, 0x0000000082e00000|100%| O|  |TAMS 0x0000000082e00000, 0x0000000082d00000| Untracked 
|  46|0x0000000082e00000, 0x0000000082f00000, 0x0000000082f00000|100%|HS|  |TAMS 0x0000000082f00000, 0x0000000082e00000| Complete 
|  47|0x0000000082f00000, 0x0000000083000000, 0x0000000083000000|100%|HC|  |TAMS 0x0000000083000000, 0x0000000082f00000| Complete 
|  48|0x0000000083000000, 0x0000000083100000, 0x0000000083100000|100%| O|  |TAMS 0x0000000083100000, 0x0000000083000000| Untracked 
|  49|0x0000000083100000, 0x0000000083200000, 0x0000000083200000|100%| O|  |TAMS 0x0000000083200000, 0x0000000083100000| Untracked 
|  50|0x0000000083200000, 0x0000000083300000, 0x0000000083300000|100%| O|  |TAMS 0x0000000083300000, 0x0000000083200000| Untracked 
|  51|0x0000000083300000, 0x0000000083400000, 0x0000000083400000|100%| O|  |TAMS 0x0000000083400000, 0x0000000083300000| Untracked 
|  52|0x0000000083400000, 0x0000000083500000, 0x0000000083500000|100%| O|  |TAMS 0x0000000083500000, 0x0000000083400000| Untracked 
|  53|0x0000000083500000, 0x0000000083600000, 0x0000000083600000|100%| O|  |TAMS 0x0000000083600000, 0x0000000083500000| Untracked 
|  54|0x0000000083600000, 0x0000000083700000, 0x0000000083700000|100%| O|  |TAMS 0x0000000083700000, 0x0000000083600000| Untracked 
|  55|0x0000000083700000, 0x0000000083800000, 0x0000000083800000|100%| O|  |TAMS 0x0000000083800000, 0x0000000083700000| Untracked 
|  56|0x0000000083800000, 0x0000000083900000, 0x0000000083900000|100%| O|  |TAMS 0x0000000083800000, 0x0000000083800000| Untracked 
|  57|0x0000000083900000, 0x0000000083a00000, 0x0000000083a00000|100%| O|  |TAMS 0x0000000083a00000, 0x0000000083900000| Untracked 
|  58|0x0000000083a00000, 0x0000000083b00000, 0x0000000083b00000|100%| O|  |TAMS 0x0000000083b00000, 0x0000000083a00000| Untracked 
|  59|0x0000000083b00000, 0x0000000083c00000, 0x0000000083c00000|100%| O|  |TAMS 0x0000000083c00000, 0x0000000083b00000| Untracked 
|  60|0x0000000083c00000, 0x0000000083d00000, 0x0000000083d00000|100%| O|  |TAMS 0x0000000083d00000, 0x0000000083c00000| Untracked 
|  61|0x0000000083d00000, 0x0000000083e00000, 0x0000000083e00000|100%| O|  |TAMS 0x0000000083e00000, 0x0000000083d00000| Untracked 
|  62|0x0000000083e00000, 0x0000000083f00000, 0x0000000083f00000|100%| O|  |TAMS 0x0000000083f00000, 0x0000000083e00000| Untracked 
|  63|0x0000000083f00000, 0x0000000084000000, 0x0000000084000000|100%| O|  |TAMS 0x0000000084000000, 0x0000000083f00000| Untracked 
|  64|0x0000000084000000, 0x0000000084100000, 0x0000000084100000|100%| O|  |TAMS 0x0000000084000000, 0x0000000084000000| Untracked 
|  65|0x0000000084100000, 0x0000000084200000, 0x0000000084200000|100%| O|  |TAMS 0x0000000084200000, 0x0000000084100000| Untracked 
|  66|0x0000000084200000, 0x0000000084300000, 0x0000000084300000|100%| O|  |TAMS 0x0000000084300000, 0x0000000084200000| Untracked 
|  67|0x0000000084300000, 0x0000000084400000, 0x0000000084400000|100%| O|  |TAMS 0x0000000084400000, 0x0000000084300000| Untracked 
|  68|0x0000000084400000, 0x0000000084500000, 0x0000000084500000|100%| O|  |TAMS 0x0000000084500000, 0x0000000084400000| Untracked 
|  69|0x0000000084500000, 0x0000000084600000, 0x0000000084600000|100%| O|  |TAMS 0x0000000084600000, 0x0000000084500000| Untracked 
|  70|0x0000000084600000, 0x0000000084700000, 0x0000000084700000|100%| O|  |TAMS 0x0000000084700000, 0x0000000084600000| Untracked 
|  71|0x0000000084700000, 0x0000000084800000, 0x0000000084800000|100%| O|  |TAMS 0x0000000084700000, 0x0000000084700000| Untracked 
|  72|0x0000000084800000, 0x0000000084900000, 0x0000000084900000|100%| O|  |TAMS 0x0000000084900000, 0x0000000084800000| Untracked 
|  73|0x0000000084900000, 0x0000000084a00000, 0x0000000084a00000|100%| O|  |TAMS 0x0000000084a00000, 0x0000000084900000| Untracked 
|  74|0x0000000084a00000, 0x0000000084b00000, 0x0000000084b00000|100%| O|  |TAMS 0x0000000084b00000, 0x0000000084a00000| Untracked 
|  75|0x0000000084b00000, 0x0000000084c00000, 0x0000000084c00000|100%| O|  |TAMS 0x0000000084b00000, 0x0000000084b00000| Untracked 
|  76|0x0000000084c00000, 0x0000000084d00000, 0x0000000084d00000|100%| O|  |TAMS 0x0000000084d00000, 0x0000000084c00000| Untracked 
|  77|0x0000000084d00000, 0x0000000084e00000, 0x0000000084e00000|100%| O|  |TAMS 0x0000000084d00000, 0x0000000084d00000| Untracked 
|  78|0x0000000084e00000, 0x0000000084f00000, 0x0000000084f00000|100%| O|  |TAMS 0x0000000084f00000, 0x0000000084e00000| Untracked 
|  79|0x0000000084f00000, 0x0000000085000000, 0x0000000085000000|100%| O|  |TAMS 0x0000000085000000, 0x0000000084f00000| Untracked 
|  80|0x0000000085000000, 0x0000000085100000, 0x0000000085100000|100%| O|  |TAMS 0x0000000085100000, 0x0000000085000000| Untracked 
|  81|0x0000000085100000, 0x0000000085200000, 0x0000000085200000|100%| O|  |TAMS 0x0000000085200000, 0x0000000085100000| Untracked 
|  82|0x0000000085200000, 0x0000000085300000, 0x0000000085300000|100%| O|  |TAMS 0x0000000085300000, 0x0000000085200000| Untracked 
|  83|0x0000000085300000, 0x0000000085400000, 0x0000000085400000|100%| O|  |TAMS 0x0000000085300000, 0x0000000085300000| Untracked 
|  84|0x0000000085400000, 0x0000000085500000, 0x0000000085500000|100%|HS|  |TAMS 0x0000000085500000, 0x0000000085400000| Complete 
|  85|0x0000000085500000, 0x0000000085600000, 0x0000000085600000|100%|HC|  |TAMS 0x0000000085600000, 0x0000000085500000| Complete 
|  86|0x0000000085600000, 0x0000000085700000, 0x0000000085700000|100%|HC|  |TAMS 0x0000000085700000, 0x0000000085600000| Complete 
|  87|0x0000000085700000, 0x0000000085800000, 0x0000000085800000|100%|HC|  |TAMS 0x0000000085800000, 0x0000000085700000| Complete 
|  88|0x0000000085800000, 0x0000000085900000, 0x0000000085900000|100%| O|  |TAMS 0x0000000085900000, 0x0000000085800000| Untracked 
|  89|0x0000000085900000, 0x0000000085a00000, 0x0000000085a00000|100%| O|  |TAMS 0x0000000085a00000, 0x0000000085900000| Untracked 
|  90|0x0000000085a00000, 0x0000000085b00000, 0x0000000085b00000|100%| O|  |TAMS 0x0000000085b00000, 0x0000000085a00000| Untracked 
|  91|0x0000000085b00000, 0x0000000085c00000, 0x0000000085c00000|100%| O|  |TAMS 0x0000000085c00000, 0x0000000085b00000| Untracked 
|  92|0x0000000085c00000, 0x0000000085d00000, 0x0000000085d00000|100%| O|  |TAMS 0x0000000085d00000, 0x0000000085c00000| Untracked 
|  93|0x0000000085d00000, 0x0000000085e00000, 0x0000000085e00000|100%| O|  |TAMS 0x0000000085d00000, 0x0000000085d00000| Untracked 
|  94|0x0000000085e00000, 0x0000000085f00000, 0x0000000085f00000|100%|HS|  |TAMS 0x0000000085f00000, 0x0000000085e00000| Complete 
|  95|0x0000000085f00000, 0x0000000086000000, 0x0000000086000000|100%|HC|  |TAMS 0x0000000086000000, 0x0000000085f00000| Complete 
|  96|0x0000000086000000, 0x0000000086100000, 0x0000000086100000|100%|HS|  |TAMS 0x0000000086100000, 0x0000000086000000| Complete 
|  97|0x0000000086100000, 0x0000000086200000, 0x0000000086200000|100%| O|  |TAMS 0x0000000086100000, 0x0000000086100000| Untracked 
|  98|0x0000000086200000, 0x0000000086300000, 0x0000000086300000|100%| O|  |TAMS 0x0000000086300000, 0x0000000086200000| Untracked 
|  99|0x0000000086300000, 0x0000000086400000, 0x0000000086400000|100%| O|  |TAMS 0x0000000086400000, 0x0000000086300000| Untracked 
| 100|0x0000000086400000, 0x0000000086500000, 0x0000000086500000|100%| O|  |TAMS 0x0000000086500000, 0x0000000086400000| Untracked 
| 101|0x0000000086500000, 0x0000000086600000, 0x0000000086600000|100%|HS|  |TAMS 0x0000000086600000, 0x0000000086500000| Complete 
| 102|0x0000000086600000, 0x0000000086700000, 0x0000000086700000|100%|HC|  |TAMS 0x0000000086700000, 0x0000000086600000| Complete 
| 103|0x0000000086700000, 0x0000000086800000, 0x0000000086800000|100%|HC|  |TAMS 0x0000000086800000, 0x0000000086700000| Complete 
| 104|0x0000000086800000, 0x0000000086900000, 0x0000000086900000|100%| O|  |TAMS 0x0000000086800000, 0x0000000086800000| Untracked 
| 105|0x0000000086900000, 0x0000000086a00000, 0x0000000086a00000|100%| O|  |TAMS 0x0000000086900000, 0x0000000086900000| Untracked 
| 106|0x0000000086a00000, 0x0000000086b00000, 0x0000000086b00000|100%| O|  |TAMS 0x0000000086b00000, 0x0000000086a00000| Untracked 
| 107|0x0000000086b00000, 0x0000000086c00000, 0x0000000086c00000|100%| O|  |TAMS 0x0000000086b00000, 0x0000000086b00000| Untracked 
| 108|0x0000000086c00000, 0x0000000086d00000, 0x0000000086d00000|100%| O|  |TAMS 0x0000000086c9fa00, 0x0000000086c00000| Untracked 
| 109|0x0000000086d00000, 0x0000000086e00000, 0x0000000086e00000|100%| O|  |TAMS 0x0000000086d00000, 0x0000000086d00000| Untracked 
| 110|0x0000000086e00000, 0x0000000086f00000, 0x0000000086f00000|100%| O|  |TAMS 0x0000000086e00000, 0x0000000086e00000| Untracked 
| 111|0x0000000086f00000, 0x0000000087000000, 0x0000000087000000|100%| O|  |TAMS 0x0000000087000000, 0x0000000086f00000| Untracked 
| 112|0x0000000087000000, 0x0000000087100000, 0x0000000087100000|100%|HS|  |TAMS 0x0000000087100000, 0x0000000087000000| Complete 
| 113|0x0000000087100000, 0x0000000087200000, 0x0000000087200000|100%|HC|  |TAMS 0x0000000087200000, 0x0000000087100000| Complete 
| 114|0x0000000087200000, 0x0000000087300000, 0x0000000087300000|100%|HC|  |TAMS 0x0000000087300000, 0x0000000087200000| Complete 
| 115|0x0000000087300000, 0x0000000087400000, 0x0000000087400000|100%| O|  |TAMS 0x0000000087300000, 0x0000000087300000| Untracked 
| 116|0x0000000087400000, 0x0000000087500000, 0x0000000087500000|100%|HS|  |TAMS 0x0000000087500000, 0x0000000087400000| Complete 
| 117|0x0000000087500000, 0x0000000087600000, 0x0000000087600000|100%|HC|  |TAMS 0x0000000087600000, 0x0000000087500000| Complete 
| 118|0x0000000087600000, 0x0000000087700000, 0x0000000087700000|100%|HC|  |TAMS 0x0000000087700000, 0x0000000087600000| Complete 
| 119|0x0000000087700000, 0x0000000087800000, 0x0000000087800000|100%|HS|  |TAMS 0x0000000087800000, 0x0000000087700000| Complete 
| 120|0x0000000087800000, 0x0000000087900000, 0x0000000087900000|100%|HC|  |TAMS 0x0000000087900000, 0x0000000087800000| Complete 
| 121|0x0000000087900000, 0x0000000087a00000, 0x0000000087a00000|100%|HC|  |TAMS 0x0000000087a00000, 0x0000000087900000| Complete 
| 122|0x0000000087a00000, 0x0000000087b00000, 0x0000000087b00000|100%|HS|  |TAMS 0x0000000087b00000, 0x0000000087a00000| Complete 
| 123|0x0000000087b00000, 0x0000000087c00000, 0x0000000087c00000|100%|HC|  |TAMS 0x0000000087c00000, 0x0000000087b00000| Complete 
| 124|0x0000000087c00000, 0x0000000087d00000, 0x0000000087d00000|100%|HC|  |TAMS 0x0000000087d00000, 0x0000000087c00000| Complete 
| 125|0x0000000087d00000, 0x0000000087e00000, 0x0000000087e00000|100%|HC|  |TAMS 0x0000000087e00000, 0x0000000087d00000| Complete 
| 126|0x0000000087e00000, 0x0000000087f00000, 0x0000000087f00000|100%|HC|  |TAMS 0x0000000087f00000, 0x0000000087e00000| Complete 
| 127|0x0000000087f00000, 0x0000000088000000, 0x0000000088000000|100%|HS|  |TAMS 0x0000000088000000, 0x0000000087f00000| Complete 
| 128|0x0000000088000000, 0x0000000088100000, 0x0000000088100000|100%|HC|  |TAMS 0x0000000088100000, 0x0000000088000000| Complete 
| 129|0x0000000088100000, 0x0000000088200000, 0x0000000088200000|100%|HC|  |TAMS 0x0000000088200000, 0x0000000088100000| Complete 
| 130|0x0000000088200000, 0x0000000088300000, 0x0000000088300000|100%|HS|  |TAMS 0x0000000088300000, 0x0000000088200000| Complete 
| 131|0x0000000088300000, 0x0000000088400000, 0x0000000088400000|100%|HC|  |TAMS 0x0000000088400000, 0x0000000088300000| Complete 
| 132|0x0000000088400000, 0x0000000088500000, 0x0000000088500000|100%|HC|  |TAMS 0x0000000088500000, 0x0000000088400000| Complete 
| 133|0x0000000088500000, 0x0000000088600000, 0x0000000088600000|100%|HC|  |TAMS 0x0000000088600000, 0x0000000088500000| Complete 
| 134|0x0000000088600000, 0x0000000088700000, 0x0000000088700000|100%|HS|  |TAMS 0x0000000088700000, 0x0000000088600000| Complete 
| 135|0x0000000088700000, 0x0000000088800000, 0x0000000088800000|100%|HC|  |TAMS 0x0000000088800000, 0x0000000088700000| Complete 
| 136|0x0000000088800000, 0x0000000088900000, 0x0000000088900000|100%|HS|  |TAMS 0x0000000088900000, 0x0000000088800000| Complete 
| 137|0x0000000088900000, 0x0000000088a00000, 0x0000000088a00000|100%|HC|  |TAMS 0x0000000088a00000, 0x0000000088900000| Complete 
| 138|0x0000000088a00000, 0x0000000088b00000, 0x0000000088b00000|100%|HC|  |TAMS 0x0000000088b00000, 0x0000000088a00000| Complete 
| 139|0x0000000088b00000, 0x0000000088c00000, 0x0000000088c00000|100%|HC|  |TAMS 0x0000000088c00000, 0x0000000088b00000| Complete 
| 140|0x0000000088c00000, 0x0000000088d00000, 0x0000000088d00000|100%|HC|  |TAMS 0x0000000088d00000, 0x0000000088c00000| Complete 
| 141|0x0000000088d00000, 0x0000000088e00000, 0x0000000088e00000|100%| O|  |TAMS 0x0000000088d00000, 0x0000000088d00000| Untracked 
| 142|0x0000000088e00000, 0x0000000088f00000, 0x0000000088f00000|100%| O|  |TAMS 0x0000000088e00000, 0x0000000088e00000| Untracked 
| 143|0x0000000088f00000, 0x0000000089000000, 0x0000000089000000|100%| O|  |TAMS 0x0000000089000000, 0x0000000088f00000| Untracked 
| 144|0x0000000089000000, 0x0000000089100000, 0x0000000089100000|100%| O|  |TAMS 0x0000000089100000, 0x0000000089000000| Untracked 
| 145|0x0000000089100000, 0x0000000089200000, 0x0000000089200000|100%| O|  |TAMS 0x0000000089200000, 0x0000000089100000| Untracked 
| 146|0x0000000089200000, 0x0000000089300000, 0x0000000089300000|100%|HS|  |TAMS 0x0000000089300000, 0x0000000089200000| Complete 
| 147|0x0000000089300000, 0x0000000089400000, 0x0000000089400000|100%|HC|  |TAMS 0x0000000089400000, 0x0000000089300000| Complete 
| 148|0x0000000089400000, 0x0000000089500000, 0x0000000089500000|100%|HC|  |TAMS 0x0000000089500000, 0x0000000089400000| Complete 
| 149|0x0000000089500000, 0x0000000089600000, 0x0000000089600000|100%| O|  |TAMS 0x0000000089500000, 0x0000000089500000| Untracked 
| 150|0x0000000089600000, 0x0000000089700000, 0x0000000089700000|100%| O|  |TAMS 0x0000000089700000, 0x0000000089600000| Untracked 
| 151|0x0000000089700000, 0x0000000089800000, 0x0000000089800000|100%| O|  |TAMS 0x0000000089800000, 0x0000000089700000| Untracked 
| 152|0x0000000089800000, 0x0000000089900000, 0x0000000089900000|100%| O|  |TAMS 0x0000000089900000, 0x0000000089800000| Untracked 
| 153|0x0000000089900000, 0x0000000089a00000, 0x0000000089a00000|100%| O|  |TAMS 0x0000000089a00000, 0x0000000089900000| Untracked 
| 154|0x0000000089a00000, 0x0000000089b00000, 0x0000000089b00000|100%| O|  |TAMS 0x0000000089b00000, 0x0000000089a00000| Untracked 
| 155|0x0000000089b00000, 0x0000000089c00000, 0x0000000089c00000|100%| O|  |TAMS 0x0000000089c00000, 0x0000000089b00000| Untracked 
| 156|0x0000000089c00000, 0x0000000089d00000, 0x0000000089d00000|100%| O|  |TAMS 0x0000000089d00000, 0x0000000089c00000| Untracked 
| 157|0x0000000089d00000, 0x0000000089e00000, 0x0000000089e00000|100%| O|  |TAMS 0x0000000089e00000, 0x0000000089d00000| Untracked 
| 158|0x0000000089e00000, 0x0000000089f00000, 0x0000000089f00000|100%| O|  |TAMS 0x0000000089f00000, 0x0000000089e00000| Untracked 
| 159|0x0000000089f00000, 0x000000008a000000, 0x000000008a000000|100%| O|  |TAMS 0x000000008a000000, 0x0000000089f00000| Untracked 
| 160|0x000000008a000000, 0x000000008a100000, 0x000000008a100000|100%| O|  |TAMS 0x000000008a100000, 0x000000008a000000| Untracked 
| 161|0x000000008a100000, 0x000000008a200000, 0x000000008a200000|100%| O|  |TAMS 0x000000008a200000, 0x000000008a100000| Untracked 
| 162|0x000000008a200000, 0x000000008a300000, 0x000000008a300000|100%| O|  |TAMS 0x000000008a300000, 0x000000008a200000| Untracked 
| 163|0x000000008a300000, 0x000000008a400000, 0x000000008a400000|100%| O|  |TAMS 0x000000008a400000, 0x000000008a300000| Untracked 
| 164|0x000000008a400000, 0x000000008a500000, 0x000000008a500000|100%| O|  |TAMS 0x000000008a500000, 0x000000008a400000| Untracked 
| 165|0x000000008a500000, 0x000000008a600000, 0x000000008a600000|100%| O|  |TAMS 0x000000008a500000, 0x000000008a500000| Untracked 
| 166|0x000000008a600000, 0x000000008a700000, 0x000000008a700000|100%| O|  |TAMS 0x000000008a600000, 0x000000008a600000| Untracked 
| 167|0x000000008a700000, 0x000000008a800000, 0x000000008a800000|100%| O|  |TAMS 0x000000008a700000, 0x000000008a700000| Untracked 
| 168|0x000000008a800000, 0x000000008a8f2400, 0x000000008a900000| 94%| O|  |TAMS 0x000000008a800000, 0x000000008a800000| Untracked 
| 169|0x000000008a900000, 0x000000008a900000, 0x000000008aa00000|  0%| F|  |TAMS 0x000000008a900000, 0x000000008a900000| Untracked 
| 170|0x000000008aa00000, 0x000000008aa00000, 0x000000008ab00000|  0%| F|  |TAMS 0x000000008aa00000, 0x000000008aa00000| Untracked 
| 171|0x000000008ab00000, 0x000000008ac00000, 0x000000008ac00000|100%|HS|  |TAMS 0x000000008ac00000, 0x000000008ab00000| Complete 
| 172|0x000000008ac00000, 0x000000008ad00000, 0x000000008ad00000|100%|HC|  |TAMS 0x000000008ad00000, 0x000000008ac00000| Complete 
| 173|0x000000008ad00000, 0x000000008ae00000, 0x000000008ae00000|100%|HC|  |TAMS 0x000000008ae00000, 0x000000008ad00000| Complete 
| 174|0x000000008ae00000, 0x000000008af00000, 0x000000008af00000|100%|HC|  |TAMS 0x000000008af00000, 0x000000008ae00000| Complete 
| 175|0x000000008af00000, 0x000000008b000000, 0x000000008b000000|100%|HC|  |TAMS 0x000000008b000000, 0x000000008af00000| Complete 
| 176|0x000000008b000000, 0x000000008b100000, 0x000000008b100000|100%|HS|  |TAMS 0x000000008b100000, 0x000000008b000000| Complete 
| 177|0x000000008b100000, 0x000000008b200000, 0x000000008b200000|100%|HC|  |TAMS 0x000000008b200000, 0x000000008b100000| Complete 
| 178|0x000000008b200000, 0x000000008b300000, 0x000000008b300000|100%|HC|  |TAMS 0x000000008b300000, 0x000000008b200000| Complete 
| 179|0x000000008b300000, 0x000000008b400000, 0x000000008b400000|100%|HC|  |TAMS 0x000000008b400000, 0x000000008b300000| Complete 
| 180|0x000000008b400000, 0x000000008b400000, 0x000000008b500000|  0%| F|  |TAMS 0x000000008b400000, 0x000000008b400000| Untracked 
| 181|0x000000008b500000, 0x000000008b500000, 0x000000008b600000|  0%| F|  |TAMS 0x000000008b500000, 0x000000008b500000| Untracked 
| 182|0x000000008b600000, 0x000000008b600000, 0x000000008b700000|  0%| F|  |TAMS 0x000000008b600000, 0x000000008b600000| Untracked 
| 183|0x000000008b700000, 0x000000008b700000, 0x000000008b800000|  0%| F|  |TAMS 0x000000008b700000, 0x000000008b700000| Untracked 
| 184|0x000000008b800000, 0x000000008b800000, 0x000000008b900000|  0%| F|  |TAMS 0x000000008b800000, 0x000000008b800000| Untracked 
| 185|0x000000008b900000, 0x000000008b900000, 0x000000008ba00000|  0%| F|  |TAMS 0x000000008b900000, 0x000000008b900000| Untracked 
| 186|0x000000008ba00000, 0x000000008ba00000, 0x000000008bb00000|  0%| F|  |TAMS 0x000000008ba00000, 0x000000008ba00000| Untracked 
| 187|0x000000008bb00000, 0x000000008bb00000, 0x000000008bc00000|  0%| F|  |TAMS 0x000000008bb00000, 0x000000008bb00000| Untracked 
| 188|0x000000008bc00000, 0x000000008bc00000, 0x000000008bd00000|  0%| F|  |TAMS 0x000000008bc00000, 0x000000008bc00000| Untracked 
| 189|0x000000008bd00000, 0x000000008bd00000, 0x000000008be00000|  0%| F|  |TAMS 0x000000008bd00000, 0x000000008bd00000| Untracked 
| 190|0x000000008be00000, 0x000000008be00000, 0x000000008bf00000|  0%| F|  |TAMS 0x000000008be00000, 0x000000008be00000| Untracked 
| 191|0x000000008bf00000, 0x000000008bf00000, 0x000000008c000000|  0%| F|  |TAMS 0x000000008bf00000, 0x000000008bf00000| Untracked 
| 192|0x000000008c000000, 0x000000008c000000, 0x000000008c100000|  0%| F|  |TAMS 0x000000008c000000, 0x000000008c000000| Untracked 
| 193|0x000000008c100000, 0x000000008c100000, 0x000000008c200000|  0%| F|  |TAMS 0x000000008c100000, 0x000000008c100000| Untracked 
| 194|0x000000008c200000, 0x000000008c200000, 0x000000008c300000|  0%| F|  |TAMS 0x000000008c200000, 0x000000008c200000| Untracked 
| 195|0x000000008c300000, 0x000000008c3adfd0, 0x000000008c400000| 67%| S|CS|TAMS 0x000000008c300000, 0x000000008c300000| Complete 
| 196|0x000000008c400000, 0x000000008c400000, 0x000000008c500000|  0%| F|  |TAMS 0x000000008c400000, 0x000000008c400000| Untracked 
| 197|0x000000008c500000, 0x000000008c600000, 0x000000008c600000|100%| S|CS|TAMS 0x000000008c500000, 0x000000008c500000| Complete 
| 198|0x000000008c600000, 0x000000008c600000, 0x000000008c700000|  0%| F|  |TAMS 0x000000008c600000, 0x000000008c600000| Untracked 
| 199|0x000000008c700000, 0x000000008c700000, 0x000000008c800000|  0%| F|  |TAMS 0x000000008c700000, 0x000000008c700000| Untracked 
| 200|0x000000008c800000, 0x000000008c800000, 0x000000008c900000|  0%| F|  |TAMS 0x000000008c800000, 0x000000008c800000| Untracked 
| 201|0x000000008c900000, 0x000000008c900000, 0x000000008ca00000|  0%| F|  |TAMS 0x000000008c900000, 0x000000008c900000| Untracked 
| 202|0x000000008ca00000, 0x000000008ca00000, 0x000000008cb00000|  0%| F|  |TAMS 0x000000008ca00000, 0x000000008ca00000| Untracked 
| 203|0x000000008cb00000, 0x000000008cb00000, 0x000000008cc00000|  0%| F|  |TAMS 0x000000008cb00000, 0x000000008cb00000| Untracked 
| 204|0x000000008cc00000, 0x000000008cc00000, 0x000000008cd00000|  0%| F|  |TAMS 0x000000008cc00000, 0x000000008cc00000| Untracked 
| 205|0x000000008cd00000, 0x000000008cd00000, 0x000000008ce00000|  0%| F|  |TAMS 0x000000008cd00000, 0x000000008cd00000| Untracked 
| 206|0x000000008ce00000, 0x000000008ce00000, 0x000000008cf00000|  0%| F|  |TAMS 0x000000008ce00000, 0x000000008ce00000| Untracked 

Card table byte_map: [0x0000020cc8460000,0x0000020cc8860000] _byte_map_base: 0x0000020cc8060000

Marking Bits (Prev, Next): (CMBitMap*) 0x0000020cb525a360, (CMBitMap*) 0x0000020cb525a328
 Prev Bits: [0x0000020ccac60000, 0x0000020cccc60000)
 Next Bits: [0x0000020cc8c60000, 0x0000020ccac60000)

Polling page: 0x0000020cb31c0000

Metaspace:

Usage:
  Non-class:     97.79 MB capacity,    96.19 MB ( 98%) used,     1.29 MB (  1%) free+waste,   316.38 KB ( <1%) overhead. 
      Class:     14.79 MB capacity,    13.87 MB ( 94%) used,   805.58 KB (  5%) free+waste,   136.25 KB ( <1%) overhead. 
       Both:    112.57 MB capacity,   110.06 MB ( 98%) used,     2.07 MB (  2%) free+waste,   452.63 KB ( <1%) overhead. 

Virtual space:
  Non-class space:       98.00 MB reserved,      97.83 MB (>99%) committed 
      Class space:        1.00 GB reserved,      14.88 MB (  1%) committed 
             Both:        1.10 GB reserved,     112.70 MB ( 10%) committed 

Chunk freelists:
   Non-Class:  44.00 KB
       Class:  26.00 KB
        Both:  70.00 KB

MaxMetaspaceSize: 17179869184.00 GB
CompressedClassSpaceSize: 1.00 GB
Initial GC threshold: 20.80 MB
Current GC threshold: 168.05 MB
CDS: off

CodeHeap 'non-profiled nmethods': size=120000Kb used=10123Kb max_used=10123Kb free=109876Kb
 bounds [0x0000020cc0800000, 0x0000020cc11f0000, 0x0000020cc7d30000]
CodeHeap 'profiled nmethods': size=120000Kb used=34760Kb max_used=34760Kb free=85239Kb
 bounds [0x0000020cb92d0000, 0x0000020cbb4d0000, 0x0000020cc0800000]
CodeHeap 'non-nmethods': size=5760Kb used=2446Kb max_used=2480Kb free=3313Kb
 bounds [0x0000020cb8d30000, 0x0000020cb8fb0000, 0x0000020cb92d0000]
 total_blobs=17396 nmethods=16420 adapters=887
 compilation: enabled
              stopped_count=0, restarted_count=0
 full_count=0

Compilation events (20 events):
Event: 8109.533 Thread 0x0000020ccf6b5800 nmethod 16958 0x0000020cbb4b5e90 code [0x0000020cbb4b6040, 0x0000020cbb4b6208]
Event: 8109.533 Thread 0x0000020ccf6b5800 16960       3       kotlin.reflect.jvm.internal.impl.metadata.ProtoBuf$Annotation$Argument$Value::hasAnnotation (20 bytes)
Event: 8109.534 Thread 0x0000020ccf6b5800 nmethod 16960 0x0000020cbb4b6310 code [0x0000020cbb4b64c0, 0x0000020cbb4b6638]
Event: 8109.534 Thread 0x0000020ccf6b5800 16959       3       kotlin.reflect.jvm.internal.impl.metadata.ProtoBuf$EnumEntry::initFields (6 bytes)
Event: 8109.534 Thread 0x0000020ccf6b5800 nmethod 16959 0x0000020cbb4b6710 code [0x0000020cbb4b68c0, 0x0000020cbb4b69b8]
Event: 8109.534 Thread 0x0000020ccf6b5800 16961       3       kotlin.reflect.jvm.internal.impl.metadata.ProtoBuf$Annotation$Argument$Value::isInitialized (83 bytes)
Event: 8109.535 Thread 0x0000020ccf6b5800 nmethod 16961 0x0000020cbb4b6a90 code [0x0000020cbb4b6cc0, 0x0000020cbb4b7498]
Event: 8109.535 Thread 0x0000020ccf6b5800 16962       3       kotlin.reflect.jvm.internal.impl.metadata.ProtoBuf$Annotation::hasId (16 bytes)
Event: 8109.535 Thread 0x0000020ccf6b5800 nmethod 16962 0x0000020cbb4b7710 code [0x0000020cbb4b78c0, 0x0000020cbb4b7a18]
Event: 8109.535 Thread 0x0000020ccf6b5800 16963       3       kotlin.reflect.jvm.internal.impl.metadata.ProtoBuf$Annotation$Argument$Value$Type::valueOf (122 bytes)
Event: 8109.535 Thread 0x0000020ccf6b5800 nmethod 16963 0x0000020cbb4b7a90 code [0x0000020cbb4b7c80, 0x0000020cbb4b8058]
Event: 8109.535 Thread 0x0000020ccf6b5800 16964       3       kotlin.reflect.jvm.internal.impl.metadata.ProtoBuf$Annotation$Argument::initFields (13 bytes)
Event: 8109.536 Thread 0x0000020ccf6b5800 nmethod 16964 0x0000020cbb4b8110 code [0x0000020cbb4b82c0, 0x0000020cbb4b8498]
Event: 8109.536 Thread 0x0000020ccf6b5800 16966   !   3       kotlin.reflect.jvm.internal.impl.metadata.ProtoBuf$Annotation$Argument$Value::<init> (719 bytes)
Event: 8109.542 Thread 0x0000020ccf6b5800 nmethod 16966 0x0000020cbb4b8590 code [0x0000020cbb4b8d60, 0x0000020cbb4be5b8]
Event: 8109.542 Thread 0x0000020ccf6b5800 16972       3       kotlin.reflect.jvm.internal.impl.metadata.ProtoBuf$Function::isInitialized (217 bytes)
Event: 8109.543 Thread 0x0000020ccf6b5800 nmethod 16972 0x0000020cbb4c0590 code [0x0000020cbb4c08c0, 0x0000020cbb4c1c68]
Event: 8109.543 Thread 0x0000020ccf6b5800 16967   !   3       kotlin.reflect.jvm.internal.impl.metadata.ProtoBuf$Class::<init> (2087 bytes)
Event: 8109.573 Thread 0x0000020ccf6b2000 nmethod 16516 0x0000020cc11dab90 code [0x0000020cc11db000, 0x0000020cc11e09c8]
Event: 8109.574 Thread 0x0000020ccf6b2000 16654       4       kotlin.reflect.jvm.internal.impl.protobuf.CodedInputStream::readTag (41 bytes)

GC Heap History (20 events):
Event: 8107.494 GC heap after
{Heap after GC invocations=106 (full 0):
 garbage-first heap   total 211968K, used 180283K [0x0000000080000000, 0x0000000100000000)
  region size 1024K, 1 young (1024K), 1 survivors (1024K)
 Metaspace       used 107419K, capacity 109960K, committed 110160K, reserved 1144832K
  class space    used 13544K, capacity 14502K, committed 14592K, reserved 1048576K
}
Event: 8107.593 GC heap before
{Heap before GC invocations=106 (full 0):
 garbage-first heap   total 211968K, used 189499K [0x0000000080000000, 0x0000000100000000)
  region size 1024K, 10 young (10240K), 1 survivors (1024K)
 Metaspace       used 107591K, capacity 110248K, committed 110416K, reserved 1144832K
  class space    used 13565K, capacity 14534K, committed 14592K, reserved 1048576K
}
Event: 8107.595 GC heap after
{Heap after GC invocations=107 (full 0):
 garbage-first heap   total 211968K, used 180604K [0x0000000080000000, 0x0000000100000000)
  region size 1024K, 2 young (2048K), 2 survivors (2048K)
 Metaspace       used 107591K, capacity 110248K, committed 110416K, reserved 1144832K
  class space    used 13565K, capacity 14534K, committed 14592K, reserved 1048576K
}
Event: 8107.803 GC heap before
{Heap before GC invocations=107 (full 0):
 garbage-first heap   total 211968K, used 188796K [0x0000000080000000, 0x0000000100000000)
  region size 1024K, 10 young (10240K), 2 survivors (2048K)
 Metaspace       used 107978K, capacity 110538K, committed 110672K, reserved 1144832K
  class space    used 13625K, capacity 14566K, committed 14592K, reserved 1048576K
}
Event: 8107.806 GC heap after
{Heap after GC invocations=108 (full 0):
 garbage-first heap   total 211968K, used 180969K [0x0000000080000000, 0x0000000100000000)
  region size 1024K, 1 young (1024K), 1 survivors (1024K)
 Metaspace       used 107978K, capacity 110538K, committed 110672K, reserved 1144832K
  class space    used 13625K, capacity 14566K, committed 14592K, reserved 1048576K
}
Event: 8107.996 GC heap before
{Heap before GC invocations=108 (full 0):
 garbage-first heap   total 211968K, used 189161K [0x0000000080000000, 0x0000000100000000)
  region size 1024K, 10 young (10240K), 1 survivors (1024K)
 Metaspace       used 108530K, capacity 111146K, committed 111312K, reserved 1146880K
  class space    used 13702K, capacity 14662K, committed 14720K, reserved 1048576K
}
Event: 8107.999 GC heap after
{Heap after GC invocations=109 (full 0):
 garbage-first heap   total 211968K, used 181025K [0x0000000080000000, 0x0000000100000000)
  region size 1024K, 2 young (2048K), 2 survivors (2048K)
 Metaspace       used 108530K, capacity 111146K, committed 111312K, reserved 1146880K
  class space    used 13702K, capacity 14662K, committed 14720K, reserved 1048576K
}
Event: 8108.253 GC heap before
{Heap before GC invocations=109 (full 0):
 garbage-first heap   total 211968K, used 189217K [0x0000000080000000, 0x0000000100000000)
  region size 1024K, 10 young (10240K), 2 survivors (2048K)
 Metaspace       used 109138K, capacity 111722K, committed 111952K, reserved 1146880K
  class space    used 13788K, capacity 14726K, committed 14848K, reserved 1048576K
}
Event: 8108.259 GC heap after
{Heap after GC invocations=110 (full 0):
 garbage-first heap   total 211968K, used 181133K [0x0000000080000000, 0x0000000100000000)
  region size 1024K, 2 young (2048K), 2 survivors (2048K)
 Metaspace       used 109138K, capacity 111722K, committed 111952K, reserved 1146880K
  class space    used 13788K, capacity 14726K, committed 14848K, reserved 1048576K
}
Event: 8108.492 GC heap before
{Heap before GC invocations=110 (full 0):
 garbage-first heap   total 211968K, used 189325K [0x0000000080000000, 0x0000000100000000)
  region size 1024K, 10 young (10240K), 2 survivors (2048K)
 Metaspace       used 109819K, capacity 112394K, committed 112464K, reserved 1146880K
  class space    used 13869K, capacity 14822K, committed 14848K, reserved 1048576K
}
Event: 8108.495 GC heap after
{Heap after GC invocations=111 (full 0):
 garbage-first heap   total 211968K, used 181195K [0x0000000080000000, 0x0000000100000000)
  region size 1024K, 1 young (1024K), 1 survivors (1024K)
 Metaspace       used 109819K, capacity 112394K, committed 112464K, reserved 1146880K
  class space    used 13869K, capacity 14822K, committed 14848K, reserved 1048576K
}
Event: 8108.806 GC heap before
{Heap before GC invocations=111 (full 0):
 garbage-first heap   total 211968K, used 189387K [0x0000000080000000, 0x0000000100000000)
  region size 1024K, 10 young (10240K), 1 survivors (1024K)
 Metaspace       used 110505K, capacity 113098K, committed 113360K, reserved 1148928K
  class space    used 13952K, capacity 14886K, committed 14976K, reserved 1048576K
}
Event: 8108.808 GC heap after
{Heap after GC invocations=112 (full 0):
 garbage-first heap   total 211968K, used 181553K [0x0000000080000000, 0x0000000100000000)
  region size 1024K, 2 young (2048K), 2 survivors (2048K)
 Metaspace       used 110505K, capacity 113098K, committed 113360K, reserved 1148928K
  class space    used 13952K, capacity 14886K, committed 14976K, reserved 1048576K
}
Event: 8108.968 GC heap before
{Heap before GC invocations=112 (full 0):
 garbage-first heap   total 211968K, used 189745K [0x0000000080000000, 0x0000000100000000)
  region size 1024K, 10 young (10240K), 2 survivors (2048K)
 Metaspace       used 111102K, capacity 113706K, committed 114000K, reserved 1148928K
  class space    used 14020K, capacity 14982K, committed 15104K, reserved 1048576K
}
Event: 8108.972 GC heap after
{Heap after GC invocations=113 (full 0):
 garbage-first heap   total 211968K, used 181808K [0x0000000080000000, 0x0000000100000000)
  region size 1024K, 2 young (2048K), 2 survivors (2048K)
 Metaspace       used 111102K, capacity 113706K, committed 114000K, reserved 1148928K
  class space    used 14020K, capacity 14982K, committed 15104K, reserved 1048576K
}
Event: 8109.160 GC heap before
{Heap before GC invocations=113 (full 0):
 garbage-first heap   total 211968K, used 190000K [0x0000000080000000, 0x0000000100000000)
  region size 1024K, 10 young (10240K), 2 survivors (2048K)
 Metaspace       used 111654K, capacity 114218K, committed 114512K, reserved 1148928K
  class space    used 14099K, capacity 15046K, committed 15104K, reserved 1048576K
}
Event: 8109.164 GC heap after
{Heap after GC invocations=114 (full 0):
 garbage-first heap   total 211968K, used 182276K [0x0000000080000000, 0x0000000100000000)
  region size 1024K, 2 young (2048K), 2 survivors (2048K)
 Metaspace       used 111654K, capacity 114218K, committed 114512K, reserved 1148928K
  class space    used 14099K, capacity 15046K, committed 15104K, reserved 1048576K
}
Event: 8109.429 GC heap before
{Heap before GC invocations=114 (full 0):
 garbage-first heap   total 211968K, used 190468K [0x0000000080000000, 0x0000000100000000)
  region size 1024K, 10 young (10240K), 2 survivors (2048K)
 Metaspace       used 112249K, capacity 114858K, committed 115152K, reserved 1148928K
  class space    used 14152K, capacity 15110K, committed 15232K, reserved 1048576K
}
Event: 8109.432 GC heap after
{Heap after GC invocations=115 (full 0):
 garbage-first heap   total 211968K, used 183011K [0x0000000080000000, 0x0000000100000000)
  region size 1024K, 2 young (2048K), 2 survivors (2048K)
 Metaspace       used 112249K, capacity 114858K, committed 115152K, reserved 1148928K
  class space    used 14152K, capacity 15110K, committed 15232K, reserved 1048576K
}
Event: 8109.576 GC heap before
{Heap before GC invocations=115 (full 0):
 garbage-first heap   total 211968K, used 191203K [0x0000000080000000, 0x0000000100000000)
  region size 1024K, 10 young (10240K), 2 survivors (2048K)
 Metaspace       used 112697K, capacity 115274K, committed 115408K, reserved 1148928K
  class space    used 14200K, capacity 15142K, committed 15232K, reserved 1048576K
}

Deoptimization events (20 events):
Event: 8107.025 Thread 0x0000020cd441d000 Uncommon trap: trap_request=0xffffffc6 fr.pc=0x0000020cc0cb5174 relative=0x0000000000000294
Event: 8107.025 Thread 0x0000020cd441d000 Uncommon trap: reason=bimorphic_or_optimized_type_check action=maybe_recompile pc=0x0000020cc0cb5174 method=com.google.common.collect.ImmutableList.copyOf(Ljava/util/Collection;)Lcom/google/common/collect/ImmutableList; @ 16 c2
Event: 8107.025 Thread 0x0000020cd441d000 DEOPT PACKING pc=0x0000020cc0cb5174 sp=0x000000771a8f9870
Event: 8107.025 Thread 0x0000020cd441d000 DEOPT UNPACKING pc=0x0000020cb8d7a1af sp=0x000000771a8f9838 mode 2
Event: 8107.146 Thread 0x0000020cd441d000 Uncommon trap: trap_request=0xffffff4d fr.pc=0x0000020cc0e84e34 relative=0x0000000000000094
Event: 8107.146 Thread 0x0000020cd441d000 Uncommon trap: reason=unstable_if action=reinterpret pc=0x0000020cc0e84e34 method=com.esotericsoftware.kryo.io.Output.writeByte(B)V @ 8 c2
Event: 8107.146 Thread 0x0000020cd441d000 DEOPT PACKING pc=0x0000020cc0e84e34 sp=0x000000771a8f8cd0
Event: 8107.146 Thread 0x0000020cd441d000 DEOPT UNPACKING pc=0x0000020cb8d7a1af sp=0x000000771a8f8bf0 mode 2
Event: 8107.515 Thread 0x0000020cd441d000 DEOPT PACKING pc=0x0000020cbb36f2a8 sp=0x000000771a8facd0
Event: 8107.515 Thread 0x0000020cd441d000 DEOPT UNPACKING pc=0x0000020cb8d7a95e sp=0x000000771a8fa298 mode 0
Event: 8107.547 Thread 0x0000020cd441d000 DEOPT PACKING pc=0x0000020cba0e4bdf sp=0x000000771a8f88b0
Event: 8107.547 Thread 0x0000020cd441d000 DEOPT UNPACKING pc=0x0000020cb8d7a95e sp=0x000000771a8f7d38 mode 0
Event: 8108.883 Thread 0x0000020cd441d000 Uncommon trap: trap_request=0xffffff4d fr.pc=0x0000020cc0f45c44 relative=0x00000000000030c4
Event: 8108.883 Thread 0x0000020cd441d000 Uncommon trap: reason=unstable_if action=reinterpret pc=0x0000020cc0f45c44 method=java.lang.reflect.AccessibleObject.verifyAccess(Ljava/lang/Class;Ljava/lang/Class;Ljava/lang/Class;I)Z @ 2 c2
Event: 8108.883 Thread 0x0000020cd441d000 DEOPT PACKING pc=0x0000020cc0f45c44 sp=0x000000771a8f9580
Event: 8108.883 Thread 0x0000020cd441d000 DEOPT UNPACKING pc=0x0000020cb8d7a1af sp=0x000000771a8f9548 mode 2
Event: 8109.057 Thread 0x0000020cd441d000 Uncommon trap: trap_request=0xffffff4d fr.pc=0x0000020cc0eadb4c relative=0x000000000000060c
Event: 8109.057 Thread 0x0000020cd441d000 Uncommon trap: reason=unstable_if action=reinterpret pc=0x0000020cc0eadb4c method=java.lang.String.indexOf([BBILjava/lang/String;I)I @ 54 c2
Event: 8109.057 Thread 0x0000020cd441d000 DEOPT PACKING pc=0x0000020cc0eadb4c sp=0x000000771a8f7e50
Event: 8109.057 Thread 0x0000020cd441d000 DEOPT UNPACKING pc=0x0000020cb8d7a1af sp=0x000000771a8f7db8 mode 2

Classes redefined (0 events):
No events

Internal exceptions (20 events):
Event: 8100.657 Thread 0x0000020cd441d000 Exception <a 'java/lang/ClassNotFoundException'{0x000000008c735578}: org/gradle/internal/extensibility/ExtensionsStorage$ExtensionHolderCustomizer> (0x000000008c735578) thrown at [./src/hotspot/share/classfile/systemDictionary.cpp, line 231]
Event: 8100.712 Thread 0x0000020cd441d000 Exception <a 'java/lang/ClassNotFoundException'{0x000000008c56e3d0}: org/codehaus/groovy/runtime/NullObjectBeanInfo> (0x000000008c56e3d0) thrown at [./src/hotspot/share/classfile/systemDictionary.cpp, line 231]
Event: 8100.717 Thread 0x0000020cd441d000 Exception <a 'java/lang/ClassNotFoundException'{0x000000008c344bb8}: org/codehaus/groovy/runtime/NullObjectCustomizer> (0x000000008c344bb8) thrown at [./src/hotspot/share/classfile/systemDictionary.cpp, line 231]
Event: 8100.876 Thread 0x0000020cd441d000 Exception <a 'java/lang/ClassNotFoundException'{0x000000008c07d300}: org/gradle/api/internal/tasks/DefaultSourceSetContainer_DecoratedBeanInfo> (0x000000008c07d300) thrown at [./src/hotspot/share/classfile/systemDictionary.cpp, line 231]
Event: 8100.877 Thread 0x0000020cd441d000 Exception <a 'java/lang/ClassNotFoundException'{0x000000008c0a26a0}: org/gradle/api/internal/tasks/DefaultSourceSetContainerBeanInfo> (0x000000008c0a26a0) thrown at [./src/hotspot/share/classfile/systemDictionary.cpp, line 231]
Event: 8100.880 Thread 0x0000020cd441d000 Exception <a 'java/lang/ClassNotFoundException'{0x000000008c0c7d00}: org/gradle/api/internal/tasks/DefaultSourceSetContainerCustomizer> (0x000000008c0c7d00) thrown at [./src/hotspot/share/classfile/systemDictionary.cpp, line 231]
Event: 8100.881 Thread 0x0000020cd441d000 Exception <a 'java/lang/ClassNotFoundException'{0x000000008c0fc100}: org/gradle/api/internal/tasks/DefaultSourceSetContainer_DecoratedCustomizer> (0x000000008c0fc100) thrown at [./src/hotspot/share/classfile/systemDictionary.cpp, line 231]
Event: 8100.992 Thread 0x0000020cd441d000 Exception <a 'java/lang/NoSuchMethodError'{0x000000008be8f3b8}: <clinit>> (0x000000008be8f3b8) thrown at [./src/hotspot/share/prims/jni.cpp, line 1366]
Event: 8100.997 Thread 0x0000020cd441d000 Exception <a 'java/lang/NoSuchMethodError'{0x000000008beb39e0}: <clinit>> (0x000000008beb39e0) thrown at [./src/hotspot/share/prims/jni.cpp, line 1366]
Event: 8100.998 Thread 0x0000020cd441d000 Exception <a 'java/lang/NoSuchMethodError'{0x000000008bec1e70}: <clinit>> (0x000000008bec1e70) thrown at [./src/hotspot/share/prims/jni.cpp, line 1366]
Event: 8101.508 Thread 0x0000020cd441d000 Exception <a 'java/lang/NoSuchMethodError'{0x000000008c43df70}: <clinit>> (0x000000008c43df70) thrown at [./src/hotspot/share/prims/jni.cpp, line 1366]
Event: 8101.510 Thread 0x0000020cd441d000 Exception <a 'java/lang/NoSuchMethodError'{0x000000008c44c0b8}: <clinit>> (0x000000008c44c0b8) thrown at [./src/hotspot/share/prims/jni.cpp, line 1366]
Event: 8101.675 Thread 0x0000020cd441d000 Exception <a 'java/lang/NoSuchMethodError'{0x000000008c0312e8}: <clinit>> (0x000000008c0312e8) thrown at [./src/hotspot/share/prims/jni.cpp, line 1366]
Event: 8102.749 Thread 0x0000020cd441d000 Exception <a 'sun/nio/fs/WindowsException'{0x000000008c0932c0}> (0x000000008c0932c0) thrown at [./src/hotspot/share/prims/jni.cpp, line 616]
Event: 8102.826 Thread 0x0000020cd441d000 Exception <a 'sun/nio/fs/WindowsException'{0x000000008bf37240}> (0x000000008bf37240) thrown at [./src/hotspot/share/prims/jni.cpp, line 616]
Event: 8102.826 Thread 0x0000020cd441d000 Exception <a 'sun/nio/fs/WindowsException'{0x000000008bf385b8}> (0x000000008bf385b8) thrown at [./src/hotspot/share/prims/jni.cpp, line 616]
Event: 8102.826 Thread 0x0000020cd441d000 Exception <a 'sun/nio/fs/WindowsException'{0x000000008bf39980}> (0x000000008bf39980) thrown at [./src/hotspot/share/prims/jni.cpp, line 616]
Event: 8102.827 Thread 0x0000020cd441d000 Exception <a 'sun/nio/fs/WindowsException'{0x000000008bf3ad48}> (0x000000008bf3ad48) thrown at [./src/hotspot/share/prims/jni.cpp, line 616]
Event: 8102.989 Thread 0x0000020cd441d000 Exception <a 'java/lang/NoSuchMethodError'{0x000000008cd28650}: 'int java.lang.invoke.DirectMethodHandle$Holder.invokeSpecialIFC(java.lang.Object, java.lang.Object, java.lang.Object)'> (0x000000008cd28650) thrown at [./src/hotspot/share/interpreter/linkResolver.cpp, line 773]
Event: 8103.128 Thread 0x0000020cd441d000 Exception <a 'java/lang/NoSuchMethodError'{0x000000008ca58908}: 'java.lang.Object java.lang.invoke.DelegatingMethodHandle$Holder.reinvoke_L(java.lang.Object, int, int, java.lang.Object, java.lang.Object, java.lang.Object)'> (0x000000008ca58908) thrown at [./src/hotspot/share/interpreter/linkResolver.cpp, line 773]

Events (20 events):
Event: 8109.560 loading class kotlin/reflect/jvm/internal/impl/load/java/JavaDescriptorVisibilities$1 done
Event: 8109.561 loading class kotlin/reflect/jvm/internal/impl/descriptors/java/JavaVisibilities$ProtectedStaticVisibility
Event: 8109.561 loading class kotlin/reflect/jvm/internal/impl/descriptors/java/JavaVisibilities$ProtectedStaticVisibility done
Event: 8109.562 loading class kotlin/reflect/jvm/internal/impl/load/java/JavaDescriptorVisibilities$2
Event: 8109.562 loading class kotlin/reflect/jvm/internal/impl/load/java/JavaDescriptorVisibilities$2 done
Event: 8109.563 loading class kotlin/reflect/jvm/internal/impl/descriptors/java/JavaVisibilities$ProtectedAndPackage
Event: 8109.563 loading class kotlin/reflect/jvm/internal/impl/descriptors/java/JavaVisibilities$ProtectedAndPackage done
Event: 8109.563 loading class kotlin/reflect/jvm/internal/impl/load/java/JavaDescriptorVisibilities$3
Event: 8109.563 loading class kotlin/reflect/jvm/internal/impl/load/java/JavaDescriptorVisibilities$3 done
Event: 8109.565 loading class kotlin/reflect/jvm/internal/impl/types/FlexibleTypesKt
Event: 8109.565 loading class kotlin/reflect/jvm/internal/impl/types/FlexibleTypesKt done
Event: 8109.567 loading class kotlin/Int
Event: 8109.567 loading class kotlin/Int done
Event: 8109.567 loading class kotlin/Int
Event: 8109.567 loading class kotlin/Int done
Event: 8109.574 loading class kotlin/reflect/jvm/internal/impl/metadata/deserialization/ProtoBufUtilKt
Event: 8109.574 loading class kotlin/reflect/jvm/internal/impl/metadata/deserialization/ProtoBufUtilKt done
Event: 8109.575 loading class kotlin/reflect/jvm/internal/JvmPropertySignature$KotlinProperty
Event: 8109.575 loading class kotlin/reflect/jvm/internal/JvmPropertySignature$KotlinProperty done
Event: 8109.575 Executing VM operation: G1CollectForAllocation


Dynamic libraries:
0x00007ff645980000 - 0x00007ff64598a000 	C:\Program Files\Android\Android Studio\jre\bin\java.exe
0x00007ff9e7250000 - 0x00007ff9e7464000 	C:\WINDOWS\SYSTEM32\ntdll.dll
0x00007ff9e5fd0000 - 0x00007ff9e6093000 	C:\WINDOWS\System32\KERNEL32.DLL
0x00007ff9e4740000 - 0x00007ff9e4adc000 	C:\WINDOWS\System32\KERNELBASE.dll
0x00007ff9e4f40000 - 0x00007ff9e5051000 	C:\WINDOWS\System32\ucrtbase.dll
0x00007ff9d8980000 - 0x00007ff9d8997000 	C:\Program Files\Android\Android Studio\jre\bin\VCRUNTIME140.dll
0x00007ff9d2200000 - 0x00007ff9d2219000 	C:\Program Files\Android\Android Studio\jre\bin\jli.dll
0x00007ff9e5d00000 - 0x00007ff9e5ead000 	C:\WINDOWS\System32\USER32.dll
0x00007ff9e4710000 - 0x00007ff9e4736000 	C:\WINDOWS\System32\win32u.dll
0x00007ff9cd780000 - 0x00007ff9cda0e000 	C:\WINDOWS\WinSxS\amd64_microsoft.windows.common-controls_6595b64144ccf1df_6.0.22621.608_none_a9444ca7c10bb01d\COMCTL32.dll
0x00007ff9e5b60000 - 0x00007ff9e5b89000 	C:\WINDOWS\System32\GDI32.dll
0x00007ff9e4e20000 - 0x00007ff9e4f32000 	C:\WINDOWS\System32\gdi32full.dll
0x00007ff9e5eb0000 - 0x00007ff9e5f57000 	C:\WINDOWS\System32\msvcrt.dll
0x00007ff9e4ba0000 - 0x00007ff9e4c3a000 	C:\WINDOWS\System32\msvcp_win.dll
0x00007ff9e5cc0000 - 0x00007ff9e5cf2000 	C:\WINDOWS\System32\IMM32.DLL
0x00007ff9ba590000 - 0x00007ff9ba62d000 	C:\Program Files\Android\Android Studio\jre\bin\msvcp140.dll
0x00007ff980340000 - 0x00007ff980e42000 	C:\Program Files\Android\Android Studio\jre\bin\server\jvm.dll
0x00007ff9e5b90000 - 0x00007ff9e5c3e000 	C:\WINDOWS\System32\ADVAPI32.dll
0x00007ff9e5260000 - 0x00007ff9e5304000 	C:\WINDOWS\System32\sechost.dll
0x00007ff9e5140000 - 0x00007ff9e5255000 	C:\WINDOWS\System32\RPCRT4.dll
0x00007ff9e6250000 - 0x00007ff9e6258000 	C:\WINDOWS\System32\PSAPI.DLL
0x00007ff9ddec0000 - 0x00007ff9ddef4000 	C:\WINDOWS\SYSTEM32\WINMM.dll
0x00007ff9e1940000 - 0x00007ff9e1949000 	C:\WINDOWS\SYSTEM32\WSOCK32.dll
0x00007ff9e6260000 - 0x00007ff9e62d1000 	C:\WINDOWS\System32\WS2_32.dll
0x00007ff9dfd70000 - 0x00007ff9dfd7a000 	C:\WINDOWS\SYSTEM32\VERSION.dll
0x00007ff9e36b0000 - 0x00007ff9e36c8000 	C:\WINDOWS\SYSTEM32\kernel.appcore.dll
0x00007ff9d6650000 - 0x00007ff9d6661000 	C:\Program Files\Android\Android Studio\jre\bin\verify.dll
0x00007ff9e2130000 - 0x00007ff9e235e000 	C:\WINDOWS\SYSTEM32\DBGHELP.DLL
0x00007ff9e63e0000 - 0x00007ff9e676a000 	C:\WINDOWS\System32\combase.dll
0x00007ff9e5060000 - 0x00007ff9e5137000 	C:\WINDOWS\System32\OLEAUT32.dll
0x00007ff9dbab0000 - 0x00007ff9dbae2000 	C:\WINDOWS\SYSTEM32\dbgcore.DLL
0x00007ff9e4690000 - 0x00007ff9e470b000 	C:\WINDOWS\System32\bcryptPrimitives.dll
0x00007ff9d5580000 - 0x00007ff9d55a9000 	C:\Program Files\Android\Android Studio\jre\bin\java.dll
0x00007ff9dbb00000 - 0x00007ff9dbb0b000 	C:\Program Files\Android\Android Studio\jre\bin\jimage.dll
0x00007ff9d6230000 - 0x00007ff9d6248000 	C:\Program Files\Android\Android Studio\jre\bin\zip.dll
0x00007ff9e5360000 - 0x00007ff9e5b4f000 	C:\WINDOWS\System32\SHELL32.dll
0x00007ff9e2630000 - 0x00007ff9e2ef8000 	C:\WINDOWS\SYSTEM32\windows.storage.dll
0x00007ff9e24f0000 - 0x00007ff9e262e000 	C:\WINDOWS\SYSTEM32\wintypes.dll
0x00007ff9e6770000 - 0x00007ff9e6861000 	C:\WINDOWS\System32\SHCORE.dll
0x00007ff9e6d30000 - 0x00007ff9e6d8e000 	C:\WINDOWS\System32\shlwapi.dll
0x00007ff9e45c0000 - 0x00007ff9e45e1000 	C:\WINDOWS\SYSTEM32\profapi.dll
0x00007ff9d5560000 - 0x00007ff9d557a000 	C:\Program Files\Android\Android Studio\jre\bin\net.dll
0x00007ff9d9c30000 - 0x00007ff9d9d5f000 	C:\WINDOWS\SYSTEM32\WINHTTP.dll
0x00007ff9e3b30000 - 0x00007ff9e3b99000 	C:\WINDOWS\system32\mswsock.dll
0x00007ff9d2220000 - 0x00007ff9d2234000 	C:\Program Files\Android\Android Studio\jre\bin\nio.dll
0x00007ff9d19b0000 - 0x00007ff9d19d7000 	C:\Users\90501\.gradle\native\e1d6ef7f7dcc3fd88c89a11ec53ec762bb8ba0a96d01ffa2cd45eb1d1d8dd5c5\windows-amd64\native-platform.dll
0x00007ff9ba3f0000 - 0x00007ff9ba534000 	C:\Users\90501\.gradle\native\0d407fdbe67a94daf76414ababcb853783967236a71b16ec16e742cd7a986fd3\windows-amd64\native-platform-file-events.dll
0x00007ff9db5e0000 - 0x00007ff9db5ea000 	C:\Program Files\Android\Android Studio\jre\bin\management.dll
0x00007ff9d97a0000 - 0x00007ff9d97ad000 	C:\Program Files\Android\Android Studio\jre\bin\management_ext.dll
0x00007ff9e3db0000 - 0x00007ff9e3dcb000 	C:\WINDOWS\SYSTEM32\CRYPTSP.dll
0x00007ff9e3620000 - 0x00007ff9e3655000 	C:\WINDOWS\system32\rsaenh.dll
0x00007ff9e3c40000 - 0x00007ff9e3c68000 	C:\WINDOWS\SYSTEM32\USERENV.dll
0x00007ff9e3f60000 - 0x00007ff9e3f88000 	C:\WINDOWS\SYSTEM32\bcrypt.dll
0x00007ff9e3da0000 - 0x00007ff9e3dac000 	C:\WINDOWS\SYSTEM32\CRYPTBASE.dll
0x00007ff9e3150000 - 0x00007ff9e317d000 	C:\WINDOWS\SYSTEM32\IPHLPAPI.DLL
0x00007ff9e6ac0000 - 0x00007ff9e6ac9000 	C:\WINDOWS\System32\NSI.dll
0x00007ff9d93c0000 - 0x00007ff9d93d9000 	C:\WINDOWS\SYSTEM32\dhcpcsvc6.DLL
0x00007ff9d93a0000 - 0x00007ff9d93bf000 	C:\WINDOWS\SYSTEM32\dhcpcsvc.DLL
0x00007ff9e3210000 - 0x00007ff9e3303000 	C:\WINDOWS\SYSTEM32\DNSAPI.dll
0x00007ff98ff80000 - 0x00007ff98ff97000 	C:\WINDOWS\system32\napinsp.dll
0x00007ff98ff60000 - 0x00007ff98ff7b000 	C:\WINDOWS\system32\pnrpnsp.dll
0x00007ff98ff40000 - 0x00007ff98ff51000 	C:\WINDOWS\System32\winrnr.dll
0x00007ff9d5d10000 - 0x00007ff9d5d25000 	C:\WINDOWS\system32\wshbth.dll
0x00007ff9a1190000 - 0x00007ff9a11b1000 	C:\WINDOWS\system32\nlansp_c.dll
0x00007ff9d9260000 - 0x00007ff9d926a000 	C:\Windows\System32\rasadhlp.dll
0x00007ff9d9270000 - 0x00007ff9d92f3000 	C:\WINDOWS\System32\fwpuclnt.dll

dbghelp: loaded successfully - version: 4.0.5 - missing functions: none
symbol engine: initialized successfully - sym options: 0x614 - pdb path: .;C:\Program Files\Android\Android Studio\jre\bin;C:\WINDOWS\SYSTEM32;C:\WINDOWS\WinSxS\amd64_microsoft.windows.common-controls_6595b64144ccf1df_6.0.22621.608_none_a9444ca7c10bb01d;C:\Program Files\Android\Android Studio\jre\bin\server;C:\Users\90501\.gradle\native\e1d6ef7f7dcc3fd88c89a11ec53ec762bb8ba0a96d01ffa2cd45eb1d1d8dd5c5\windows-amd64;C:\Users\90501\.gradle\native\0d407fdbe67a94daf76414ababcb853783967236a71b16ec16e742cd7a986fd3\windows-amd64

VM Arguments:
jvm_args: --add-opens=java.base/java.util=ALL-UNNAMED --add-opens=java.base/java.lang=ALL-UNNAMED --add-opens=java.base/java.lang.invoke=ALL-UNNAMED --add-opens=java.base/java.util=ALL-UNNAMED --add-opens=java.prefs/java.util.prefs=ALL-UNNAMED --add-opens=java.prefs/java.util.prefs=ALL-UNNAMED --add-opens=java.base/java.nio.charset=ALL-UNNAMED --add-opens=java.base/java.net=ALL-UNNAMED --add-opens=java.base/java.util.concurrent.atomic=ALL-UNNAMED -Xmx2048m -Dfile.encoding=UTF-8 -Duser.country=GB -Duser.language=en -Duser.variant 
java_command: org.gradle.launcher.daemon.bootstrap.GradleDaemon 7.4
java_class_path (initial): C:\Users\90501\.gradle\wrapper\dists\gradle-7.4-bin\c0gwcg53nkjbqw7r0h0umtfvt\gradle-7.4\lib\gradle-launcher-7.4.jar
Launcher Type: SUN_STANDARD

[Global flags]
     intx CICompilerCount                          = 4                                         {product} {ergonomic}
     uint ConcGCThreads                            = 2                                         {product} {ergonomic}
     uint G1ConcRefinementThreads                  = 8                                         {product} {ergonomic}
   size_t G1HeapRegionSize                         = 1048576                                   {product} {ergonomic}
    uintx GCDrainStackTargetSize                   = 64                                        {product} {ergonomic}
   size_t InitialHeapSize                          = 100663296                                 {product} {ergonomic}
   size_t MarkStackSize                            = 4194304                                   {product} {ergonomic}
   size_t MaxHeapSize                              = 2147483648                                {product} {command line}
   size_t MaxNewSize                               = 1287651328                                {product} {ergonomic}
   size_t MinHeapDeltaBytes                        = 1048576                                   {product} {ergonomic}
    uintx NonNMethodCodeHeapSize                   = 5836300                                {pd product} {ergonomic}
    uintx NonProfiledCodeHeapSize                  = 122910970                              {pd product} {ergonomic}
    uintx ProfiledCodeHeapSize                     = 122910970                              {pd product} {ergonomic}
    uintx ReservedCodeCacheSize                    = 251658240                              {pd product} {ergonomic}
     bool SegmentedCodeCache                       = true                                      {product} {ergonomic}
     bool UseCompressedClassPointers               = true                                 {lp64_product} {ergonomic}
     bool UseCompressedOops                        = true                                 {lp64_product} {ergonomic}
     bool UseG1GC                                  = true                                      {product} {ergonomic}
     bool UseLargePagesIndividualAllocation        = false                                  {pd product} {ergonomic}

Logging:
Log output configuration:
 #0: stdout all=warning uptime,level,tags
 #1: stderr all=off uptime,level,tags

Environment Variables:
PATH=C:\WINDOWS\system32;C:\WINDOWS;C:\WINDOWS\System32\Wbem;C:\WINDOWS\System32\WindowsPowerShell\v1.0\;C:\WINDOWS\System32\OpenSSH\;C:\Program Files\Git\cmd;C:\xampp\php;C:\composer;C:\Program Files\java\jdk-17.0.1;C:\Program Files\PuTTY\;C:\Users\90501\AppData\Local\Microsoft\WindowsApps;C:\Users\90501\AppData\Roaming\Composer\vendor\bin;C:\Users\90501\AppData\Local\Programs\Microsoft VS Code\bin;C:\Program Files\java\jdk-17.0.1\bin;
USERNAME=90501
OS=Windows_NT
PROCESSOR_IDENTIFIER=AMD64 Family 23 Model 24 Stepping 1, AuthenticAMD



---------------  S Y S T E M  ---------------

OS: Windows 11 , 64 bit Build 22621 (10.0.22621.1194)
OS uptime: 0 days 4:22 hours
Hyper-V role detected

CPU:total 8 (initial active 8) (8 cores per cpu, 2 threads per core) family 23 model 24 stepping 1 microcode 0x0, cmov, cx8, fxsr, mmx, sse, sse2, sse3, ssse3, sse4.1, sse4.2, popcnt, avx, avx2, aes, clmul, mmxext, 3dnowpref, lzcnt, sse4a, ht, tsc, tscinvbit, tscinv, bmi1, bmi2, adx, sha, fma

Memory: 4k page, system-wide physical 6058M (320M free)
TotalPageFile size 24490M (AvailPageFile size 13M)
current process WorkingSet (physical memory assigned to process): 406M, peak: 414M
current process commit charge ("private bytes"): 549M, peak: 591M

vm_info: OpenJDK 64-Bit Server VM (11.0.13+0-b1751.21-8125866) for windows-amd64 JRE (11.0.13+0-b1751.21-8125866), built on Feb  2 2022 03:00:22 by "builder" with MS VC++ 14.0 (VS2015)

END.
