#
# There is insufficient memory for the Java Runtime Environment to continue.
# Native memory allocation (malloc) failed to allocate 961056 bytes for Chunk::new
# Possible reasons:
#   The system is out of physical RAM or swap space
#   The process is running with CompressedOops enabled, and the Java Heap may be blocking the growth of the native heap
# Possible solutions:
#   Reduce memory load on the system
#   Increase physical memory or swap space
#   Check if swap backing store is full
#   Decrease Java heap size (-Xmx/-Xms)
#   Decrease number of Java threads
#   Decrease Java thread stack sizes (-Xss)
#   Set larger code cache with -XX:ReservedCodeCacheSize=
#   JVM is running with Unscaled Compressed Oops mode in which the Java heap is
#     placed in the first 4GB address space. The Java Heap base address is the
#     maximum limit for the native heap growth. Please use -XX:HeapBaseMinAddress
#     to set the Java Heap base and to place the Java Heap above 4GB virtual address.
# This output file may be truncated or incomplete.
#
#  Out of Memory Error (./src/hotspot/share/memory/arena.cpp:197), pid=20444, tid=24516
#
# JRE version: OpenJDK Runtime Environment (11.0.13) (build 11.0.13+0-b1751.21-8125866)
# Java VM: OpenJDK 64-Bit Server VM (11.0.13+0-b1751.21-8125866, mixed mode, tiered, compressed oops, g1 gc, windows-amd64)
# No core dump will be written. Minidumps are not enabled by default on client versions of Windows
#

---------------  S U M M A R Y ------------

Command Line: --add-opens=java.base/java.util=ALL-UNNAMED --add-opens=java.base/java.lang=ALL-UNNAMED --add-opens=java.base/java.lang.invoke=ALL-UNNAMED --add-opens=java.base/java.util=ALL-UNNAMED --add-opens=java.prefs/java.util.prefs=ALL-UNNAMED --add-opens=java.prefs/java.util.prefs=ALL-UNNAMED --add-opens=java.base/java.nio.charset=ALL-UNNAMED --add-opens=java.base/java.net=ALL-UNNAMED --add-opens=java.base/java.util.concurrent.atomic=ALL-UNNAMED -Xmx2048m -Dfile.encoding=UTF-8 -Duser.country=GB -Duser.language=en -Duser.variant org.gradle.launcher.daemon.bootstrap.GradleDaemon 7.4

Host: AMD Ryzen 7 3700U with Radeon Vega Mobile Gfx  , 8 cores, 5G,  Windows 11 , 64 bit Build 22621 (10.0.22621.1194)
Time: Thu Feb 23 17:58:20 2023 W. Europe Standard Time elapsed time: 8.308235 seconds (0d 0h 0m 8s)

---------------  T H R E A D  ---------------

Current thread (0x00000183ca145000):  JavaThread "C2 CompilerThread0" daemon [_thread_in_native, id=24516, stack(0x0000003781a00000,0x0000003781b00000)]


Current CompileTask:
C2:   8308 2149   !   4       java.net.URLClassLoader$1::run (81 bytes)

Stack: [0x0000003781a00000,0x0000003781b00000]
Native frames: (J=compiled Java code, j=interpreted, Vv=VM code, C=native code)
V  [jvm.dll+0x6100fa]
V  [jvm.dll+0x747090]
V  [jvm.dll+0x7486ad]
V  [jvm.dll+0x748d83]
V  [jvm.dll+0x24ab48]
V  [jvm.dll+0xc04dc]
V  [jvm.dll+0xc0a0c]
V  [jvm.dll+0x2bfab4]
V  [jvm.dll+0x524238]
V  [jvm.dll+0x20b193]
V  [jvm.dll+0x204ca0]
V  [jvm.dll+0x2023c2]
V  [jvm.dll+0x188e01]
V  [jvm.dll+0x21106b]
V  [jvm.dll+0x20f8c1]
V  [jvm.dll+0x70de0f]
V  [jvm.dll+0x706a75]
V  [jvm.dll+0x60ed66]
C  [ucrtbase.dll+0x29363]
C  [KERNEL32.DLL+0x126bd]
C  [ntdll.dll+0x5dfb8]


---------------  P R O C E S S  ---------------

Threads class SMR info:
_java_thread_list=0x00000183ceabec50, length=27, elements={
0x00000183afc86800, 0x00000183ca122000, 0x00000183ca12e800, 0x00000183caab2800,
0x00000183ca13f000, 0x00000183ca141000, 0x00000183ca145000, 0x00000183ca14c800,
0x00000183ca158800, 0x00000183cabf8800, 0x00000183cb629800, 0x00000183cc3c6800,
0x00000183cc40c000, 0x00000183ccb5c000, 0x00000183ccf3b800, 0x00000183cc4ca000,
0x00000183cce40800, 0x00000183cce41800, 0x00000183ccfdf000, 0x00000183ccf9e000,
0x00000183ccff1000, 0x00000183ccfec000, 0x00000183ccfee800, 0x00000183ccfed800,
0x00000183ccfef800, 0x00000183ccfeb800, 0x00000183ccff0000
}

Java Threads: ( => current thread )
  0x00000183afc86800 JavaThread "main" [_thread_blocked, id=18776, stack(0x0000003780e00000,0x0000003780f00000)]
  0x00000183ca122000 JavaThread "Reference Handler" daemon [_thread_blocked, id=15984, stack(0x0000003781500000,0x0000003781600000)]
  0x00000183ca12e800 JavaThread "Finalizer" daemon [_thread_blocked, id=24424, stack(0x0000003781600000,0x0000003781700000)]
  0x00000183caab2800 JavaThread "Signal Dispatcher" daemon [_thread_blocked, id=1908, stack(0x0000003781700000,0x0000003781800000)]
  0x00000183ca13f000 JavaThread "Attach Listener" daemon [_thread_blocked, id=19800, stack(0x0000003781800000,0x0000003781900000)]
  0x00000183ca141000 JavaThread "Service Thread" daemon [_thread_blocked, id=28420, stack(0x0000003781900000,0x0000003781a00000)]
=>0x00000183ca145000 JavaThread "C2 CompilerThread0" daemon [_thread_in_native, id=24516, stack(0x0000003781a00000,0x0000003781b00000)]
  0x00000183ca14c800 JavaThread "C1 CompilerThread0" daemon [_thread_blocked, id=23068, stack(0x0000003781b00000,0x0000003781c00000)]
  0x00000183ca158800 JavaThread "Sweeper thread" daemon [_thread_blocked, id=29380, stack(0x0000003781c00000,0x0000003781d00000)]
  0x00000183cabf8800 JavaThread "Common-Cleaner" daemon [_thread_blocked, id=22420, stack(0x0000003781d00000,0x0000003781e00000)]
  0x00000183cb629800 JavaThread "Daemon health stats" [_thread_blocked, id=27192, stack(0x0000003782000000,0x0000003782100000)]
  0x00000183cc3c6800 JavaThread "Incoming local TCP Connector on port 52393" [_thread_in_native, id=28340, stack(0x0000003782100000,0x0000003782200000)]
  0x00000183cc40c000 JavaThread "Daemon periodic checks" [_thread_blocked, id=27040, stack(0x0000003782200000,0x0000003782300000)]
  0x00000183ccb5c000 JavaThread "Daemon" [_thread_blocked, id=26476, stack(0x0000003782300000,0x0000003782400000)]
  0x00000183ccf3b800 JavaThread "Handler for socket connection from /127.0.0.1:52393 to /127.0.0.1:52394" [_thread_in_native, id=3524, stack(0x0000003782400000,0x0000003782500000)]
  0x00000183cc4ca000 JavaThread "Cancel handler" [_thread_blocked, id=28612, stack(0x0000003782500000,0x0000003782600000)]
  0x00000183cce40800 JavaThread "Daemon worker" [_thread_in_native, id=28988, stack(0x0000003782600000,0x0000003782700000)]
  0x00000183cce41800 JavaThread "Asynchronous log dispatcher for DefaultDaemonConnection: socket connection from /127.0.0.1:52393 to /127.0.0.1:52394" [_thread_blocked, id=29980, stack(0x0000003782700000,0x0000003782800000)]
  0x00000183ccfdf000 JavaThread "Stdin handler" [_thread_blocked, id=20588, stack(0x0000003782800000,0x0000003782900000)]
  0x00000183ccf9e000 JavaThread "Daemon client event forwarder" [_thread_blocked, id=4608, stack(0x0000003782900000,0x0000003782a00000)]
  0x00000183ccff1000 JavaThread "Cache worker for journal cache (C:\Users\90501\.gradle\caches\journal-1)" [_thread_blocked, id=27796, stack(0x0000003782a00000,0x0000003782b00000)]
  0x00000183ccfec000 JavaThread "File lock request listener" [_thread_in_native, id=4156, stack(0x0000003782b00000,0x0000003782c00000)]
  0x00000183ccfee800 JavaThread "Cache worker for file hash cache (C:\Users\90501\.gradle\caches\7.4\fileHashes)" [_thread_blocked, id=20792, stack(0x0000003782c00000,0x0000003782d00000)]
  0x00000183ccfed800 JavaThread "File watcher server" daemon [_thread_in_native, id=16672, stack(0x0000003783400000,0x0000003783500000)]
  0x00000183ccfef800 JavaThread "File watcher consumer" daemon [_thread_blocked, id=28628, stack(0x0000003783500000,0x0000003783600000)]
  0x00000183ccfeb800 JavaThread "Cache worker for checksums cache (C:\Users\90501\AndroidStudioProjects\Maptask\.gradle\7.4\checksums)" [_thread_blocked, id=15864, stack(0x0000003783600000,0x0000003783700000)]
  0x00000183ccff0000 JavaThread "Cache worker for cache directory md-rule (C:\Users\90501\.gradle\caches\7.4\md-rule)" [_thread_blocked, id=17000, stack(0x0000003783700000,0x0000003783800000)]

Other Threads:
  0x00000183ca120000 VMThread "VM Thread" [stack: 0x0000003781400000,0x0000003781500000] [id=18968]
  0x00000183cac7d000 WatcherThread [stack: 0x0000003781e00000,0x0000003781f00000] [id=9716]
  0x00000183afca1800 GCTaskThread "GC Thread#0" [stack: 0x0000003780f00000,0x0000003781000000] [id=26816]
  0x00000183cb5d8000 GCTaskThread "GC Thread#1" [stack: 0x0000003781f00000,0x0000003782000000] [id=28212]
  0x00000183cb0e5000 GCTaskThread "GC Thread#2" [stack: 0x0000003782d00000,0x0000003782e00000] [id=7492]
  0x00000183cac57000 GCTaskThread "GC Thread#3" [stack: 0x0000003782e00000,0x0000003782f00000] [id=29000]
  0x00000183cd04a000 GCTaskThread "GC Thread#4" [stack: 0x0000003782f00000,0x0000003783000000] [id=26196]
  0x00000183ccfd5800 GCTaskThread "GC Thread#5" [stack: 0x0000003783000000,0x0000003783100000] [id=26208]
  0x00000183cbaa9800 GCTaskThread "GC Thread#6" [stack: 0x0000003783100000,0x0000003783200000] [id=30068]
  0x00000183caadb800 GCTaskThread "GC Thread#7" [stack: 0x0000003783200000,0x0000003783300000] [id=2700]
  0x00000183afcd4000 ConcurrentGCThread "G1 Main Marker" [stack: 0x0000003781000000,0x0000003781100000] [id=12540]
  0x00000183afcd5000 ConcurrentGCThread "G1 Conc#0" [stack: 0x0000003781100000,0x0000003781200000] [id=7936]
  0x00000183cb0b5800 ConcurrentGCThread "G1 Conc#1" [stack: 0x0000003783300000,0x0000003783400000] [id=27456]
  0x00000183afd5d800 ConcurrentGCThread "G1 Refine#0" [stack: 0x0000003781200000,0x0000003781300000] [id=4264]
  0x00000183c9f71800 ConcurrentGCThread "G1 Young RemSet Sampling" [stack: 0x0000003781300000,0x0000003781400000] [id=25520]

Threads with active compile tasks:
C2 CompilerThread0   8357 2149   !   4       java.net.URLClassLoader$1::run (81 bytes)

VM state:not at safepoint (normal execution)

VM Mutex/Monitor currently owned by a thread: None

Heap address: 0x0000000080000000, size: 2048 MB, Compressed Oops mode: 32-bit
Narrow klass base: 0x0000000000000000, Narrow klass shift: 3
Compressed class space size: 1073741824 Address: 0x0000000100000000

Heap:
 garbage-first heap   total 98304K, used 52034K [0x0000000080000000, 0x0000000100000000)
  region size 1024K, 37 young (37888K), 4 survivors (4096K)
 Metaspace       used 28567K, capacity 29228K, committed 29308K, reserved 1075200K
  class space    used 3732K, capacity 3994K, committed 4044K, reserved 1048576K
Heap Regions: E=young(eden), S=young(survivor), O=old, HS=humongous(starts), HC=humongous(continues), CS=collection set, F=free, A=archive, TAMS=top-at-mark-start (previous, next)
|   0|0x0000000080000000, 0x0000000080100000, 0x0000000080100000|100%| O|  |TAMS 0x0000000080100000, 0x0000000080000000| Untracked 
|   1|0x0000000080100000, 0x0000000080200000, 0x0000000080200000|100%| O|  |TAMS 0x0000000080200000, 0x0000000080100000| Untracked 
|   2|0x0000000080200000, 0x0000000080300000, 0x0000000080300000|100%| O|  |TAMS 0x0000000080300000, 0x0000000080200000| Untracked 
|   3|0x0000000080300000, 0x0000000080400000, 0x0000000080400000|100%|HS|  |TAMS 0x0000000080400000, 0x0000000080300000| Complete 
|   4|0x0000000080400000, 0x0000000080500000, 0x0000000080500000|100%|HC|  |TAMS 0x0000000080500000, 0x0000000080400000| Complete 
|   5|0x0000000080500000, 0x0000000080600000, 0x0000000080600000|100%|HC|  |TAMS 0x0000000080600000, 0x0000000080500000| Complete 
|   6|0x0000000080600000, 0x0000000080700000, 0x0000000080700000|100%| O|  |TAMS 0x0000000080700000, 0x0000000080600000| Untracked 
|   7|0x0000000080700000, 0x0000000080800000, 0x0000000080800000|100%| O|  |TAMS 0x0000000080800000, 0x0000000080700000| Untracked 
|   8|0x0000000080800000, 0x0000000080900000, 0x0000000080900000|100%| O|  |TAMS 0x0000000080900000, 0x0000000080800000| Untracked 
|   9|0x0000000080900000, 0x0000000080a00000, 0x0000000080a00000|100%| O|  |TAMS 0x0000000080a00000, 0x0000000080900000| Untracked 
|  10|0x0000000080a00000, 0x0000000080b00000, 0x0000000080b00000|100%| O|  |TAMS 0x0000000080b00000, 0x0000000080a00000| Untracked 
|  11|0x0000000080b00000, 0x0000000080c00000, 0x0000000080c00000|100%| O|  |TAMS 0x0000000080c00000, 0x0000000080b00000| Untracked 
|  12|0x0000000080c00000, 0x0000000080d00000, 0x0000000080d00000|100%| O|  |TAMS 0x0000000080d00000, 0x0000000080c00000| Untracked 
|  13|0x0000000080d00000, 0x0000000080e00000, 0x0000000080e00000|100%| O|  |TAMS 0x0000000080e00000, 0x0000000080d00000| Untracked 
|  14|0x0000000080e00000, 0x0000000080ed0a00, 0x0000000080f00000| 81%| O|  |TAMS 0x0000000080ed0a00, 0x0000000080e00000| Untracked 
|  15|0x0000000080f00000, 0x0000000080f00000, 0x0000000081000000|  0%| F|  |TAMS 0x0000000080f00000, 0x0000000080f00000| Untracked 
|  16|0x0000000081000000, 0x0000000081000000, 0x0000000081100000|  0%| F|  |TAMS 0x0000000081000000, 0x0000000081000000| Untracked 
|  17|0x0000000081100000, 0x0000000081100000, 0x0000000081200000|  0%| F|  |TAMS 0x0000000081100000, 0x0000000081100000| Untracked 
|  18|0x0000000081200000, 0x0000000081200000, 0x0000000081300000|  0%| F|  |TAMS 0x0000000081200000, 0x0000000081200000| Untracked 
|  19|0x0000000081300000, 0x0000000081300000, 0x0000000081400000|  0%| F|  |TAMS 0x0000000081300000, 0x0000000081300000| Untracked 
|  20|0x0000000081400000, 0x0000000081400000, 0x0000000081500000|  0%| F|  |TAMS 0x0000000081400000, 0x0000000081400000| Untracked 
|  21|0x0000000081500000, 0x0000000081500000, 0x0000000081600000|  0%| F|  |TAMS 0x0000000081500000, 0x0000000081500000| Untracked 
|  22|0x0000000081600000, 0x0000000081600000, 0x0000000081700000|  0%| F|  |TAMS 0x0000000081600000, 0x0000000081600000| Untracked 
|  23|0x0000000081700000, 0x0000000081700000, 0x0000000081800000|  0%| F|  |TAMS 0x0000000081700000, 0x0000000081700000| Untracked 
|  24|0x0000000081800000, 0x0000000081800000, 0x0000000081900000|  0%| F|  |TAMS 0x0000000081800000, 0x0000000081800000| Untracked 
|  25|0x0000000081900000, 0x0000000081900000, 0x0000000081a00000|  0%| F|  |TAMS 0x0000000081900000, 0x0000000081900000| Untracked 
|  26|0x0000000081a00000, 0x0000000081a00000, 0x0000000081b00000|  0%| F|  |TAMS 0x0000000081a00000, 0x0000000081a00000| Untracked 
|  27|0x0000000081b00000, 0x0000000081b00000, 0x0000000081c00000|  0%| F|  |TAMS 0x0000000081b00000, 0x0000000081b00000| Untracked 
|  28|0x0000000081c00000, 0x0000000081c00000, 0x0000000081d00000|  0%| F|  |TAMS 0x0000000081c00000, 0x0000000081c00000| Untracked 
|  29|0x0000000081d00000, 0x0000000081d00000, 0x0000000081e00000|  0%| F|  |TAMS 0x0000000081d00000, 0x0000000081d00000| Untracked 
|  30|0x0000000081e00000, 0x0000000081e00000, 0x0000000081f00000|  0%| F|  |TAMS 0x0000000081e00000, 0x0000000081e00000| Untracked 
|  31|0x0000000081f00000, 0x0000000081f00000, 0x0000000082000000|  0%| F|  |TAMS 0x0000000081f00000, 0x0000000081f00000| Untracked 
|  32|0x0000000082000000, 0x0000000082000000, 0x0000000082100000|  0%| F|  |TAMS 0x0000000082000000, 0x0000000082000000| Untracked 
|  33|0x0000000082100000, 0x0000000082100000, 0x0000000082200000|  0%| F|  |TAMS 0x0000000082100000, 0x0000000082100000| Untracked 
|  34|0x0000000082200000, 0x0000000082200000, 0x0000000082300000|  0%| F|  |TAMS 0x0000000082200000, 0x0000000082200000| Untracked 
|  35|0x0000000082300000, 0x0000000082300000, 0x0000000082400000|  0%| F|  |TAMS 0x0000000082300000, 0x0000000082300000| Untracked 
|  36|0x0000000082400000, 0x0000000082400000, 0x0000000082500000|  0%| F|  |TAMS 0x0000000082400000, 0x0000000082400000| Untracked 
|  37|0x0000000082500000, 0x0000000082500000, 0x0000000082600000|  0%| F|  |TAMS 0x0000000082500000, 0x0000000082500000| Untracked 
|  38|0x0000000082600000, 0x0000000082600000, 0x0000000082700000|  0%| F|  |TAMS 0x0000000082600000, 0x0000000082600000| Untracked 
|  39|0x0000000082700000, 0x0000000082700000, 0x0000000082800000|  0%| F|  |TAMS 0x0000000082700000, 0x0000000082700000| Untracked 
|  40|0x0000000082800000, 0x0000000082800000, 0x0000000082900000|  0%| F|  |TAMS 0x0000000082800000, 0x0000000082800000| Untracked 
|  41|0x0000000082900000, 0x0000000082900000, 0x0000000082a00000|  0%| F|  |TAMS 0x0000000082900000, 0x0000000082900000| Untracked 
|  42|0x0000000082a00000, 0x0000000082a00000, 0x0000000082b00000|  0%| F|  |TAMS 0x0000000082a00000, 0x0000000082a00000| Untracked 
|  43|0x0000000082b00000, 0x0000000082c00000, 0x0000000082c00000|100%| S|CS|TAMS 0x0000000082b00000, 0x0000000082b00000| Complete 
|  44|0x0000000082c00000, 0x0000000082d00000, 0x0000000082d00000|100%| S|CS|TAMS 0x0000000082c00000, 0x0000000082c00000| Complete 
|  45|0x0000000082d00000, 0x0000000082e00000, 0x0000000082e00000|100%| S|CS|TAMS 0x0000000082d00000, 0x0000000082d00000| Complete 
|  46|0x0000000082e00000, 0x0000000082f00000, 0x0000000082f00000|100%| S|CS|TAMS 0x0000000082e00000, 0x0000000082e00000| Complete 
|  47|0x0000000082f00000, 0x0000000082f00000, 0x0000000083000000|  0%| F|  |TAMS 0x0000000082f00000, 0x0000000082f00000| Untracked 
|  48|0x0000000083000000, 0x0000000083000000, 0x0000000083100000|  0%| F|  |TAMS 0x0000000083000000, 0x0000000083000000| Untracked 
|  49|0x0000000083100000, 0x0000000083100000, 0x0000000083200000|  0%| F|  |TAMS 0x0000000083100000, 0x0000000083100000| Untracked 
|  50|0x0000000083200000, 0x0000000083200000, 0x0000000083300000|  0%| F|  |TAMS 0x0000000083200000, 0x0000000083200000| Untracked 
|  51|0x0000000083300000, 0x0000000083300000, 0x0000000083400000|  0%| F|  |TAMS 0x0000000083300000, 0x0000000083300000| Untracked 
|  52|0x0000000083400000, 0x0000000083400000, 0x0000000083500000|  0%| F|  |TAMS 0x0000000083400000, 0x0000000083400000| Untracked 
|  53|0x0000000083500000, 0x0000000083500000, 0x0000000083600000|  0%| F|  |TAMS 0x0000000083500000, 0x0000000083500000| Untracked 
|  54|0x0000000083600000, 0x0000000083600000, 0x0000000083700000|  0%| F|  |TAMS 0x0000000083600000, 0x0000000083600000| Untracked 
|  55|0x0000000083700000, 0x0000000083700000, 0x0000000083800000|  0%| F|  |TAMS 0x0000000083700000, 0x0000000083700000| Untracked 
|  56|0x0000000083800000, 0x0000000083800000, 0x0000000083900000|  0%| F|  |TAMS 0x0000000083800000, 0x0000000083800000| Untracked 
|  57|0x0000000083900000, 0x0000000083900000, 0x0000000083a00000|  0%| F|  |TAMS 0x0000000083900000, 0x0000000083900000| Untracked 
|  58|0x0000000083a00000, 0x0000000083a00000, 0x0000000083b00000|  0%| F|  |TAMS 0x0000000083a00000, 0x0000000083a00000| Untracked 
|  59|0x0000000083b00000, 0x0000000083b00000, 0x0000000083c00000|  0%| F|  |TAMS 0x0000000083b00000, 0x0000000083b00000| Untracked 
|  60|0x0000000083c00000, 0x0000000083c00000, 0x0000000083d00000|  0%| F|  |TAMS 0x0000000083c00000, 0x0000000083c00000| Untracked 
|  61|0x0000000083d00000, 0x0000000083d00000, 0x0000000083e00000|  0%| F|  |TAMS 0x0000000083d00000, 0x0000000083d00000| Untracked 
|  62|0x0000000083e00000, 0x0000000083e00000, 0x0000000083f00000|  0%| F|  |TAMS 0x0000000083e00000, 0x0000000083e00000| Untracked 
|  63|0x0000000083f00000, 0x0000000083f00800, 0x0000000084000000|  0%| E|  |TAMS 0x0000000083f00000, 0x0000000083f00000| Complete 
|  64|0x0000000084000000, 0x0000000084100000, 0x0000000084100000|100%| E|CS|TAMS 0x0000000084000000, 0x0000000084000000| Complete 
|  65|0x0000000084100000, 0x0000000084200000, 0x0000000084200000|100%| E|CS|TAMS 0x0000000084100000, 0x0000000084100000| Complete 
|  66|0x0000000084200000, 0x0000000084300000, 0x0000000084300000|100%| E|CS|TAMS 0x0000000084200000, 0x0000000084200000| Complete 
|  67|0x0000000084300000, 0x0000000084400000, 0x0000000084400000|100%| E|CS|TAMS 0x0000000084300000, 0x0000000084300000| Complete 
|  68|0x0000000084400000, 0x0000000084500000, 0x0000000084500000|100%| E|CS|TAMS 0x0000000084400000, 0x0000000084400000| Complete 
|  69|0x0000000084500000, 0x0000000084600000, 0x0000000084600000|100%| E|CS|TAMS 0x0000000084500000, 0x0000000084500000| Complete 
|  70|0x0000000084600000, 0x0000000084700000, 0x0000000084700000|100%| E|CS|TAMS 0x0000000084600000, 0x0000000084600000| Complete 
|  71|0x0000000084700000, 0x0000000084800000, 0x0000000084800000|100%| E|CS|TAMS 0x0000000084700000, 0x0000000084700000| Complete 
|  72|0x0000000084800000, 0x0000000084900000, 0x0000000084900000|100%| E|CS|TAMS 0x0000000084800000, 0x0000000084800000| Complete 
|  73|0x0000000084900000, 0x0000000084a00000, 0x0000000084a00000|100%| E|CS|TAMS 0x0000000084900000, 0x0000000084900000| Complete 
|  74|0x0000000084a00000, 0x0000000084b00000, 0x0000000084b00000|100%| E|CS|TAMS 0x0000000084a00000, 0x0000000084a00000| Complete 
|  75|0x0000000084b00000, 0x0000000084c00000, 0x0000000084c00000|100%| E|CS|TAMS 0x0000000084b00000, 0x0000000084b00000| Complete 
|  76|0x0000000084c00000, 0x0000000084d00000, 0x0000000084d00000|100%| E|CS|TAMS 0x0000000084c00000, 0x0000000084c00000| Complete 
|  77|0x0000000084d00000, 0x0000000084e00000, 0x0000000084e00000|100%| E|CS|TAMS 0x0000000084d00000, 0x0000000084d00000| Complete 
|  78|0x0000000084e00000, 0x0000000084f00000, 0x0000000084f00000|100%| E|CS|TAMS 0x0000000084e00000, 0x0000000084e00000| Complete 
|  79|0x0000000084f00000, 0x0000000085000000, 0x0000000085000000|100%| E|CS|TAMS 0x0000000084f00000, 0x0000000084f00000| Complete 
|  80|0x0000000085000000, 0x0000000085100000, 0x0000000085100000|100%| E|CS|TAMS 0x0000000085000000, 0x0000000085000000| Complete 
|  81|0x0000000085100000, 0x0000000085200000, 0x0000000085200000|100%| E|CS|TAMS 0x0000000085100000, 0x0000000085100000| Complete 
|  82|0x0000000085200000, 0x0000000085300000, 0x0000000085300000|100%| E|CS|TAMS 0x0000000085200000, 0x0000000085200000| Complete 
|  83|0x0000000085300000, 0x0000000085400000, 0x0000000085400000|100%| E|CS|TAMS 0x0000000085300000, 0x0000000085300000| Complete 
|  84|0x0000000085400000, 0x0000000085500000, 0x0000000085500000|100%| E|CS|TAMS 0x0000000085400000, 0x0000000085400000| Complete 
|  85|0x0000000085500000, 0x0000000085600000, 0x0000000085600000|100%| E|CS|TAMS 0x0000000085500000, 0x0000000085500000| Complete 
|  86|0x0000000085600000, 0x0000000085700000, 0x0000000085700000|100%| E|CS|TAMS 0x0000000085600000, 0x0000000085600000| Complete 
|  87|0x0000000085700000, 0x0000000085800000, 0x0000000085800000|100%| E|CS|TAMS 0x0000000085700000, 0x0000000085700000| Complete 
|  88|0x0000000085800000, 0x0000000085900000, 0x0000000085900000|100%| E|CS|TAMS 0x0000000085800000, 0x0000000085800000| Complete 
|  89|0x0000000085900000, 0x0000000085a00000, 0x0000000085a00000|100%| E|CS|TAMS 0x0000000085900000, 0x0000000085900000| Complete 
|  90|0x0000000085a00000, 0x0000000085b00000, 0x0000000085b00000|100%| E|CS|TAMS 0x0000000085a00000, 0x0000000085a00000| Complete 
|  91|0x0000000085b00000, 0x0000000085c00000, 0x0000000085c00000|100%| E|CS|TAMS 0x0000000085b00000, 0x0000000085b00000| Complete 
|  92|0x0000000085c00000, 0x0000000085d00000, 0x0000000085d00000|100%| E|CS|TAMS 0x0000000085c00000, 0x0000000085c00000| Complete 
|  93|0x0000000085d00000, 0x0000000085e00000, 0x0000000085e00000|100%| E|CS|TAMS 0x0000000085d00000, 0x0000000085d00000| Complete 
|  94|0x0000000085e00000, 0x0000000085f00000, 0x0000000085f00000|100%| E|CS|TAMS 0x0000000085e00000, 0x0000000085e00000| Complete 
|  95|0x0000000085f00000, 0x0000000086000000, 0x0000000086000000|100%| E|CS|TAMS 0x0000000085f00000, 0x0000000085f00000| Complete 

Card table byte_map: [0x00000183c2ed0000,0x00000183c32d0000] _byte_map_base: 0x00000183c2ad0000

Marking Bits (Prev, Next): (CMBitMap*) 0x00000183afccb560, (CMBitMap*) 0x00000183afccb528
 Prev Bits: [0x00000183c56d0000, 0x00000183c76d0000)
 Next Bits: [0x00000183c36d0000, 0x00000183c56d0000)

Polling page: 0x00000183adc20000

Metaspace:

Usage:
  Non-class:     24.64 MB capacity,    24.25 MB ( 98%) used,   340.08 KB (  1%) free+waste,    56.88 KB ( <1%) overhead. 
      Class:      3.90 MB capacity,     3.65 MB ( 93%) used,   232.13 KB (  6%) free+waste,    28.63 KB ( <1%) overhead. 
       Both:     28.54 MB capacity,    27.90 MB ( 98%) used,   572.20 KB (  2%) free+waste,    85.50 KB ( <1%) overhead. 

Virtual space:
  Non-class space:       26.00 MB reserved,      24.67 MB ( 95%) committed 
      Class space:        1.00 GB reserved,       3.95 MB ( <1%) committed 
             Both:        1.03 GB reserved,      28.62 MB (  3%) committed 

Chunk freelists:
   Non-Class:  30.00 KB
       Class:  6.00 KB
        Both:  36.00 KB

MaxMetaspaceSize: 17179869184.00 GB
CompressedClassSpaceSize: 1.00 GB
Initial GC threshold: 20.80 MB
Current GC threshold: 35.20 MB
CDS: off

CodeHeap 'non-profiled nmethods': size=120000Kb used=1115Kb max_used=1115Kb free=118884Kb
 bounds [0x00000183bb270000, 0x00000183bb4e0000, 0x00000183c27a0000]
CodeHeap 'profiled nmethods': size=120000Kb used=5224Kb max_used=5224Kb free=114775Kb
 bounds [0x00000183b3d40000, 0x00000183b4260000, 0x00000183bb270000]
CodeHeap 'non-nmethods': size=5760Kb used=1227Kb max_used=1271Kb free=4532Kb
 bounds [0x00000183b37a0000, 0x00000183b3a10000, 0x00000183b3d40000]
 total_blobs=2907 nmethods=2404 adapters=415
 compilation: enabled
              stopped_count=0, restarted_count=0
 full_count=0

Compilation events (20 events):
Event: 8.253 Thread 0x00000183ca14c800 2396       3       org.objectweb.asm.Type::<init> (26 bytes)
Event: 8.253 Thread 0x00000183ca14c800 nmethod 2396 0x00000183b424d490 code [0x00000183b424d640, 0x00000183b424d7f8]
Event: 8.253 Thread 0x00000183ca14c800 2386       1       java.lang.reflect.Method::getSharedExceptionTypes (5 bytes)
Event: 8.253 Thread 0x00000183ca14c800 nmethod 2386 0x00000183bb385b10 code [0x00000183bb385cc0, 0x00000183bb385d78]
Event: 8.256 Thread 0x00000183ca14c800 2398       3       java.lang.invoke.DirectMethodHandle$Holder::invokeStatic (15 bytes)
Event: 8.257 Thread 0x00000183ca14c800 nmethod 2398 0x00000183b424d890 code [0x00000183b424da60, 0x00000183b424df98]
Event: 8.281 Thread 0x00000183ca14c800 2399       3       org.objectweb.asm.Frame::getConcreteOutputType (111 bytes)
Event: 8.282 Thread 0x00000183ca14c800 nmethod 2399 0x00000183b424e090 code [0x00000183b424e260, 0x00000183b424e5f8]
Event: 8.282 Thread 0x00000183ca14c800 2400       3       org.objectweb.asm.ClassWriter::visitMethod (57 bytes)
Event: 8.282 Thread 0x00000183ca14c800 nmethod 2400 0x00000183b424e710 code [0x00000183b424e8e0, 0x00000183b424ec48]
Event: 8.282 Thread 0x00000183ca14c800 2403       3       org.objectweb.asm.ByteVector::<init> (13 bytes)
Event: 8.282 Thread 0x00000183ca14c800 nmethod 2403 0x00000183b424ed90 code [0x00000183b424ef40, 0x00000183b424f198]
Event: 8.282 Thread 0x00000183ca14c800 2405       3       org.objectweb.asm.ByteVector::putByteArray (49 bytes)
Event: 8.283 Thread 0x00000183ca14c800 nmethod 2405 0x00000183b424f290 code [0x00000183b424f460, 0x00000183b424f718]
Event: 8.283 Thread 0x00000183ca14c800 2401       3       org.objectweb.asm.MethodWriter::<init> (232 bytes)
Event: 8.284 Thread 0x00000183ca14c800 nmethod 2401 0x00000183b424f810 code [0x00000183b424fac0, 0x00000183b4250818]
Event: 8.284 Thread 0x00000183ca14c800 2402       3       org.objectweb.asm.MethodWriter::visitMaxs (60 bytes)
Event: 8.284 Thread 0x00000183ca14c800 nmethod 2402 0x00000183b4250d10 code [0x00000183b4250ee0, 0x00000183b4251158]
Event: 8.284 Thread 0x00000183ca14c800 2404       3       org.objectweb.asm.MethodWriter::endCurrentBasicBlockWithNoSuccessor (94 bytes)
Event: 8.285 Thread 0x00000183ca14c800 nmethod 2404 0x00000183b4251210 code [0x00000183b4251420, 0x00000183b4251a68]

GC Heap History (10 events):
Event: 1.513 GC heap before
{Heap before GC invocations=0 (full 0):
 garbage-first heap   total 98304K, used 29696K [0x0000000080000000, 0x0000000100000000)
  region size 1024K, 24 young (24576K), 0 survivors (0K)
 Metaspace       used 10182K, capacity 10393K, committed 10624K, reserved 1058816K
  class space    used 1046K, capacity 1108K, committed 1152K, reserved 1048576K
}
Event: 1.521 GC heap after
{Heap after GC invocations=1 (full 0):
 garbage-first heap   total 98304K, used 9765K [0x0000000080000000, 0x0000000100000000)
  region size 1024K, 3 young (3072K), 3 survivors (3072K)
 Metaspace       used 10182K, capacity 10393K, committed 10624K, reserved 1058816K
  class space    used 1046K, capacity 1108K, committed 1152K, reserved 1048576K
}
Event: 3.024 GC heap before
{Heap before GC invocations=1 (full 0):
 garbage-first heap   total 98304K, used 65061K [0x0000000080000000, 0x0000000100000000)
  region size 1024K, 57 young (58368K), 3 survivors (3072K)
 Metaspace       used 13201K, capacity 13529K, committed 13696K, reserved 1060864K
  class space    used 1431K, capacity 1559K, committed 1664K, reserved 1048576K
}
Event: 3.038 GC heap after
{Heap after GC invocations=2 (full 0):
 garbage-first heap   total 98304K, used 15248K [0x0000000080000000, 0x0000000100000000)
  region size 1024K, 8 young (8192K), 8 survivors (8192K)
 Metaspace       used 13201K, capacity 13529K, committed 13696K, reserved 1060864K
  class space    used 1431K, capacity 1559K, committed 1664K, reserved 1048576K
}
Event: 6.194 GC heap before
{Heap before GC invocations=2 (full 0):
 garbage-first heap   total 98304K, used 64400K [0x0000000080000000, 0x0000000100000000)
  region size 1024K, 56 young (57344K), 8 survivors (8192K)
 Metaspace       used 20770K, capacity 21082K, committed 21120K, reserved 1067008K
  class space    used 2517K, capacity 2650K, committed 2688K, reserved 1048576K
}
Event: 6.204 GC heap after
{Heap after GC invocations=3 (full 0):
 garbage-first heap   total 98304K, used 17749K [0x0000000080000000, 0x0000000100000000)
  region size 1024K, 3 young (3072K), 3 survivors (3072K)
 Metaspace       used 20770K, capacity 21082K, committed 21120K, reserved 1067008K
  class space    used 2517K, capacity 2650K, committed 2688K, reserved 1048576K
}
Event: 6.228 GC heap before
{Heap before GC invocations=3 (full 0):
 garbage-first heap   total 98304K, used 18773K [0x0000000080000000, 0x0000000100000000)
  region size 1024K, 5 young (5120K), 3 survivors (3072K)
 Metaspace       used 20859K, capacity 21196K, committed 21296K, reserved 1069056K
  class space    used 2533K, capacity 2688K, committed 2688K, reserved 1048576K
}
Event: 6.233 GC heap after
{Heap after GC invocations=4 (full 0):
 garbage-first heap   total 98304K, used 17710K [0x0000000080000000, 0x0000000100000000)
  region size 1024K, 3 young (3072K), 3 survivors (3072K)
 Metaspace       used 20859K, capacity 21196K, committed 21296K, reserved 1069056K
  class space    used 2533K, capacity 2688K, committed 2688K, reserved 1048576K
}
Event: 7.548 GC heap before
{Heap before GC invocations=5 (full 0):
 garbage-first heap   total 98304K, used 64814K [0x0000000080000000, 0x0000000100000000)
  region size 1024K, 49 young (50176K), 3 survivors (3072K)
 Metaspace       used 25618K, capacity 26165K, committed 26236K, reserved 1073152K
  class space    used 3298K, capacity 3520K, committed 3532K, reserved 1048576K
}
Event: 7.552 GC heap after
{Heap after GC invocations=6 (full 0):
 garbage-first heap   total 98304K, used 19266K [0x0000000080000000, 0x0000000100000000)
  region size 1024K, 4 young (4096K), 4 survivors (4096K)
 Metaspace       used 25618K, capacity 26165K, committed 26236K, reserved 1073152K
  class space    used 3298K, capacity 3520K, committed 3532K, reserved 1048576K
}

Deoptimization events (20 events):
Event: 6.814 Thread 0x00000183cce40800 Uncommon trap: trap_request=0xffffff4d fr.pc=0x00000183bb2bf5fc relative=0x000000000000023c
Event: 6.814 Thread 0x00000183cce40800 Uncommon trap: reason=unstable_if action=reinterpret pc=0x00000183bb2bf5fc method=java.util.concurrent.ConcurrentHashMap.get(Ljava/lang/Object;)Ljava/lang/Object; @ 76 c2
Event: 6.814 Thread 0x00000183cce40800 DEOPT PACKING pc=0x00000183bb2bf5fc sp=0x00000037826f8b50
Event: 6.814 Thread 0x00000183cce40800 DEOPT UNPACKING pc=0x00000183b37ea1af sp=0x00000037826f8ab8 mode 2
Event: 7.553 Thread 0x00000183cce40800 Uncommon trap: trap_request=0xffffff7e fr.pc=0x00000183bb36c628 relative=0x0000000000000168
Event: 7.553 Thread 0x00000183cce40800 Uncommon trap: reason=predicate action=maybe_recompile pc=0x00000183bb36c628 method=com.google.common.base.CharMatcher.indexIn(Ljava/lang/CharSequence;I)I @ 19 c2
Event: 7.553 Thread 0x00000183cce40800 DEOPT PACKING pc=0x00000183bb36c628 sp=0x00000037826fb850
Event: 7.553 Thread 0x00000183cce40800 DEOPT UNPACKING pc=0x00000183b37ea1af sp=0x00000037826fb7e0 mode 2
Event: 7.582 Thread 0x00000183cce40800 Uncommon trap: trap_request=0xffffff4d fr.pc=0x00000183bb303e44 relative=0x0000000000001484
Event: 7.582 Thread 0x00000183cce40800 Uncommon trap: reason=unstable_if action=reinterpret pc=0x00000183bb303e44 method=java.util.concurrent.ConcurrentHashMap.putVal(Ljava/lang/Object;Ljava/lang/Object;Z)Ljava/lang/Object; @ 231 c2
Event: 7.582 Thread 0x00000183cce40800 DEOPT PACKING pc=0x00000183bb303e44 sp=0x00000037826fcab0
Event: 7.582 Thread 0x00000183cce40800 DEOPT UNPACKING pc=0x00000183b37ea1af sp=0x00000037826fca30 mode 2
Event: 8.220 Thread 0x00000183cce40800 Uncommon trap: trap_request=0xffffff4d fr.pc=0x00000183bb33e9d8 relative=0x0000000000000218
Event: 8.220 Thread 0x00000183cce40800 Uncommon trap: reason=unstable_if action=reinterpret pc=0x00000183bb33e9d8 method=java.util.HashMap.hash(Ljava/lang/Object;)I @ 1 c2
Event: 8.220 Thread 0x00000183cce40800 DEOPT PACKING pc=0x00000183bb33e9d8 sp=0x00000037826f7ca0
Event: 8.220 Thread 0x00000183cce40800 DEOPT UNPACKING pc=0x00000183b37ea1af sp=0x00000037826f7bd8 mode 2
Event: 8.220 Thread 0x00000183cce40800 Uncommon trap: trap_request=0xffffff4d fr.pc=0x00000183bb346aac relative=0x000000000000008c
Event: 8.220 Thread 0x00000183cce40800 Uncommon trap: reason=unstable_if action=reinterpret pc=0x00000183bb346aac method=java.util.HashMap.hash(Ljava/lang/Object;)I @ 1 c2
Event: 8.220 Thread 0x00000183cce40800 DEOPT PACKING pc=0x00000183bb346aac sp=0x00000037826f7a10
Event: 8.220 Thread 0x00000183cce40800 DEOPT UNPACKING pc=0x00000183b37ea1af sp=0x00000037826f79a8 mode 2

Classes redefined (0 events):
No events

Internal exceptions (20 events):
Event: 6.271 Thread 0x00000183cce40800 Exception <a 'java/lang/NoSuchMethodError'{0x0000000085ffae70}: 'int java.lang.invoke.DirectMethodHandle$Holder.invokeSpecialIFC(java.lang.Object, java.lang.Object, java.lang.Object, java.lang.Object)'> (0x0000000085ffae70) thrown at [./src/hotspot/share/interpreter/linkResolver.cpp, line 773]
Event: 6.274 Thread 0x00000183cce40800 Exception <a 'java/lang/NoSuchMethodError'{0x0000000085e092c8}: 'java.lang.Object java.lang.invoke.DirectMethodHandle$Holder.invokeInterface(java.lang.Object, java.lang.Object, java.lang.Object)'> (0x0000000085e092c8) thrown at [./src/hotspot/share/interpreter/linkResolver.cpp, line 773]
Event: 6.275 Thread 0x00000183cce40800 Exception <a 'java/lang/IncompatibleClassChangeError'{0x0000000085e0c7a0}: Found class java.lang.Object, but interface was expected> (0x0000000085e0c7a0) thrown at [./src/hotspot/share/interpreter/linkResolver.cpp, line 839]
Event: 6.482 Thread 0x00000183cce40800 Exception <a 'java/lang/NoSuchMethodError'{0x000000008546ea08}: 'void java.lang.invoke.DirectMethodHandle$Holder.invokeSpecial(java.lang.Object, java.lang.Object, java.lang.Object, java.lang.Object, java.lang.Object)'> (0x000000008546ea08) thrown at [./src/hotspot/share/interpreter/linkResolver.cpp, line 773]
Event: 6.538 Thread 0x00000183cce40800 Exception <a 'java/lang/NoSuchMethodError'{0x00000000852967b8}: 'java.lang.Object java.lang.invoke.DirectMethodHandle$Holder.invokeSpecial(java.lang.Object, java.lang.Object, java.lang.Object, java.lang.Object, java.lang.Object, java.lang.Object, java.lang.Object, java.lang.Object, java.lang.Object)'> (0x00000000852967b8) thrown at [./src/hotspot/share/interpreter/linkResolver.cpp, line 773]
Event: 6.707 Thread 0x00000183cce40800 Exception <a 'java/lang/NoSuchMethodError'{0x00000000848f9fd0}: 'java.lang.Object java.lang.invoke.DirectMethodHandle$Holder.invokeVirtual(java.lang.Object, java.lang.Object, java.lang.Object, java.lang.Object)'> (0x00000000848f9fd0) thrown at [./src/hotspot/share/interpreter/linkResolver.cpp, line 773]
Event: 6.891 Thread 0x00000183cce40800 Exception <a 'java/lang/NoSuchMethodError'{0x0000000084149708}: 'void java.lang.invoke.DirectMethodHandle$Holder.invokeSpecial(java.lang.Object, java.lang.Object, java.lang.Object, java.lang.Object, java.lang.Object, java.lang.Object)'> (0x0000000084149708) thrown at [./src/hotspot/share/interpreter/linkResolver.cpp, line 773]
Event: 6.915 Thread 0x00000183cce40800 Exception <a 'java/lang/NoSuchMethodError'{0x00000000841b8990}: 'void java.lang.invoke.DirectMethodHandle$Holder.invokeSpecial(java.lang.Object, java.lang.Object, java.lang.Object, java.lang.Object, java.lang.Object, java.lang.Object, java.lang.Object)'> (0x00000000841b8990) thrown at [./src/hotspot/share/interpreter/linkResolver.cpp, line 773]
Event: 6.916 Thread 0x00000183cce40800 Exception <a 'java/lang/NoSuchMethodError'{0x00000000841c0e80}: 'java.lang.Object java.lang.invoke.Invokers$Holder.linkToTargetMethod(java.lang.Object, java.lang.Object, java.lang.Object, java.lang.Object, java.lang.Object, java.lang.Object)'> (0x00000000841c0e80) thrown at [./src/hotspot/share/interpreter/linkResolver.cpp, line 773]
Event: 6.986 Thread 0x00000183cce40800 Exception <a 'java/lang/NoSuchMethodError'{0x0000000083f895f0}: 'java.lang.Object java.lang.invoke.DirectMethodHandle$Holder.invokeVirtual(java.lang.Object, java.lang.Object, java.lang.Object, java.lang.Object, java.lang.Object, java.lang.Object, java.lang.Object, java.lang.Object, java.lang.Object, java.lang.Object, java.lang.Object, java.lang.Object, java.lang.Object, java.lang.Object, java.lang.Object, java.lang.Object, java.lang.Object, java.lang.Object, java.lang.Object, java.lang.Object, java.lang.Ob
Event: 7.157 Thread 0x00000183cce40800 Exception <a 'java/lang/NoSuchMethodError'{0x00000000837c6280}: 'int java.lang.invoke.DirectMethodHandle$Holder.invokeStaticInit(java.lang.Object, java.lang.Object, java.lang.Object)'> (0x00000000837c6280) thrown at [./src/hotspot/share/interpreter/linkResolver.cpp, line 773]
Event: 7.386 Thread 0x00000183cce40800 Exception <a 'java/lang/NoSuchMethodError'{0x0000000083256388}: 'void java.lang.invoke.DirectMethodHandle$Holder.invokeStaticInit(java.lang.Object, java.lang.Object)'> (0x0000000083256388) thrown at [./src/hotspot/share/interpreter/linkResolver.cpp, line 773]
Event: 7.621 Thread 0x00000183cce40800 Exception <a 'java/lang/NoSuchMethodError'{0x0000000085d25be8}: 'void java.lang.invoke.DirectMethodHandle$Holder.invokeStatic(java.lang.Object, java.lang.Object, java.lang.Object, java.lang.Object)'> (0x0000000085d25be8) thrown at [./src/hotspot/share/interpreter/linkResolver.cpp, line 773]
Event: 7.627 Thread 0x00000183cce40800 Exception <a 'java/lang/NoSuchMethodError'{0x0000000085d44d50}: 'int java.lang.invoke.DirectMethodHandle$Holder.invokeVirtual(java.lang.Object, java.lang.Object)'> (0x0000000085d44d50) thrown at [./src/hotspot/share/interpreter/linkResolver.cpp, line 773]
Event: 7.631 Thread 0x00000183cce40800 Exception <a 'java/lang/NoSuchMethodError'{0x0000000085d5d8c0}: 'java.lang.Object java.lang.invoke.DirectMethodHandle$Holder.invokeVirtual(java.lang.Object, java.lang.Object, java.lang.Object)'> (0x0000000085d5d8c0) thrown at [./src/hotspot/share/interpreter/linkResolver.cpp, line 773]
Event: 7.636 Thread 0x00000183cce40800 Exception <a 'java/lang/NoSuchMethodError'{0x0000000085d7abd0}: 'int java.lang.invoke.DirectMethodHandle$Holder.invokeVirtual(java.lang.Object, java.lang.Object, java.lang.Object)'> (0x0000000085d7abd0) thrown at [./src/hotspot/share/interpreter/linkResolver.cpp, line 773]
Event: 7.700 Thread 0x00000183cce40800 Exception <a 'java/lang/NoSuchMethodError'{0x0000000085bbed28}: 'void java.lang.invoke.DirectMethodHandle$Holder.invokeSpecial(java.lang.Object, java.lang.Object)'> (0x0000000085bbed28) thrown at [./src/hotspot/share/interpreter/linkResolver.cpp, line 773]
Event: 8.015 Thread 0x00000183cce40800 Exception <a 'java/lang/NoSuchMethodError'{0x0000000084c5fa00}: 'java.lang.Object java.lang.invoke.DirectMethodHandle$Holder.invokeSpecialIFC(java.lang.Object, java.lang.Object, java.lang.Object, java.lang.Object)'> (0x0000000084c5fa00) thrown at [./src/hotspot/share/interpreter/linkResolver.cpp, line 773]
Event: 8.220 Thread 0x00000183cce40800 Implicit null exception at 0x00000183bb33e7f5 to 0x00000183bb33e9c8
Event: 8.220 Thread 0x00000183cce40800 Implicit null exception at 0x00000183bb346a2f to 0x00000183bb346a9d

Events (20 events):
Event: 8.298 loading class org/gradle/api/internal/artifacts/dsl/dependencies/LockEntryFilter
Event: 8.298 loading class org/gradle/api/internal/artifacts/dsl/dependencies/LockEntryFilter done
Event: 8.299 loading class org/gradle/api/artifacts/component/ModuleComponentIdentifier
Event: 8.299 loading class org/gradle/api/artifacts/component/ModuleComponentIdentifier done
Event: 8.299 loading class org/gradle/api/artifacts/component/ModuleComponentIdentifier
Event: 8.299 loading class org/gradle/api/artifacts/component/ModuleComponentIdentifier done
Event: 8.299 loading class org/gradle/api/internal/artifacts/dsl/dependencies/LockEntryFilter
Event: 8.299 loading class org/gradle/api/internal/artifacts/dsl/dependencies/LockEntryFilter done
Event: 8.300 loading class org/gradle/api/artifacts/component/ModuleComponentIdentifier
Event: 8.300 loading class org/gradle/api/artifacts/component/ModuleComponentIdentifier done
Event: 8.300 loading class org/gradle/api/internal/artifacts/dsl/dependencies/LockEntryFilter
Event: 8.300 loading class org/gradle/api/internal/artifacts/dsl/dependencies/LockEntryFilter done
Event: 8.300 loading class org/gradle/api/artifacts/dsl/LockMode
Event: 8.300 loading class org/gradle/api/artifacts/dsl/LockMode done
Event: 8.301 loading class org/gradle/api/internal/file/DefaultFilePropertyFactory$DefaultRegularFileVar
Event: 8.301 loading class org/gradle/api/internal/file/DefaultFilePropertyFactory$DefaultRegularFileVar done
Event: 8.302 loading class org/gradle/api/internal/file/DefaultFilePropertyFactory$AbstractFileVar
Event: 8.302 loading class org/gradle/api/internal/file/DefaultFilePropertyFactory$AbstractFileVar done
Event: 8.304 loading class org/gradle/api/internal/provider/CollectionSupplier
Event: 8.304 loading class org/gradle/api/internal/provider/CollectionSupplier done


Dynamic libraries:
0x00007ff645980000 - 0x00007ff64598a000 	C:\Program Files\Android\Android Studio\jre\bin\java.exe
0x00007ff9e7250000 - 0x00007ff9e7464000 	C:\WINDOWS\SYSTEM32\ntdll.dll
0x00007ff9e5fd0000 - 0x00007ff9e6093000 	C:\WINDOWS\System32\KERNEL32.DLL
0x00007ff9e4740000 - 0x00007ff9e4adc000 	C:\WINDOWS\System32\KERNELBASE.dll
0x00007ff9e4f40000 - 0x00007ff9e5051000 	C:\WINDOWS\System32\ucrtbase.dll
0x00007ff9d8980000 - 0x00007ff9d8997000 	C:\Program Files\Android\Android Studio\jre\bin\VCRUNTIME140.dll
0x00007ff9d2200000 - 0x00007ff9d2219000 	C:\Program Files\Android\Android Studio\jre\bin\jli.dll
0x00007ff9e5d00000 - 0x00007ff9e5ead000 	C:\WINDOWS\System32\USER32.dll
0x00007ff9e4710000 - 0x00007ff9e4736000 	C:\WINDOWS\System32\win32u.dll
0x00007ff9cd780000 - 0x00007ff9cda0e000 	C:\WINDOWS\WinSxS\amd64_microsoft.windows.common-controls_6595b64144ccf1df_6.0.22621.608_none_a9444ca7c10bb01d\COMCTL32.dll
0x00007ff9e5b60000 - 0x00007ff9e5b89000 	C:\WINDOWS\System32\GDI32.dll
0x00007ff9e4e20000 - 0x00007ff9e4f32000 	C:\WINDOWS\System32\gdi32full.dll
0x00007ff9e5eb0000 - 0x00007ff9e5f57000 	C:\WINDOWS\System32\msvcrt.dll
0x00007ff9e4ba0000 - 0x00007ff9e4c3a000 	C:\WINDOWS\System32\msvcp_win.dll
0x00007ff9e5cc0000 - 0x00007ff9e5cf2000 	C:\WINDOWS\System32\IMM32.DLL
0x00007ff9ba590000 - 0x00007ff9ba62d000 	C:\Program Files\Android\Android Studio\jre\bin\msvcp140.dll
0x00007ff980340000 - 0x00007ff980e42000 	C:\Program Files\Android\Android Studio\jre\bin\server\jvm.dll
0x00007ff9e5b90000 - 0x00007ff9e5c3e000 	C:\WINDOWS\System32\ADVAPI32.dll
0x00007ff9e5260000 - 0x00007ff9e5304000 	C:\WINDOWS\System32\sechost.dll
0x00007ff9e5140000 - 0x00007ff9e5255000 	C:\WINDOWS\System32\RPCRT4.dll
0x00007ff9e6250000 - 0x00007ff9e6258000 	C:\WINDOWS\System32\PSAPI.DLL
0x00007ff9dfd70000 - 0x00007ff9dfd7a000 	C:\WINDOWS\SYSTEM32\VERSION.dll
0x00007ff9e1940000 - 0x00007ff9e1949000 	C:\WINDOWS\SYSTEM32\WSOCK32.dll
0x00007ff9ddec0000 - 0x00007ff9ddef4000 	C:\WINDOWS\SYSTEM32\WINMM.dll
0x00007ff9e6260000 - 0x00007ff9e62d1000 	C:\WINDOWS\System32\WS2_32.dll
0x00007ff9e36b0000 - 0x00007ff9e36c8000 	C:\WINDOWS\SYSTEM32\kernel.appcore.dll
0x00007ff9d6650000 - 0x00007ff9d6661000 	C:\Program Files\Android\Android Studio\jre\bin\verify.dll
0x00007ff9e2130000 - 0x00007ff9e235e000 	C:\WINDOWS\SYSTEM32\DBGHELP.DLL
0x00007ff9e63e0000 - 0x00007ff9e676a000 	C:\WINDOWS\System32\combase.dll
0x00007ff9e5060000 - 0x00007ff9e5137000 	C:\WINDOWS\System32\OLEAUT32.dll
0x00007ff9dbab0000 - 0x00007ff9dbae2000 	C:\WINDOWS\SYSTEM32\dbgcore.DLL
0x00007ff9e4690000 - 0x00007ff9e470b000 	C:\WINDOWS\System32\bcryptPrimitives.dll
0x00007ff9d5580000 - 0x00007ff9d55a9000 	C:\Program Files\Android\Android Studio\jre\bin\java.dll
0x00007ff9dbb00000 - 0x00007ff9dbb0b000 	C:\Program Files\Android\Android Studio\jre\bin\jimage.dll
0x00007ff9d6230000 - 0x00007ff9d6248000 	C:\Program Files\Android\Android Studio\jre\bin\zip.dll
0x00007ff9e5360000 - 0x00007ff9e5b4f000 	C:\WINDOWS\System32\SHELL32.dll
0x00007ff9e2630000 - 0x00007ff9e2ef8000 	C:\WINDOWS\SYSTEM32\windows.storage.dll
0x00007ff9e24f0000 - 0x00007ff9e262e000 	C:\WINDOWS\SYSTEM32\wintypes.dll
0x00007ff9e6770000 - 0x00007ff9e6861000 	C:\WINDOWS\System32\SHCORE.dll
0x00007ff9e6d30000 - 0x00007ff9e6d8e000 	C:\WINDOWS\System32\shlwapi.dll
0x00007ff9e45c0000 - 0x00007ff9e45e1000 	C:\WINDOWS\SYSTEM32\profapi.dll
0x00007ff9d5560000 - 0x00007ff9d557a000 	C:\Program Files\Android\Android Studio\jre\bin\net.dll
0x00007ff9d9c30000 - 0x00007ff9d9d5f000 	C:\WINDOWS\SYSTEM32\WINHTTP.dll
0x00007ff9e3b30000 - 0x00007ff9e3b99000 	C:\WINDOWS\system32\mswsock.dll
0x00007ff9d2220000 - 0x00007ff9d2234000 	C:\Program Files\Android\Android Studio\jre\bin\nio.dll
0x00007ff9d9950000 - 0x00007ff9d9977000 	C:\Users\90501\.gradle\native\e1d6ef7f7dcc3fd88c89a11ec53ec762bb8ba0a96d01ffa2cd45eb1d1d8dd5c5\windows-amd64\native-platform.dll
0x00007ff9ba220000 - 0x00007ff9ba364000 	C:\Users\90501\.gradle\native\0d407fdbe67a94daf76414ababcb853783967236a71b16ec16e742cd7a986fd3\windows-amd64\native-platform-file-events.dll
0x00007ff9db5e0000 - 0x00007ff9db5ea000 	C:\Program Files\Android\Android Studio\jre\bin\management.dll
0x00007ff9d97a0000 - 0x00007ff9d97ad000 	C:\Program Files\Android\Android Studio\jre\bin\management_ext.dll
0x00007ff9e3db0000 - 0x00007ff9e3dcb000 	C:\WINDOWS\SYSTEM32\CRYPTSP.dll
0x00007ff9e3620000 - 0x00007ff9e3655000 	C:\WINDOWS\system32\rsaenh.dll
0x00007ff9e3c40000 - 0x00007ff9e3c68000 	C:\WINDOWS\SYSTEM32\USERENV.dll
0x00007ff9e3f60000 - 0x00007ff9e3f88000 	C:\WINDOWS\SYSTEM32\bcrypt.dll
0x00007ff9e3da0000 - 0x00007ff9e3dac000 	C:\WINDOWS\SYSTEM32\CRYPTBASE.dll
0x00007ff9e3150000 - 0x00007ff9e317d000 	C:\WINDOWS\SYSTEM32\IPHLPAPI.DLL
0x00007ff9e6ac0000 - 0x00007ff9e6ac9000 	C:\WINDOWS\System32\NSI.dll
0x00007ff9d93c0000 - 0x00007ff9d93d9000 	C:\WINDOWS\SYSTEM32\dhcpcsvc6.DLL
0x00007ff9d93a0000 - 0x00007ff9d93bf000 	C:\WINDOWS\SYSTEM32\dhcpcsvc.DLL
0x00007ff9e3210000 - 0x00007ff9e3303000 	C:\WINDOWS\SYSTEM32\DNSAPI.dll

dbghelp: loaded successfully - version: 4.0.5 - missing functions: none
symbol engine: initialized successfully - sym options: 0x614 - pdb path: .;C:\Program Files\Android\Android Studio\jre\bin;C:\WINDOWS\SYSTEM32;C:\WINDOWS\WinSxS\amd64_microsoft.windows.common-controls_6595b64144ccf1df_6.0.22621.608_none_a9444ca7c10bb01d;C:\Program Files\Android\Android Studio\jre\bin\server;C:\Users\90501\.gradle\native\e1d6ef7f7dcc3fd88c89a11ec53ec762bb8ba0a96d01ffa2cd45eb1d1d8dd5c5\windows-amd64;C:\Users\90501\.gradle\native\0d407fdbe67a94daf76414ababcb853783967236a71b16ec16e742cd7a986fd3\windows-amd64

VM Arguments:
jvm_args: --add-opens=java.base/java.util=ALL-UNNAMED --add-opens=java.base/java.lang=ALL-UNNAMED --add-opens=java.base/java.lang.invoke=ALL-UNNAMED --add-opens=java.base/java.util=ALL-UNNAMED --add-opens=java.prefs/java.util.prefs=ALL-UNNAMED --add-opens=java.prefs/java.util.prefs=ALL-UNNAMED --add-opens=java.base/java.nio.charset=ALL-UNNAMED --add-opens=java.base/java.net=ALL-UNNAMED --add-opens=java.base/java.util.concurrent.atomic=ALL-UNNAMED -Xmx2048m -Dfile.encoding=UTF-8 -Duser.country=GB -Duser.language=en -Duser.variant 
java_command: org.gradle.launcher.daemon.bootstrap.GradleDaemon 7.4
java_class_path (initial): C:\Users\90501\.gradle\wrapper\dists\gradle-7.4-bin\c0gwcg53nkjbqw7r0h0umtfvt\gradle-7.4\lib\gradle-launcher-7.4.jar
Launcher Type: SUN_STANDARD

[Global flags]
     intx CICompilerCount                          = 4                                         {product} {ergonomic}
     uint ConcGCThreads                            = 2                                         {product} {ergonomic}
     uint G1ConcRefinementThreads                  = 8                                         {product} {ergonomic}
   size_t G1HeapRegionSize                         = 1048576                                   {product} {ergonomic}
    uintx GCDrainStackTargetSize                   = 64                                        {product} {ergonomic}
   size_t InitialHeapSize                          = 100663296                                 {product} {ergonomic}
   size_t MarkStackSize                            = 4194304                                   {product} {ergonomic}
   size_t MaxHeapSize                              = 2147483648                                {product} {command line}
   size_t MaxNewSize                               = 1287651328                                {product} {ergonomic}
   size_t MinHeapDeltaBytes                        = 1048576                                   {product} {ergonomic}
    uintx NonNMethodCodeHeapSize                   = 5836300                                {pd product} {ergonomic}
    uintx NonProfiledCodeHeapSize                  = 122910970                              {pd product} {ergonomic}
    uintx ProfiledCodeHeapSize                     = 122910970                              {pd product} {ergonomic}
    uintx ReservedCodeCacheSize                    = 251658240                              {pd product} {ergonomic}
     bool SegmentedCodeCache                       = true                                      {product} {ergonomic}
     bool UseCompressedClassPointers               = true                                 {lp64_product} {ergonomic}
     bool UseCompressedOops                        = true                                 {lp64_product} {ergonomic}
     bool UseG1GC                                  = true                                      {product} {ergonomic}
     bool UseLargePagesIndividualAllocation        = false                                  {pd product} {ergonomic}

Logging:
Log output configuration:
 #0: stdout all=warning uptime,level,tags
 #1: stderr all=off uptime,level,tags

Environment Variables:
PATH=C:\WINDOWS\system32;C:\WINDOWS;C:\WINDOWS\System32\Wbem;C:\WINDOWS\System32\WindowsPowerShell\v1.0\;C:\WINDOWS\System32\OpenSSH\;C:\Program Files\Git\cmd;C:\xampp\php;C:\composer;C:\Program Files\java\jdk-17.0.1;C:\Program Files\PuTTY\;C:\Users\90501\AppData\Local\Microsoft\WindowsApps;C:\Users\90501\AppData\Roaming\Composer\vendor\bin;C:\Users\90501\AppData\Local\Programs\Microsoft VS Code\bin;C:\Program Files\java\jdk-17.0.1\bin;
USERNAME=90501
OS=Windows_NT
PROCESSOR_IDENTIFIER=AMD64 Family 23 Model 24 Stepping 1, AuthenticAMD



---------------  S Y S T E M  ---------------

OS: Windows 11 , 64 bit Build 22621 (10.0.22621.1194)
OS uptime: 0 days 5:27 hours
Hyper-V role detected

CPU:total 8 (initial active 8) (8 cores per cpu, 2 threads per core) family 23 model 24 stepping 1 microcode 0x0, cmov, cx8, fxsr, mmx, sse, sse2, sse3, ssse3, sse4.1, sse4.2, popcnt, avx, avx2, aes, clmul, mmxext, 3dnowpref, lzcnt, sse4a, ht, tsc, tscinvbit, tscinv, bmi1, bmi2, adx, sha, fma

Memory: 4k page, system-wide physical 6058M (172M free)
TotalPageFile size 24490M (AvailPageFile size 3M)
current process WorkingSet (physical memory assigned to process): 195M, peak: 195M
current process commit charge ("private bytes"): 249M, peak: 250M

vm_info: OpenJDK 64-Bit Server VM (11.0.13+0-b1751.21-8125866) for windows-amd64 JRE (11.0.13+0-b1751.21-8125866), built on Feb  2 2022 03:00:22 by "builder" with MS VC++ 14.0 (VS2015)

END.
